Release: ASIP Programmer U-2022.12-TGT-230622
Tool: chessmk version U-2022.12#3eec2545bc#230622
Copyright 2014-2022 Synopsys, Inc.
This Synopsys software and all associated documentation are proprietary to
Synopsys, Inc. and may only be used pursuant to the terms and conditions of a
written license agreement with Synopsys, Inc. All other use, reproduction,
modification, or distribution of the Synopsys software or the associated
documentation is strictly prohibited.

Configuration: Release_LLVM
Compiling "7_2.cc"
chess-clang --chess-verbose -I/usr/xilinx/Vitis/2023.2/aietools/data/versal_prod/lib --chess-proc-dir=/usr/xilinx/Vitis/2023.2/aietools/data/versal_prod/lib -S -nostdlibinc -D__chess__ -D__tct_release__=2212 -g -I/usr/xilinx/Vitis/2023.2/aietools/include -I/media/4T/home/xianyijiang/my_sparta/aie/. -I/media/4T/home/xianyijiang/my_sparta/aie/./ProcessUnit -I/media/4T/home/xianyijiang/my_sparta/aie/. -I/media/4T/home/xianyijiang/my_sparta/aie/./aie -I/media/4T/home/xianyijiang/my_sparta/aie/media/4T/home/xianyijiang/my_sparta/aie/. -I/media/4T/home/xianyijiang/my_sparta/aie/media/4T/home/xianyijiang/my_sparta/aie/./aie -I/media/4T/home/xianyijiang/my_sparta/aie/usr/xilinx/Vitis/2023.2/aietools/include -I/usr/xilinx/Vitis/2023.2/aietools/include -I/usr/xilinx/Vitis/2023.2/aietools/data/versal_prod/lib/runtime_cxx/libcxx-lite/include -I/usr/xilinx/Vitis/2023.2/aietools/data/versal_prod/lib/runtime_cxx/libs/libcxx-9.0.0/include-lite -I/usr/xilinx/Vitis/2023.2/aietools/data/versal_prod/lib/runtime/include -D__AIENGINE__ -D__AIE_ARCH__=10 -DDEPLOYMENT_ELF=1 -D__LOCK_FENCE_MODE__=0 -DAIE_OPTION_SCALAR_FLOAT_ON_VECTOR -D__tct_tgt__=230622 -xc++ -O2 -include aie_core.h -std=c++2a -fno-builtin-memcpy -mllvm -disable-lsr -mllvm -replexitval=never -mllvm -enable-load-pre=false -mllvm -chess-disable-add-to-or -mllvm -chess-combine-gep-indices=none -mllvm -chess-disable-fold-phi-of-loads -mllvm -chess-aainfo2chains-algo=4 -mllvm -chess-aggressive-aainfo=false -mllvm -chess-enable-indvarsimplify=0 -fchess-register-c++-static-destructors-as-global-dtors -Werror=return-type -mllvm -chess-disable-cse-across-loopboundary -mllvm -chess-tbaa-detect-common-underlying-object=true -mllvm -chess-protect-llvm-global-reg-access=true -mllvm -chess-enable-c-pragma-protect ../src/7_2.cc -o../Release/chesswork/7_2.sfg --chess-proc-name=me
Compiling "hdiff_flux1.cc"
chess-clang --chess-verbose -I/usr/xilinx/Vitis/2023.2/aietools/data/versal_prod/lib --chess-proc-dir=/usr/xilinx/Vitis/2023.2/aietools/data/versal_prod/lib -S -nostdlibinc -D__chess__ -D__tct_release__=2212 -g -I/usr/xilinx/Vitis/2023.2/aietools/include -I/media/4T/home/xianyijiang/my_sparta/aie/. -I/media/4T/home/xianyijiang/my_sparta/aie/./ProcessUnit -I/media/4T/home/xianyijiang/my_sparta/aie/. -I/media/4T/home/xianyijiang/my_sparta/aie/./aie -I/media/4T/home/xianyijiang/my_sparta/aie/media/4T/home/xianyijiang/my_sparta/aie/. -I/media/4T/home/xianyijiang/my_sparta/aie/media/4T/home/xianyijiang/my_sparta/aie/./aie -I/media/4T/home/xianyijiang/my_sparta/aie/usr/xilinx/Vitis/2023.2/aietools/include -I/usr/xilinx/Vitis/2023.2/aietools/include -I/usr/xilinx/Vitis/2023.2/aietools/data/versal_prod/lib/runtime_cxx/libcxx-lite/include -I/usr/xilinx/Vitis/2023.2/aietools/data/versal_prod/lib/runtime_cxx/libs/libcxx-9.0.0/include-lite -I/usr/xilinx/Vitis/2023.2/aietools/data/versal_prod/lib/runtime/include -D__AIENGINE__ -D__AIE_ARCH__=10 -DDEPLOYMENT_ELF=1 -D__LOCK_FENCE_MODE__=0 -DAIE_OPTION_SCALAR_FLOAT_ON_VECTOR -D__tct_tgt__=230622 -xc++ -O2 -include aie_core.h -std=c++2a -fno-builtin-memcpy -mllvm -disable-lsr -mllvm -replexitval=never -mllvm -enable-load-pre=false -mllvm -chess-disable-add-to-or -mllvm -chess-combine-gep-indices=none -mllvm -chess-disable-fold-phi-of-loads -mllvm -chess-aainfo2chains-algo=4 -mllvm -chess-aggressive-aainfo=false -mllvm -chess-enable-indvarsimplify=0 -fchess-register-c++-static-destructors-as-global-dtors -Werror=return-type -mllvm -chess-disable-cse-across-loopboundary -mllvm -chess-tbaa-detect-common-underlying-object=true -mllvm -chess-protect-llvm-global-reg-access=true -mllvm -chess-enable-c-pragma-protect /media/4T/home/xianyijiang/my_sparta/aie/./ProcessUnit/hdiff_flux1.cc -o../Release/chesswork/hdiff_flux1.sfg --chess-proc-name=me
Release: ipp U-2022.12-TGT-230622 
Tool: chess-clang version U-2022.12#3a25925e02#230619
Copyright 2014-2022 Synopsys, Inc.
This Synopsys software and all associated documentation are proprietary to
Synopsys, Inc. and may only be used pursuant to the terms and conditions of a
written license agreement with Synopsys, Inc. All other use, reproduction,
modification, or distribution of the Synopsys software or the associated
documentation is strictly prohibited.

Reading processor configuration from: /usr/xilinx/Vitis/2023.2/aietools/data/versal_prod/lib/isg/me_chess_llvm.cfg

Release: ipp U-2022.12-TGT-230622 
Tool: chess-clang version U-2022.12#3a25925e02#230619
Copyright 2014-2022 Synopsys, Inc.
This Synopsys software and all associated documentation are proprietary to
Synopsys, Inc. and may only be used pursuant to the terms and conditions of a
written license agreement with Synopsys, Inc. All other use, reproduction,
modification, or distribution of the Synopsys software or the associated
documentation is strictly prohibited.

Reading processor configuration from: /usr/xilinx/Vitis/2023.2/aietools/data/versal_prod/lib/isg/me_chess_llvm.cfg

In file included from ../src/7_2.cc:6:
In file included from /usr/xilinx/Vitis/2023.2/aietools/include/adf.h:11:
In file included from /usr/xilinx/Vitis/2023.2/aietools/include/adf/stream/streams.h:11:
/usr/xilinx/Vitis/2023.2/aietools/include/adf/stream/me/accessors.h:735:10: warning: 'packet_header' is deprecated: Function 'unsigned int packet_header(unsigned, unsigned)' is deprecated. Please use 'void put_ms_packet_header(int, int, unsigned, unsigned)' instead. [-Wdeprecated-declarations]
  return packet_header(ID, pcktType);
         ^
/usr/xilinx/Vitis/2023.2/aietools/data/versal_prod/lib/isg/me_chess_llvm.h:89099:62: note: 'packet_header' has been explicitly marked deprecated here
inline __attribute__((always_inline,nodebug)) __attribute__((deprecated("Function 'unsigned int packet_header(unsigned, unsigned)' is deprecated. Please use 'void put_ms_packet_header(int, int, unsigned, unsigned)' instead."))) unsigned packet_header(unsigned a0, unsigned a1) __attribute__((overloadable))
                                                             ^
In file included from ../src/7_2.cc:6:
In file included from /usr/xilinx/Vitis/2023.2/aietools/include/adf.h:11:
In file included from /usr/xilinx/Vitis/2023.2/aietools/include/adf/stream/streams.h:11:
/usr/xilinx/Vitis/2023.2/aietools/include/adf/stream/me/accessors.h:741:10: warning: 'ctrl_packet_header' is deprecated: Function 'unsigned int ctrl_packet_header(unsigned, unsigned, unsigned, unsigned)' is deprecated. Please use 'void put_ms_ctrl_packet_header(int, int, unsigned, unsigned, unsigned, unsigned)' instead. [-Wdeprecated-declarations]
  return ctrl_packet_header(addr, numWords, op, returnID);
         ^
/usr/xilinx/Vitis/2023.2/aietools/data/versal_prod/lib/isg/me_chess_llvm.h:89106:62: note: 'ctrl_packet_header' has been explicitly marked deprecated here
inline __attribute__((always_inline,nodebug)) __attribute__((deprecated("Function 'unsigned int ctrl_packet_header(unsigned, unsigned, unsigned, unsigned)' is deprecated. Please use 'void put_ms_ctrl_packet_header(int, int, unsigned, unsigned, unsigned, unsigned)' instead."))) unsigned ctrl_packet_header(unsigned a0, unsigned a1, unsigned a2, unsigned a3) __attribute__((overloadable))
                                                             ^
2 warnings generated.

chess-clang user time   =    1.36 s  /     1.35 s 	7_2
chess-clang system time =    0.05 s  /     0.05 s 	7_2
chess-clang real time   =    1.40 s  /     1.40 s 	7_2

noodle -v -I/usr/xilinx/Vitis/2023.2/aietools/data/versal_prod/lib -I/usr/xilinx/Vitis/2023.2/aietools/data/versal_prod/lib/isg -I/usr/xilinx/Vitis/2023.2/aietools/include -I/media/4T/home/xianyijiang/my_sparta/aie/. -I/media/4T/home/xianyijiang/my_sparta/aie/./ProcessUnit -I/media/4T/home/xianyijiang/my_sparta/aie/. -I/media/4T/home/xianyijiang/my_sparta/aie/./aie -I/media/4T/home/xianyijiang/my_sparta/aie/media/4T/home/xianyijiang/my_sparta/aie/. -I/media/4T/home/xianyijiang/my_sparta/aie/media/4T/home/xianyijiang/my_sparta/aie/./aie -I/media/4T/home/xianyijiang/my_sparta/aie/usr/xilinx/Vitis/2023.2/aietools/include -I/usr/xilinx/Vitis/2023.2/aietools/include -I/usr/xilinx/Vitis/2023.2/aietools/data/versal_prod/lib/runtime_cxx/libcxx-lite/include -I/usr/xilinx/Vitis/2023.2/aietools/data/versal_prod/lib/runtime_cxx/libs/libcxx-9.0.0/include-lite -I/usr/xilinx/Vitis/2023.2/aietools/data/versal_prod/lib/runtime/include -D__AIENGINE__ -D__AIE_ARCH__=10 -DDEPLOYMENT_ELF=1 -D__LOCK_FENCE_MODE__=0 -DAIE_OPTION_SCALAR_FLOAT_ON_VECTOR -D__tct_tgt__=230622 -iaie_core.h +Sinl +Olbb=200 +Opmsa +NOpld +Olzyinl +w../Release/chesswork ../Release/chesswork/7_2.sfg +Q1=+Sinl,+Olbb=200,+Opmsa,+NOpld,+Olzyinl +Q2=+Sinl,+Olbb=200,+Opmsa,+NOpld,+Olzyinl +Q3=+Sinl,+Olbb=1000,+Opmsa,+NOpld,+Olzyinl +Qfast=+Sinl,+Olbb=1000,+Opmsa,+NOpld,+Olzyinl,+Opfp +Qs=+Sinl,+Olbb=200,+Opmsa,+NOpld,+Olzyinl +Qz=+Sinl,+Olbb=200,+Opmsa,+NOpld,+Olzyinl me
Release: ASIP Programmer  U-2022.12-TGT-230622 
Tool: noodle version U-2022.12#3eec2545bc#230622
Copyright 2014-2022 Synopsys, Inc.
This Synopsys software and all associated documentation are proprietary to
Synopsys, Inc. and may only be used pursuant to the terms and conditions of a
written license agreement with Synopsys, Inc. All other use, reproduction,
modification, or distribution of the Synopsys software or the associated
documentation is strictly prohibited.

Reading enablings from: /usr/xilinx/Vitis/2023.2/aietools/data/versal_prod/lib/isg/me_chess.ena
Reading LIB/ISG from: /usr/xilinx/Vitis/2023.2/aietools/data/versal_prod/lib/isg/me.isb
Reading LIB/ISG from: /usr/xilinx/Vitis/2023.2/aietools/data/versal_prod/lib/isg/me_chess.lib

Translating source file ...

Warning in "../../../../../../../../xilinx/Vitis/2023.2/aietools/data/versal_prod/lib/me_chess.h", line 647, column 131: ignoring attribute [[deprecated]] on class declaration

In file included from /media/4T/home/xianyijiang/my_sparta/aie/./ProcessUnit/hdiff_flux1.cc:1:
In file included from /usr/xilinx/Vitis/2023.2/aietools/include/adf.h:11:
In file included from /usr/xilinx/Vitis/2023.2/aietools/include/adf/stream/streams.h:11:
/usr/xilinx/Vitis/2023.2/aietools/include/adf/stream/me/accessors.h:735:10: warning: 'packet_header' is deprecated: Function 'unsigned int packet_header(unsigned, unsigned)' is deprecated. Please use 'void put_ms_packet_header(int, int, unsigned, unsigned)' instead. [-Wdeprecated-declarations]
  return packet_header(ID, pcktType);
         ^
/usr/xilinx/Vitis/2023.2/aietools/data/versal_prod/lib/isg/me_chess_llvm.h:89099:62: note: 'packet_header' has been explicitly marked deprecated here
inline __attribute__((always_inline,nodebug)) __attribute__((deprecated("Function 'unsigned int packet_header(unsigned, unsigned)' is deprecated. Please use 'void put_ms_packet_header(int, int, unsigned, unsigned)' instead."))) unsigned packet_header(unsigned a0, unsigned a1) __attribute__((overloadable))
                                                             ^
In file included from /media/4T/home/xianyijiang/my_sparta/aie/./ProcessUnit/hdiff_flux1.cc:1:
In file included from /usr/xilinx/Vitis/2023.2/aietools/include/adf.h:11:
In file included from /usr/xilinx/Vitis/2023.2/aietools/include/adf/stream/streams.h:11:
/usr/xilinx/Vitis/2023.2/aietools/include/adf/stream/me/accessors.h:741:10: warning: 'ctrl_packet_header' is deprecated: Function 'unsigned int ctrl_packet_header(unsigned, unsigned, unsigned, unsigned)' is deprecated. Please use 'void put_ms_ctrl_packet_header(int, int, unsigned, unsigned, unsigned, unsigned)' instead. [-Wdeprecated-declarations]
  return ctrl_packet_header(addr, numWords, op, returnID);
         ^
/usr/xilinx/Vitis/2023.2/aietools/data/versal_prod/lib/isg/me_chess_llvm.h:89106:62: note: 'ctrl_packet_header' has been explicitly marked deprecated here
inline __attribute__((always_inline,nodebug)) __attribute__((deprecated("Function 'unsigned int ctrl_packet_header(unsigned, unsigned, unsigned, unsigned)' is deprecated. Please use 'void put_ms_ctrl_packet_header(int, int, unsigned, unsigned, unsigned, unsigned)' instead."))) unsigned ctrl_packet_header(unsigned a0, unsigned a1, unsigned a2, unsigned a3) __attribute__((overloadable))
                                                             ^
2 warnings generated.

chess-clang user time   =    1.57 s  /     1.56 s 	hdiff_flux1
chess-clang system time =    0.04 s  /     0.03 s 	hdiff_flux1
chess-clang real time   =    1.60 s  /     1.59 s 	hdiff_flux1

noodle -v -I/usr/xilinx/Vitis/2023.2/aietools/data/versal_prod/lib -I/usr/xilinx/Vitis/2023.2/aietools/data/versal_prod/lib/isg -I/usr/xilinx/Vitis/2023.2/aietools/include -I/media/4T/home/xianyijiang/my_sparta/aie/. -I/media/4T/home/xianyijiang/my_sparta/aie/./ProcessUnit -I/media/4T/home/xianyijiang/my_sparta/aie/. -I/media/4T/home/xianyijiang/my_sparta/aie/./aie -I/media/4T/home/xianyijiang/my_sparta/aie/media/4T/home/xianyijiang/my_sparta/aie/. -I/media/4T/home/xianyijiang/my_sparta/aie/media/4T/home/xianyijiang/my_sparta/aie/./aie -I/media/4T/home/xianyijiang/my_sparta/aie/usr/xilinx/Vitis/2023.2/aietools/include -I/usr/xilinx/Vitis/2023.2/aietools/include -I/usr/xilinx/Vitis/2023.2/aietools/data/versal_prod/lib/runtime_cxx/libcxx-lite/include -I/usr/xilinx/Vitis/2023.2/aietools/data/versal_prod/lib/runtime_cxx/libs/libcxx-9.0.0/include-lite -I/usr/xilinx/Vitis/2023.2/aietools/data/versal_prod/lib/runtime/include -D__AIENGINE__ -D__AIE_ARCH__=10 -DDEPLOYMENT_ELF=1 -D__LOCK_FENCE_MODE__=0 -DAIE_OPTION_SCALAR_FLOAT_ON_VECTOR -D__tct_tgt__=230622 -iaie_core.h +Sinl +Olbb=200 +Opmsa +NOpld +Olzyinl +w../Release/chesswork ../Release/chesswork/hdiff_flux1.sfg +Q1=+Sinl,+Olbb=200,+Opmsa,+NOpld,+Olzyinl +Q2=+Sinl,+Olbb=200,+Opmsa,+NOpld,+Olzyinl +Q3=+Sinl,+Olbb=1000,+Opmsa,+NOpld,+Olzyinl +Qfast=+Sinl,+Olbb=1000,+Opmsa,+NOpld,+Olzyinl,+Opfp +Qs=+Sinl,+Olbb=200,+Opmsa,+NOpld,+Olzyinl +Qz=+Sinl,+Olbb=200,+Opmsa,+NOpld,+Olzyinl me
Release: ASIP Programmer  U-2022.12-TGT-230622 
Tool: noodle version U-2022.12#3eec2545bc#230622
Copyright 2014-2022 Synopsys, Inc.
This Synopsys software and all associated documentation are proprietary to
Synopsys, Inc. and may only be used pursuant to the terms and conditions of a
written license agreement with Synopsys, Inc. All other use, reproduction,
modification, or distribution of the Synopsys software or the associated
documentation is strictly prohibited.

Reading enablings from: /usr/xilinx/Vitis/2023.2/aietools/data/versal_prod/lib/isg/me_chess.ena
Reading LIB/ISG from: /usr/xilinx/Vitis/2023.2/aietools/data/versal_prod/lib/isg/me.isb
Reading LIB/ISG from: /usr/xilinx/Vitis/2023.2/aietools/data/versal_prod/lib/isg/me_chess.lib

Translating source file ...

Warning in "../../../../../../../../xilinx/Vitis/2023.2/aietools/data/versal_prod/lib/me_chess.h", line 647, column 131: ignoring attribute [[deprecated]] on class declaration

Warning in "../../../../../../../../xilinx/Vitis/2023.2/aietools/data/versal_prod/lib/me_common.h", line 63, column 132: ignoring attribute [[deprecated]] on class declaration

Warning in "../../../../../../../../xilinx/Vitis/2023.2/aietools/data/versal_prod/lib/me_common.h", line 96, column 131: ignoring attribute [[deprecated]] on class declaration

Warning in "../../../../../../../../xilinx/Vitis/2023.2/aietools/data/versal_prod/lib/me_common.h", line 63, column 132: ignoring attribute [[deprecated]] on class declaration


Warning in "../../../../../../../../xilinx/Vitis/2023.2/aietools/data/versal_prod/lib/me_common.h", line 96, column 131: ignoring attribute [[deprecated]] on class declaration

Checking ...

Reading DSFG from: ../Release/chesswork/7_2.sfg

Translating ...

        unsigned main()

Finishing ...


noodle user time   =    1.82 s  /     1.77 s 	7_2
noodle system time =    0.58 s  /     0.55 s 	7_2
noodle real time   =    2.42 s  /     2.33 s 	7_2

chess-backend 7_2-main_ me /media/4T/xilinx/Vitis/2023.2/aietools/data/versal_prod/lib +H/media/4T/xilinx/Vitis/2023.2/aietools/data/versal_prod/lib/elongation -x --print-subtools --cosel -v -m +ef -M3 -S1024 --amnesia -v -p12 -q2 -eAM -rCLH -fR=2 +Oearly-fanout-complex +Odhls -Ono-prune-mappings +Oexcc +Oprefer-local-reg-moves -Ono-collapse-bundles --mist1 -v -k110 --showcolor -v -b --mist2 -v -D__AIENGINE__ -D__AIE_ARCH__=10 -DDEPLOYMENT_ELF=1 -D__LOCK_FENCE_MODE__=0 -DAIE_OPTION_SCALAR_FLOAT_ON_VECTOR -D__tct_tgt__=230622 +Omodo -k110 +Omsbr=2000 +Opnll +A +pnopALU +pnopLDA +pnopLDB +pnopSTS +pnopVEC +Ofexm +Onzmem +Ono-mapping-backtracking +Oalways-check-exec-paths +Omodulo-scheduling-minimize-folding-index +Omodulo-scheduling-lookahead-critical-transitory-class=AcqLdaRsrc_ID,AcqLdbRsrc_ID:2 +Odisable-spill-instr-class=LR_short_spill +Odisaggr-record-accesses +Oslr=crUPSMode +Oslr=crSRSMode -ggraph --tale -v -g -D__AIENGINE__ -D__AIE_ARCH__=10 -DDEPLOYMENT_ELF=1 -D__LOCK_FENCE_MODE__=0 -DAIE_OPTION_SCALAR_FLOAT_ON_VECTOR -D__tct_tgt__=230622 -V7_2 -L
chess-backend --gvt me /media/4T/xilinx/Vitis/2023.2/aietools/data/versal_prod/lib +H/media/4T/xilinx/Vitis/2023.2/aietools/data/versal_prod/lib/elongation --tale -v -g -D__AIENGINE__ -D__AIE_ARCH__=10 -DDEPLOYMENT_ELF=1 -D__LOCK_FENCE_MODE__=0 -DAIE_OPTION_SCALAR_FLOAT_ON_VECTOR -D__tct_tgt__=230622 -V7_2 -L
--cosel -v -m +ef -M3 -S1024 --common 7_2-main_ me /media/4T/xilinx/Vitis/2023.2/aietools/data/versal_prod/lib +H/media/4T/xilinx/Vitis/2023.2/aietools/data/versal_prod/lib/elongation -x
Release: ASIP Programmer  U-2022.12-TGT-230622 
Tool: cosel version U-2022.12#3eec2545bc#230622
Copyright 2014-2022 Synopsys, Inc.
This Synopsys software and all associated documentation are proprietary to
Synopsys, Inc. and may only be used pursuant to the terms and conditions of a
written license agreement with Synopsys, Inc. All other use, reproduction,
modification, or distribution of the Synopsys software or the associated
documentation is strictly prohibited.


Release: ASIP Programmer  U-2022.12-TGT-230622 
Tool: tale version U-2022.12#3eec2545bc#230622
Copyright 2014-2022 Synopsys, Inc.
This Synopsys software and all associated documentation are proprietary to
Synopsys, Inc. and may only be used pursuant to the terms and conditions of a
written license agreement with Synopsys, Inc. All other use, reproduction,
modification, or distribution of the Synopsys software or the associated
documentation is strictly prohibited.

Reading enablings from: /media/4T/xilinx/Vitis/2023.2/aietools/data/versal_prod/lib//isg/me_chess.ena
Reading LIB/ISG from: /media/4T/xilinx/Vitis/2023.2/aietools/data/versal_prod/lib//isg/me.isb
Reading LIB/ISG from: /media/4T/xilinx/Vitis/2023.2/aietools/data/versal_prod/lib//isg/me_chess.lib
Reading LIB/ISG from: 7_2.lib
Reading elongation rules from: /media/4T/xilinx/Vitis/2023.2/aietools/data/versal_prod/lib/elongation
Reading relocators from: /media/4T/xilinx/Vitis/2023.2/aietools/data/versal_prod/lib//isg/me.rlo with command tct_gcpp3 -nostdinc -nostdinc++ -lang-asm  -D'__AIENGINE__' -D'__AIE_ARCH__=10' -D'DEPLOYMENT_ELF=1' -D'__LOCK_FENCE_MODE__=0' -D'AIE_OPTION_SCALAR_FLOAT_ON_VECTOR' -D'__tct_tgt__=230622' -I'/media/4T/xilinx/Vitis/2023.2/aietools/data/versal_prod/lib/' -I'/media/4T/xilinx/Vitis/2023.2/aietools/data/versal_prod/lib//isg/'
Reading DSFG from: 7_2.gvt
Reading initial values from: 7_2.ini
Reading initial values from: 7_2.sfg
Reading Dwarf register-list from file '/media/4T/xilinx/Vitis/2023.2/aietools/data/versal_prod/lib/isg/me_regs.txt' ...
Reading Dwarf register ID's from file '/media/4T/xilinx/Vitis/2023.2/aietools/data/versal_prod/lib/isg/me_regid.txt' ...

Dumping object file '7_2.gvt.o' in ELF format with DWARF debug information (1)

tale user time   =    0.04 s  /     0.00 s 	7_2
tale system time =    0.03 s  /     0.01 s 	7_2
tale real time   =    0.07 s  /     0.00 s 	7_2


Checking ...

Reading enablings from: /media/4T/xilinx/Vitis/2023.2/aietools/data/versal_prod/lib/isg/me_chess.ena
Reading LIB/ISG/NML from: /media/4T/xilinx/Vitis/2023.2/aietools/data/versal_prod/lib/isg/me.isb
Reading LIB/ISG from: /media/4T/xilinx/Vitis/2023.2/aietools/data/versal_prod/lib/isg/me_chess.lib
Reading LIB/ISG from: /media/4T/xilinx/Vitis/2023.2/aietools/data/versal_prod/lib/isg/me_chess_bndl.isg
Reading LIB/ISG from: /media/4T/xilinx/Vitis/2023.2/aietools/data/versal_prod/lib/isg/me_chess_dr.isg
Reading DSFG from: 7_2-main_.sfg
Collecting static variable register operations...


**** Bundling `F_main' ****
Reading DSFG from: ../Release/chesswork/hdiff_flux1.sfg

Translating ...

        void hdiff_flux1(void *, void *, void *, void *, void *, void *, void *, void *, void *, void *, void *, void *)

Finishing ...


noodle user time   =    1.80 s  /     1.74 s 	hdiff_flux1
noodle system time =    0.42 s  /     0.37 s 	hdiff_flux1
noodle real time   =    2.23 s  /     2.12 s 	hdiff_flux1

chess-backend hdiff_flux1-Fhdiff_flux1_ me /media/4T/xilinx/Vitis/2023.2/aietools/data/versal_prod/lib +H/media/4T/xilinx/Vitis/2023.2/aietools/data/versal_prod/lib/elongation -x --print-subtools --cosel -v -m +ef -M3 -S1024 --amnesia -v -p12 -q2 -eAM -rCLH -fR=2 +Oearly-fanout-complex +Odhls -Ono-prune-mappings +Oexcc +Oprefer-local-reg-moves -Ono-collapse-bundles --mist1 -v -k110 --showcolor -v -b --mist2 -v -D__AIENGINE__ -D__AIE_ARCH__=10 -DDEPLOYMENT_ELF=1 -D__LOCK_FENCE_MODE__=0 -DAIE_OPTION_SCALAR_FLOAT_ON_VECTOR -D__tct_tgt__=230622 +Omodo -k110 +Omsbr=2000 +Opnll +A +pnopALU +pnopLDA +pnopLDB +pnopSTS +pnopVEC +Ofexm +Onzmem +Ono-mapping-backtracking +Oalways-check-exec-paths +Omodulo-scheduling-minimize-folding-index +Omodulo-scheduling-lookahead-critical-transitory-class=AcqLdaRsrc_ID,AcqLdbRsrc_ID:2 +Odisable-spill-instr-class=LR_short_spill +Odisaggr-record-accesses +Oslr=crUPSMode +Oslr=crSRSMode -ggraph --tale -v -g -D__AIENGINE__ -D__AIE_ARCH__=10 -DDEPLOYMENT_ELF=1 -D__LOCK_FENCE_MODE__=0 -DAIE_OPTION_SCALAR_FLOAT_ON_VECTOR -D__tct_tgt__=230622 -Vhdiff_flux1 -L
chess-backend --gvt me /media/4T/xilinx/Vitis/2023.2/aietools/data/versal_prod/lib +H/media/4T/xilinx/Vitis/2023.2/aietools/data/versal_prod/lib/elongation --tale -v -g -D__AIENGINE__ -D__AIE_ARCH__=10 -DDEPLOYMENT_ELF=1 -D__LOCK_FENCE_MODE__=0 -DAIE_OPTION_SCALAR_FLOAT_ON_VECTOR -D__tct_tgt__=230622 -Vhdiff_flux1 -L

   macro #240 (4 opn)
      matching... (4 p) (7 P)
      covering... (4 its) (cost 3509.952)

   macro #1254 (7 opn)
      matching... (7 p) (19 P)
      covering... (5 its) (cost 3541.075)

   macro #236 (2 opn)
      matching... (1 p) (2 P)
      covering... (1 its) (cost 1180.021)

   macro #3398 (1 opn)
      matching... (2 p) (2 P)
      covering... (2 its) (cost 1180.020)

   macro #3374 (186 opn)
      matching... --cosel -v -m +ef -M3 -S1024 --common hdiff_flux1-Fhdiff_flux1_ me /media/4T/xilinx/Vitis/2023.2/aietools/data/versal_prod/lib +H/media/4T/xilinx/Vitis/2023.2/aietools/data/versal_prod/lib/elongation -x
Release: ASIP Programmer  U-2022.12-TGT-230622 
Tool: cosel version U-2022.12#3eec2545bc#230622
Copyright 2014-2022 Synopsys, Inc.
This Synopsys software and all associated documentation are proprietary to
Synopsys, Inc. and may only be used pursuant to the terms and conditions of a
written license agreement with Synopsys, Inc. All other use, reproduction,
modification, or distribution of the Synopsys software or the associated
documentation is strictly prohibited.


Release: ASIP Programmer  U-2022.12-TGT-230622 
Tool: tale version U-2022.12#3eec2545bc#230622
Copyright 2014-2022 Synopsys, Inc.
This Synopsys software and all associated documentation are proprietary to
Synopsys, Inc. and may only be used pursuant to the terms and conditions of a
written license agreement with Synopsys, Inc. All other use, reproduction,
modification, or distribution of the Synopsys software or the associated
documentation is strictly prohibited.

(199 p) (1126 P)
      covering... (125 its) (cost 90405.961)

   macro #229 (3 opn)
      matching... (1 p) (3 P)
      covering... (1 its) (cost 1190.021)

   macro #225 (3 opn)
      matching... (1 p) (3 P)
      covering... (1 its) (cost 1190.021)

   macro #219 (3 opn)
      matching... (1 p) (3 P)
      covering... (1 its) (cost 1190.021)

   macro #213 (3 opn)
      matching... (1 p) (3 P)
      covering... (1 its) (cost 1190.021)

   macro #207 (3 opn)
      matching... (1 p) (3 P)
      covering... (1 its) (cost 1190.021)

   macro #201 (3 opn)
      matching... (1 p) (3 P)
      covering... (1 its) (cost 1190.021)

   macro #195 (3 opn)
      matching... (1 p) (3 P)
      covering... (1 its) (cost 1190.021)

   macro #189 (3 opn)
      matching... (1 p) (3 P)
      covering... (1 its) (cost 1190.021)

   macro #183 (3 opn)
      matching... (1 p) (3 P)
      covering... (1 its) (cost 1190.021)

   macro #177 (3 opn)
      matching... (1 p) (3 P)
      covering... (1 its) (cost 1190.021)

   macro #171 (3 opn)
      matching... (1 p) (3 P)
      covering... (1 its) (cost 1190.021)

   macro #165 (3 opn)
      matching... (1 p) (3 P)
      covering... (1 its) (cost 1190.021)

   macro #636 (1 opn)
      matching... (2 p) (2 P)
      covering... (2 its) (cost 1190.021)

   macro #155 (3 opn)
      matching... (1 p) (3 P)
      covering... (1 its) (cost 1190.021)

   macro #151 (3 opn)
      matching... (1 p) (3 P)
      covering... (1 its) (cost 1190.021)

   macro #145 (3 opn)
      matching... (1 p) (3 P)
      covering... (1 its) (cost 1190.021)

   macro #139 (3 opn)
      matching... (1 p) (3 P)
      covering... (1 its) (cost 1190.021)

   macro #133 (3 opn)
      matching... (1 p) (3 P)
      covering... (1 its) (cost 1190.021)

   macro #127 (3 opn)
      matching... (1 p) (3 P)
      covering... (1 its) (cost 1190.021)

   macro #121 (3 opn)
      matching... (1 p) (3 P)
      covering... (1 its) (cost 1190.021)

   macro #115 (3 opn)
      matching... (1 p) (3 P)
      covering... (1 its) (cost 1190.021)

   macro #109 (3 opn)
      matching... (1 p) (3 P)
      covering... (1 its) (cost 1190.021)

   macro #103 (3 opn)
      matching... (1 p) (3 P)
      covering... (1 its) (cost 1190.021)

   macro #97 (3 opn)
      matching... (1 p) (3 P)
      covering... (1 its) (cost 1190.021)

   macro #91 (3 opn)
      matching... (1 p) (3 P)
      covering... (1 its) (cost 1190.021)

   macro #3224 (5 opn)
      matching... (5 p) (7 P)
      covering... (3 its) (cost 2359.064)

   macro #2489 (564 opn)
      matching... Reading enablings from: /media/4T/xilinx/Vitis/2023.2/aietools/data/versal_prod/lib//isg/me_chess.ena
Reading LIB/ISG from: /media/4T/xilinx/Vitis/2023.2/aietools/data/versal_prod/lib//isg/me.isb
Reading LIB/ISG from: /media/4T/xilinx/Vitis/2023.2/aietools/data/versal_prod/lib//isg/me_chess.lib
Reading LIB/ISG from: hdiff_flux1.lib
Reading elongation rules from: /media/4T/xilinx/Vitis/2023.2/aietools/data/versal_prod/lib/elongation
Reading relocators from: /media/4T/xilinx/Vitis/2023.2/aietools/data/versal_prod/lib//isg/me.rlo with command tct_gcpp3 -nostdinc -nostdinc++ -lang-asm  -D'__AIENGINE__' -D'__AIE_ARCH__=10' -D'DEPLOYMENT_ELF=1' -D'__LOCK_FENCE_MODE__=0' -D'AIE_OPTION_SCALAR_FLOAT_ON_VECTOR' -D'__tct_tgt__=230622' -I'/media/4T/xilinx/Vitis/2023.2/aietools/data/versal_prod/lib/' -I'/media/4T/xilinx/Vitis/2023.2/aietools/data/versal_prod/lib//isg/'
Reading DSFG from: hdiff_flux1.gvt
Reading initial values from: hdiff_flux1.ini
Reading initial values from: hdiff_flux1.sfg
Reading Dwarf register-list from file '/media/4T/xilinx/Vitis/2023.2/aietools/data/versal_prod/lib/isg/me_regs.txt' ...
Reading Dwarf register ID's from file '/media/4T/xilinx/Vitis/2023.2/aietools/data/versal_prod/lib/isg/me_regid.txt' ...

Dumping object file 'hdiff_flux1.gvt.o' in ELF format with DWARF debug information (1)

tale user time   =    0.03 s  /     0.00 s 	hdiff_flux1
tale system time =    0.03 s  /     0.00 s 	hdiff_flux1
tale real time   =    0.07 s  /     0.01 s 	hdiff_flux1

Reading enablings from: /media/4T/xilinx/Vitis/2023.2/aietools/data/versal_prod/lib/isg/me_chess.ena
Reading LIB/ISG/NML from: /media/4T/xilinx/Vitis/2023.2/aietools/data/versal_prod/lib/isg/me.isb
Reading LIB/ISG from: /media/4T/xilinx/Vitis/2023.2/aietools/data/versal_prod/lib/isg/me_chess.lib
Reading LIB/ISG from: /media/4T/xilinx/Vitis/2023.2/aietools/data/versal_prod/lib/isg/me_chess_bndl.isg
Reading LIB/ISG from: /media/4T/xilinx/Vitis/2023.2/aietools/data/versal_prod/lib/isg/me_chess_dr.isg
Reading DSFG from: hdiff_flux1-Fhdiff_flux1_.sfg
Collecting static variable register operations...


**** Bundling `Fhdiff_flux1' ****

   macro #152 (4 opn)
      matching... (4 p) (7 P)
      covering... (4 its) (cost 3509.952)

   macro #642 (178 opn)
      matching... (673 p) (1179 P)
      covering... (1 its) (no cover found, retrying less greedy)
      matching... (125 p) (785 P)
      covering... 1 2 3 (804 p) (1846 P)
(3687 its) (cost 61718.411)
      covering... 
   macro #1221 (130 opn)
      matching... 1 2 3 (154 p) (447 P)
      covering... (106 its) (cost 70194.280)


Total cost = 135422.643

cosel user time   =    0.36 s  /     0.31 s 	hdiff_flux1-Fhdiff_flux1_
cosel system time =    0.03 s  /     0.01 s 	hdiff_flux1-Fhdiff_flux1_
cosel real time   =    0.39 s  /     0.32 s 	hdiff_flux1-Fhdiff_flux1_

--amnesia -v -p12 -q2 -eAM -rCLH -fR=2 +Oearly-fanout-complex +Odhls -Ono-prune-mappings +Oexcc +Oprefer-local-reg-moves -Ono-collapse-bundles --common hdiff_flux1-Fhdiff_flux1_ me /media/4T/xilinx/Vitis/2023.2/aietools/data/versal_prod/lib +H/media/4T/xilinx/Vitis/2023.2/aietools/data/versal_prod/lib/elongation -x
Release: ASIP Programmer  U-2022.12-TGT-230622 
Tool: amnesia version U-2022.12#3eec2545bc#230622
Copyright 2014-2022 Synopsys, Inc.
This Synopsys software and all associated documentation are proprietary to
Synopsys, Inc. and may only be used pursuant to the terms and conditions of a
written license agreement with Synopsys, Inc. All other use, reproduction,
modification, or distribution of the Synopsys software or the associated
documentation is strictly prohibited.

Reading interprocedural optimisation data from: hdiff_flux1-Fhdiff_flux1_.flc
Reading pattern DSFGs from: /media/4T/xilinx/Vitis/2023.2/aietools/data/versal_prod/lib/isg/me_chess_dr.sfg
4 
application DSFG routing:

**** Routing 'Fhdiff_flux1' ****
5 analysing connectivity in ISG
6 initial DSFG transformations
initial timing
initialise routing
dependency hazard solving

1 of 2: (4 13 642)
(seq:8) (seq:1) 
2 of 2: (152 1221)

sync/offset hazards solving


time (after hazard solving) =    0.07 s

routing control inputs

routing

1 of 2 ( 4 642 13 )
# uses: 219 +8 7 +1 +12 +1 +12 +1 +128 8 9 +32 +8 +12 10 +1 +8 +4 +4 +1 +1 +16 +4 +1 +1 +1 +1 +1 +1 +1 +2 +1 +1 +1 +1 (VDH0)+11 2 +1 +1 +1 +1 +1 +1 +1 +1 +1 (VDH0)+2 +1 +1 +1 +1 +1 +1 +1 +1 +1 (VDH0)(VRH0)(VCH)+2 +1 +1 +1 +1 +1 +1 +1 +1 +1 (VDH0)(VRH0)(VCH)+2 +1 +1 +1 +1 (VDH0)(rlx +11)(VDH0)+1 +1 +1 +1 ++++++++++++++++++++++++1 +1 +1 ++++++++++++++++++1 +++++++++++++++++1 ++++++++1 ++++++++1 ++++++1 ++++1 ++++1 ++1 ++1 ++1 ++1 ++1 ++1 ++1 ++1 ++1 ++1 (P)(rlx +2)(P)12 ++1 ++1 ++1 (P)-1 1 1 1 1 1 1 1 1 1 1 1 1 1 1 1 1 1 1 1 1 1 1 1 1 1 1 1 1 1 1 1 1 (P)+1 (P)-1 1 1 1 1 1 1 1 1 1 1 1 1 1 1 1 1 1 1 1 1 1 1 1 1 1 1 1 1 3 1 2 1 +1 (P)-1 1 1 1 1 1 1 1 1 1 1 1 1 1 1 1 1 1 1 1 1 1 1 1 1 1 1 1 1 3 1 2 1 (P)+1 +1 ++1 ++1 (P)-1 1 1 1 1 1 1 1 1 1 1 1 1 1 1 1 1 1 1 1 1 13 1 1 1 1 1 1 1 1 3 1 2 1 (P)++1 (P)-1 1 1 1 1 1 1 1 1 1 1 1 1 1 1 1 1 1 1 1 1 1 1 1 1 1 1 1 1 3 1 2 1 (P)++1 ++1 ++1 (P)-1 1 1 1 1 1 1 1 1 1 1 1 1 1 1 1 1 1 1 1 1 1 1 1 1 1 1 1 1 3 1 2 1 (P)++1 +1 +1 +1 +1 +1 +1 +1 (CS)-1 1 1 1 1 1 1 1 1 1 1 1 1 1 1 1 1 1 1 1 1 1 1 1 1 1 1 1 1 1 1 1 1 (CS)-1 1 1 14 3 1 1 1 1 1 1 1 1 1 1 1 1 1 1 1 1 1 1 1 1 1 1 1 1 1 1 1 1 1 (CS)+1 (CB)-1 1 1 1 1 1 1 1 1 1 1 1 1 1 1 1 1 1 1 1 1 1 1 1 1 1 1 1 1 1 1 1 1 (CB)-1 1 1 1 1 1 1 1 1 1 1 1 1 1 1 1 1 1 1 1 1 1 1 1 1 1 1 1 1 1 1 1 1 (CB)+1 (CS)-1 1 1 3 1 1 1 1 1 1 1 1 1 1 1 1 1 1 1 1 1 1 1 1 1 1 1 1 1 1 1 1 1 (CS)+1 (CB)-1 1 1 1 1 1 1 1 1 1 1 1 1 1 1 1 1 1 1 1 15 1 1 1 1 1 1 1 1 1 1 1 1 1 (CB)+1 (CS)-1 1 1 3 1 1 1 1 1 1 1 1 1 1 1 1 1 1 1 1 1 1 1 1 1 1 1 1 1 1 1 1 1 (CS)+1 (CB)-1 1 1 1 1 1 1 1 1 1 1 1 1 1 1 1 1 1 1 1 1 1 1 1 1 1 1 1 1 1 1 1 1 (CB)+1 (CS)-1 1 1 3 1 1 1 1 1 1 1 1 1 1 1 1 1 1 1 1 1 1 1 1 1 1 1 1 1 1 1 1 1 (CS)16 +1 (CB)-1 1 1 1 1 1 1 1 1 1 1 1 1 1 1 1 1 1 1 1 1 1 1 1 1 1 1 1 1 1 1 1 1 (CB)+1 (CS)-1 1 1 3 1 1 1 1 1 1 1 1 1 1 1 1 1 1 1 1 1 1 1 1 1 1 1 1 1 1 1 1 1 (CS)(check) (VCH)=1 2 3 1 2 3 1 (VCH)(VCH)(P)


2 of 2 ( 1221 152 )
# uses: 118 +17 6 +12 +6 +3 +6 +18 19 20 / +21 22 288 / +36 +12 +2 +1 +6 +2 +6 +2 +23 24 25 (25002 its) (cost 266789.660)


Total cost = 398716.278

cosel user time   =    1.10 s  /     1.05 s 	7_2-main_
cosel system time =    0.04 s  /     0.01 s 	7_2-main_
cosel real time   =    1.14 s  /     1.06 s 	7_2-main_

--amnesia -v -p12 -q2 -eAM -rCLH -fR=2 +Oearly-fanout-complex +Odhls -Ono-prune-mappings +Oexcc +Oprefer-local-reg-moves -Ono-collapse-bundles --common 7_2-main_ me /media/4T/xilinx/Vitis/2023.2/aietools/data/versal_prod/lib +H/media/4T/xilinx/Vitis/2023.2/aietools/data/versal_prod/lib/elongation -x
Release: ASIP Programmer  U-2022.12-TGT-230622 
Tool: amnesia version U-2022.12#3eec2545bc#230622
Copyright 2014-2022 Synopsys, Inc.
This Synopsys software and all associated documentation are proprietary to
Synopsys, Inc. and may only be used pursuant to the terms and conditions of a
written license agreement with Synopsys, Inc. All other use, reproduction,
modification, or distribution of the Synopsys software or the associated
documentation is strictly prohibited.

Reading interprocedural optimisation data from: 7_2-main_.flc
Reading pattern DSFGs from: /media/4T/xilinx/Vitis/2023.2/aietools/data/versal_prod/lib/isg/me_chess_dr.sfg

application DSFG routing:

**** Routing 'F_main' ****
768 / +128 analysing connectivity in ISG
+2 +6 +2 +1 +1 +1 +1 +3 +1 +1 +1 +1 +1 +1 +1 +3 +1 +1 +initial DSFG transformations
192 initial timing
initialise routing
dependency hazard solving

1 of 4: (230 110 97 178 165 152 139 220 207 155 116 103 184 171 158 145 226 213 229 122 109 190 177 151 219 86 128 115 196 183 225 92 134 121 202 189 14 636 98 85 166 140 3374 127 208 195 156 23 104 91 172 146 133 214 201)
(fanout-hzds) (splits:1) (fanout-hzds) (splits:1) (fanout-hzds) (splits:1) (fanout-hzds) (splits:1) (fanout-hzds) (splits:1) (fanout-hzds) (splits:1) (fanout-hzds) (splits:1) (fanout-hzds) (splits:1) (fanout-hzds) (splits:1) (fanout-hzds) (splits:1) (fanout-hzds) (splits:1) (fanout-hzds) (splits:1) (seq:24) 
2 of 4: (3398 3399 24 9 10)
(fanout-hzds) (splits:1) (fanout-hzds) (splits:1) (fanout-hzds) (splits:1) (fanout-hzds) (splits:1) (fanout-hzds) (splits:1) (fanout-hzds) (splits:1) (fanout-hzds) (splits:1) (fanout-hzds) (splits:1) (fanout-hzds) (splits:1) (fanout-hzds) (splits:1) (fanout-hzds) (splits:1) (fanout-hzds) (splits:1) 
3 of 4: (4 1254 3224 233 237 32 232 236)

4 of 4: (240 2489)
(fanout-hzds) (splits:1) (fanout-hzds) (splits:1) (fanout-hzds) (splits:1) (fanout-hzds) (splits:1) (fanout-hzds) (splits:1) (fanout-hzds) (splits:1) (fanout-hzds) (splits:1) (fanout-hzds) (splits:1) (fanout-hzds) (splits:1) (fanout-hzds) (splits:1) (fanout-hzds) (splits:1) (fanout-hzds) (splits:1) (fanout-hzds) (splits:1) +1 +1 
sync/offset hazards solving
+1 +

time (after hazard solving) =     0.1 s

routing control inputs

routing
64 
1 of 4 ( 14 85 91 97 103 109 115 121 127 133 139 145 151 155 636 165 171 177 183 189 195 201 207 213 219 225 229 3374 23 )
# splits : 87
# uses: 230 +1 +1 +1 +1 +1 +1 +1 +1 +1 +1 +1 +1 +1 +18 ++18 +18 +18 +18 +18 +3 +3 +3 (P)+3 (P)256 / ++3 (P)+3 (P)(rlx +1)(P)+1 +1 +1 +1 (R:t)-1 1 256 / +1 1 1 1 1 1 64 +1 (R:t)-1 1 1 1 1 1 1 1 +1 (R:t)-1 1 1 1 +1 1 1 1 +1 (R:t)-1 1 1 1 1 1 1 1 +1 (R:t)-1 1 1 1 1 1 1 1 +1 (R:t)-1 1 1 1 1 1 1 1 256 / ++1 (R:t)-1 1 1 1 1 1 1 1 +1 (R:t)-1 1 1 1 1 1 128 1 1 +1 (R:t)-1 1 1 1 1 1 1 1 +4 +3 (P)(rlx +1)(P)(rlx +1)(P)(rlx +1)(P)+1 +1 +1 +1 +1 +1 +4 ++3 (P)-1 1 1 1 1 1 1 1 1 1 1 1 1 1 1 1 1 1 1 1 1 1 1 1 1 1 1 1 1 1 1 1 6 (CLH:t)-1 1 96 +1 +1 +1 +1 +1 +1 +4 +3 (P)-1 1 1 1 1 1 1 1 1 1 1 1 1 1 1 1 1 1 1 1 1 1 1 1 1 1 1 1 1 1 1 1 6 (CLH:t)-1 1 +1 +1 +1 +1 +1 +1 +4 +3 (P)-1 1 1 1 1 1 1 1 1 1 1 1 1 1 1 1 +1 1 1 1 1 1 1 1 1 1 1 1 1 1 1 1 6 (CLH:t)-1 1 +1 +1 +1 +1 +1 +1 +4 +3 (P)-1 1 1 1 1 1 1 1 1 1 1 1 1 1 1 1 1 1 1 1 1 1 1 1 1 1 1 1 1 1 1 1 6 (CLH:t)-1 1 +1 +1 +1 +1 +1 +1 +4 +3 128 / +(P)-1 1 1 1 1 1 1 1 1 1 1 1 1 1 1 1 1 1 1 1 1 1 1 1 1 1 1 1 1 1 1 1 6 (CLH:t)-1 1 +1 +1 +1 +1 +1 64 +1 +4 +3 +1 +1 +1 +1 +1 +1 +4 +3 (P:t)-1 1 1 1 1 1 ++1 1 +1 +1 (R:t)-1 1 1 +1 1 1 1 ++1 (R:t)-1 1 1 1 1 1 1 +1 +1 (P:t)-1 1 +1 1 +1 (P:t)+-1 1 1 4 +3 +1 +1 +3 +1 +1 +3 +1 ++1 3 +3 (P:t)+1 -1 +1 1 +3 1 1 +1 +1 1 1 +3 +1 +1 +3 +1 +1 +1 (P)+1 +1 +3 +1 +1 +1 (P)++1 1 ++3 4 +1 (P)+3 +1 (P:t)-1 1 +3 +1 1 1 (P)1 1 +1 +1 ++1 +1 +1 +1 +1 +4 +3 (P:t)-1 1 1 1 1 1 +1 +1 +1 +1 +1 +1 +4 +3 (P:t)-1 1 1 1 1 1 +1 +1 +1 +1 +1 +1 +4 +1 +1 (R:t)-1 1 1 1 1 1 1 1 +1 +1 +1 +1 +4 +4 +4 +96 4 +4 +4 +4 +4 +4 +4 +4 +2 +1 +1 (P)-1 1 1 1 1 1 1 1 1 1 1 1 1 1 1 1 1 1 1 1 1 1 1 1 1 1 1 1 1 1 1 1 6 +(P)+1 (P)48 -1 1 1 1 1 1 1 1 1 1 1 1 1 1 1 1 1 1 1 1 1 1 1 1 1 1 1 1 1 1 1 1 6 (P)+1 (P)-1 1 1 1 1 1 1 1 1 1 1 1 1 1 1 1 1 1 1 1 1 1 1 1 1 1 1 +1 1 1 1 1 6 (P)-1 1 48 1 1 1 1 1 1 1 1 1 1 1 1 1 1 1 1 1 1 1 1 1 1 1 1 1 1 1 1 1 1 6 (P)+1 +1 +1 (R:t)-1 4 1 1 1 1 1 1 +1 (P)(R)+1 +72 +1 +1 +1 +1 +1 +1 +1 (R:t)-1 4 1 1 1 1 1 1 +1 +1 +1 +1 +1 +1 ++1 1 +1 (P)+1 +1 +1 +1 +1 +1 (P)+1 (R:t)-1 +4 1 1 1 36 1 1 1 +1 +1 +1 +1 +1 +1 +1 +1 (R:t)-1 4 1 1 1 1 1 1 +(R)12 +1 (R:t)-1 4 +1 1 1 (P)1 1 1 1 (R)+1 +6 +1 (R:t)-1 1 +1 1 1 +1 1 1 +1 1 +1 1 (P)+1 (R:t)-1 1 1 1 1 1 1 1 +1 +1 (VRH0)(P)(R)+1 (R:t)-1 4 1 1 1 1 1 1 +1 (VRH0)-1 1 1 (R)1 (VRH0)-1 1 1 (VRH0)-1 1 1 (VRH0)-1 1 1 (VRH0)++1 1 (R:t)-1 4 +1 (P)1 1 1 1 1 1 +1 (R)+3 +1 +1 +1 (P)+1 +3 +1 +3 +3 +9 ++8 1 (R:t)-1 1 +3 1 1 +3 1 1 +3 1 1 +1 +3 (check) +1 (CB)(R:t)-(P)1 1 1 1 1 1 1 1 (R)+1 (R:t)-1 4 1 1 1 1 1 1 


final flow graph transformations
(R)Removing dead operations ...Expanding complex patterns ...expanding 6 complex patterns (2 loads 2 stores 2 constants )
+1 (R:t)-1 4 1 1 1 Creating 'dr_move' opns ...1 1 1 
number of 'reduced cluster size' : 6

amnesia user time   =    1.01 s  /     1.01 s 	hdiff_flux1-Fhdiff_flux1_
amnesia system time =    0.01 s  /     0.01 s 	hdiff_flux1-Fhdiff_flux1_
amnesia real time   =    1.02 s  /     1.02 s 	hdiff_flux1-Fhdiff_flux1_

(R)--mist1 -v -k110 --common hdiff_flux1-Fhdiff_flux1_ me /media/4T/xilinx/Vitis/2023.2/aietools/data/versal_prod/lib +H/media/4T/xilinx/Vitis/2023.2/aietools/data/versal_prod/lib/elongation -x
Release: ASIP Programmer  U-2022.12-TGT-230622 
Tool: mist version U-2022.12#3eec2545bc#230622
Copyright 2014-2022 Synopsys, Inc.
This Synopsys software and all associated documentation are proprietary to
Synopsys, Inc. and may only be used pursuant to the terms and conditions of a
written license agreement with Synopsys, Inc. All other use, reproduction,
modification, or distribution of the Synopsys software or the associated
documentation is strictly prohibited.

Mist1 : side effect checking is disabled
Using nop instruction classes specified in me_chess.lib

NOTICE: no instructions are printed in error nor debugfile,
        because the instruction length > 100

+1 (R:t)-1 1 1 1 1 1 1 1 +1 (R:t)-1 1 1 1 1 1 1 1 (R)
NOTE : maximum range of occupy-stages for transitories = 8

looking up standalone NOP instruction
+1 (R:t)-1 4 1 1 1 1 1 1 (R)
Compiling all mappings: 0%..+1 (R:t)-10%..1 4 20%..1 1 1 1 1 30%..1 40%..50%..60%..70%..(R)80%..90%..100%

adding manifest flow nodes ...

Constructing flow graphs ...
Scheduling basic blocks ...
+1 (R:t)-1 1 1 1 1 1 1 1 +1 (R:t)-1 1 1 1 
HW do-loop #642 in "/media/4T/home/xianyijiang/my_sparta/aie/./ProcessUnit/hdiff_flux1.cc", line 34: (loop #3) :
critical cycle of length 131 : b49 -> b51 -> b54 -> b55 -> b57 -> b62 -> b353 -> b64 -> b66 -> b71 -> b50 -> b56 -> b58 -> b61 -> b73 -> b75 -> b79 -> b77 -> b63 -> b65 -> b67 -> b70 -> b333 -> b80 -> b82 -> b85 -> b72 -> b74 -> b76 -> b78 -> b87 -> b88 -> b94 -> b343 -> b81 -> b86 -> b89 -> b91 -> b92 -> b93 -> b96 -> b99 -> b95 -> b97 -> b100 -> b49
minimum length due to resources: 23
scheduling HW do-loop #642     	-> # cycles: 1 1 1 1 (R)132 
  -> HW do-loop #642 in "/media/4T/home/xianyijiang/my_sparta/aie/./ProcessUnit/hdiff_flux1.cc", line 81: (loop #3) : 132 cycles
+1 (R:t)-1 1 1 1 1 1 1 1 scheduling macro #1221     	-> # cycles: +1 (R:t)-1 1 1 1 1 1 1 1 62 
(R)scheduling macro #152     	-> # cycles: 9 

Total number of cycles = 203

Checking data/anti-dependencies beyond basic block boundaries
Checking resource conflicts beyond basic block boundaries
+1 (R:t)-1 
mist1 user time   =    0.06 s  /     0.06 s 	hdiff_flux1-Fhdiff_flux1_
mist1 system time = 4    0.00 s  /     0.00 s 	hdiff_flux1-Fhdiff_flux1_
mist1 real time   =    0.06 s  /     0.06 s 	hdiff_flux1-Fhdiff_flux1_

--showcolor -v -b --common hdiff_flux1-Fhdiff_flux1_ me /media/4T/xilinx/Vitis/2023.2/aietools/data/versal_prod/lib +H/media/4T/xilinx/Vitis/2023.2/aietools/data/versal_prod/lib/elongation -x
Release: ASIP Programmer  U-2022.12-TGT-230622 
Tool: showcolor version U-2022.12#3eec2545bc#230622
Copyright 2014-2022 Synopsys, Inc.
This Synopsys software and all associated documentation are proprietary to
Synopsys, Inc. and may only be used pursuant to the terms and conditions of a
written license agreement with Synopsys, Inc. All other use, reproduction,
modification, or distribution of the Synopsys software or the associated
documentation is strictly prohibited.

Reading pattern DSFGs from: /media/4T/xilinx/Vitis/2023.2/aietools/data/versal_prod/lib/isg/me_chess_dr.sfg
1 1 1 1 1 1 initialisation
(R)+1 (R:t)-1 4 1 1 1 1 1 1 (R)upgraded carrier of signal _cst.2972 to CLH
upgraded carrier of signal __ct_1048576.2974 to CLH
collect coupled operands: ..+1 (R:t)-1 1 1 1 1 1 1 1 (R)+1 (R:t)-1 1 1 1 1 1 1 1 ...(R)...+1 ..(R:t)-1 4 .1 1 .1 1 1 1 .......(R)..........+1 (R:t)-.1 ..4 ...1 1 .1 1 1 1 ...........(R).................+1 (R:t)-1 1 ...1 1 ....1 1 ..1 1 ................(R)..............+1 .(R:t)-1 ...1 ....1 ..1 1 .....1 .....1 .....1 ..........(R)................................
  80 couplings found
collect RMW pairs: BM C CB CS LC LE LR LS M MD0 P R S SP W mcCarry
register: BM {AML AMH}
	rmw pairs: 4
	coalescing      : ....
                          0 rmw fanout splits
	assigning fields: AML[0] AMH[0] AML[1] AMH[1] AML[2] AMH[2] AML[3]
	postbalancing   : none
	rematerialising : 0 moves

register: C {CL CH}
	rmw pairs: 2
	coalescing      : ..+1 
                          0 rmw fanout splits
(R:t)-1 4 1 1 1 	assigning fields:1 1  CL[0]1  CH[0](R) CH[1] CL[1] CH[2] CL[2] CL[3] CH[3] CH[4] CL[4]+1 (R:t)-1 4  CH[5]1 1 1  CL[5]1 1 1  CL[6] CH[6] CL[7]
	postbalancing   : none
(R)	rematerialising : 0 moves

register: CB
	rmw pairs: 0
	assigning fields: 0 1 2 3 4 5 6 7
	postbalancing   : none
	rematerialising : 0 moves

register: CS
	rmw pairs: 0
	assigning fields: 0 1 2 3 4+1 (R:t)-1 1  51 1  61 1  71 1 
	postbalancing   : none
	rematerialising : 0 moves

register: LC
	assigning fields:
	rematerialising : 0 moves

register: LE
	assigning fields:
	rematerialising : 0 moves

register: LR
	assigning fields:
	postbalancing   : none
	rematerialising : 0 moves

register: LS
	assigning fields:
	rematerialising : 0 moves

register: M
	rmw pairs: 0
	assigning fields:(R) 0 1
	postbalancing   : none
	rematerialising : 0 moves

register: MD0 {mdQ mdR mdRdx mdSQ mdSPARE0 mdFPAddMask mdFPMulMask}
+	assigning fields:
1 	rematerialising : (R:t)-0 moves

1 register: P
	rmw pairs: 47
1 	coalescing      : .....1 ..................1 .......................1 .
                          1 rmw fanout splits
	solving hazards : +1 1 1 
	  -> 1 splits
	assigning fields: 6(R) 7 2 3 1 0 4 5
	postbalancing   : none
	rematerialising : 0 moves

register: R
	rmw pairs: 0
	assigning fields: 10+1 (R:t)-1 4  111 1  81 1 1 1  9 12 13(R) 14 15+ 41 (R:t)-1 4  0 11 1  21  31  51 1 
	postbalancing   : none
	rematerialising : 0 moves

register: S
	rmw pairs: 0
	assigning fields: 0
	postbalancing   : none
	rematerialising : 0 moves

register: SP
	assigning fields:
	rematerialising : 0 moves

register: W {VL VH}
	rmw pairs: 0
(R)+1 (R:t)-1 1 1 1 1 1 1 1 (R)+1 (R:t)-1 1 1 1 1 1 1 1 (R)+1 (R:t)-1 4 1 1 1 1 1 1 (R)+1 	assigning fields:(R:t)-1  VL[6]4 1 1 1 1 1 1 (R) VL[2] VL[4]+1 (R:t)-1 1 1 1 1 1 1 1  VH[4] VL[5](R) VL[0]+1 (R:t)-1 1 1 1 1 1 1 1  VL[1](R)
	postbalancing   : none
+1 	rematerialising : (R:t)-1 0 moves

4 register: mcCarry
	assigning fields:
	postbalancing   : none
	rematerialising : 1 0 moves

align offsets:
	computing ideal alignment on mergeable borders: ..
	handle assignment constraints
1 	reassign aligned offsets: {AMH AML}(!) CB(!) CH(!) CL(!) CS(!) M(!) P(!) R(!) S(!) {VH VL}(!)
	updating reassigned offsets in sfg

collect coupled operands: ..1 1 ..1 1 .(R).......+1 (R:t)-1 4 1 1 .1 1 1 1 ........(R)...............+1 (R:t)-1 1 1 1 .1 1 1 .1 ........................(R).........................+.1 .....(R:t)-..1 1 ..1 ..1 ....1 ....1 ........1 .......1 .................................(R)................
  27 couplings found

violated couplings: 1

Iteration required: enforce operand locations to satisfy coupled operand constraints
Please run RA1 again.

showcolor user time   =    0.23 s  /     0.22 s 	hdiff_flux1-Fhdiff_flux1_
showcolor system time =    0.01 s  /     0.01 s 	hdiff_flux1-Fhdiff_flux1_
showcolor real time   =    0.24 s  /     0.23 s 	hdiff_flux1-Fhdiff_flux1_

--amnesia -v -p12 -q2 -eAM -rCLH -fR=2 +Oearly-fanout-complex +Odhls -Ono-prune-mappings +Oexcc +Oprefer-local-reg-moves -Ono-collapse-bundles --common hdiff_flux1-Fhdiff_flux1_ me /media/4T/xilinx/Vitis/2023.2/aietools/data/versal_prod/lib +H/media/4T/xilinx/Vitis/2023.2/aietools/data/versal_prod/lib/elongation -x
Release: ASIP Programmer  U-2022.12-TGT-230622 
Tool: amnesia version U-2022.12#3eec2545bc#230622
Copyright 2014-2022 Synopsys, Inc.
This Synopsys software and all associated documentation are proprietary to
Synopsys, Inc. and may only be used pursuant to the terms and conditions of a
written license agreement with Synopsys, Inc. All other use, reproduction,
modification, or distribution of the Synopsys software or the associated
documentation is strictly prohibited.

Reading interprocedural optimisation data from: hdiff_flux1-Fhdiff_flux1_.flc
Reading pattern DSFGs from: /media/4T/xilinx/Vitis/2023.2/aietools/data/versal_prod/lib/isg/me_chess_dr.sfg

application DSFG routing:

**** Routing 'Fhdiff_flux1' ****
+1 (R:t)-1 4 1 1 1 1 1 1 (R)+1 (R:t)-1 4 1 1 1 1 1 1 (R)+1 (R:t)-1 1 1 1 analysing connectivity in ISG
1 1 1 1 (R)+1 (R:t)-1 1 1 1 1 1 1 1 (R)(check) (P)(R)initial DSFG transformations

# splits: 35 +1 +1 +1 +1 +1 +1 +1 +1 +1 +1 +1 +1 +1 +1 +1 +1 +1 +1 +1 +1 +1 +1 +1 +1 +1 +1 +1 +1 +1 +1 initial timing
+1 +1 +1 +1 initialise routing
+1 (check) (R0:t)=dependency hazard solving

1 of 2: (4 13 642)
1 1 (seq:8) (seq:1) (P:t)=
2 of 2: (152 1221)
1 2 
sync/offset hazards solving
2 

time (after hazard solving) =    0.08 s

routing control inputs

routing

1 of 2 ( 4 642 13 )
1 1 2 # uses: 219 +2 1 1 2 8 2 1 1 2 2 1 1 2 +1 2 +1 1 2 12 2 1 2 2 2 1 1 1 1 1 1 1 1 1 (R:t)=1 1 +1 1 +1 1 1 12 1 2 (P)+1 +(R)128 / +128 +32 +8 +12 +1 +8 +4 +4 +1 +1 +16 +4 +1 +1 +1 +1 +1 +1 +1 +2 +1 +1 +1 +1 (VDH0)+2 +1 +1 +1 +1 +1 +1 +1 +1 +1 (VDH0)+2 +1 +1 +1 +1 +1 +1 +1 +1 +1 (VDH0)(VRH0)(VCH)+2 +1 +1 +1 +1 +1 +1 +1 +1 +1 (VDH0)(VRH0)(VCH)+2 +1 +1 +1 +1 (VDH0)(rlx +11)(VDH0)+1 +1 +1 +1 ++++++++++++++++++++++++1 +1 +1 ++++++++++++++++++1 +++++++++++++++++1 ++++++++1 +1 +++++++1 ++++++1 ++++1 ++++1 ++1 ++1 ++1 ++1 ++1 ++1 ++1 ++1 ++1 ++1 (P)(rlx +2)(P)++1 ++1 ++1 (P)-1 1 1 1 1 1 1 1 1 1 1 1 1 1 1 1 1 1 1 1 1 1 1 1 1 1 1 1 1 1 1 1 1 (P)+1 (P)-1 1 1 1 1 1 1 1 1 1 1 1 1 1 1 1 1 1 1 1 1 1 1 1 1 1 1 1 1 =3 1 1 2 2 1 1 +1 1 2 (P)-1 1 1 1 1 2 1 1 1 1 1 1 1 1 1 1 2 1 1 1 1 1 1 1 1 1 1 1 1 1 1 1 1 1 1 1 1 2 3 1 1 2 1 1 2 1 1 (P)2 +1 1 1 +2 1 1 1 ++1 2 1 ++1 1 2 (P)-1 1 1 1 1 1 1 1 1 1 1 1 1 1 3 1 1 1 1 1 1 1 1 1 1 1 1 1 1 1 1 1 1 1 1 1 2 3 1 1 1 2 2 1 2 (P)++1 2 1 (P)-4 1 4 1 1 1 1 1 1 1 1 1 1 1 1 1 1 1 1 1 1 1 1 1 1 1 1 1 1 1 1 +1 (check) 3 1 2 1 (P)++1 ++1 
# splits: 35 ++1 (P)-1 1 1 1 1 1 1 1 1 1 1 1 1 1 1 1 1 1 1 1 1 1 1 1 1 1 1 1 1 3 1 2 1 (P)++1 (CB_via_7)-1 1 1 1 1 2 2 2 1 1 (CB_via_7)-1 1 1 1 1 2 2 2 1 1 (CB_via_7)+1 (CSH_via_3)-1 1 1 1 1 1 1 1 1 1 (CSH_via_3)-1 1 1 1 1 1 1 1 1 1 (CSH_via_3)+1 +1 (CB_via_7)-1 1 1 1 1 2 2 2 1 1 

(CB_via_7)+1 (CSH_via_3)-1 1 1 1 1 1 1 1 1 1 
2 of 4 ( 4 3224 9 3399 3398 24 232 236 1254 32 )
# uses: 85 +1 +1 (CSH_via_3)+1 +1 +1 +1 ++1 1 +1 +1 +1 +1 +1 +1 ++1 1 +(CB_via_7)-1 1 1 1 1 1 +2 2 1 2 +1 1 1 +1 +1 +1 +(CB_via_7)+1 1 +(CSH_via_3)-1 1 1 1 +1 1 1 1 1 1 1 +1 1 +(CSH_via_3)1 +1 +1 ++1 1 ++1 4 +1 (CB_via_7)+1 -1 +1 1 1 +1 1 1 +1 2 +1 2 +1 2 1 +1 1 +1 +1 +1 +1 +1 (CB_via_7)+1 +1 +1 +1 +1 +1 +1 (CSH_via_3)-+1 1 1 1 +1 1 1 1 +1 1 1 1 +1 1 +1 +1 +1 (CSH_via_3)+1 ++1 1 +1 +1 (P)+1 (CB)+1 -+1 1 1 +1 +1 1 1 +1 1 +1 1 1 +1 1 +1 1 1 +1 1 1 +1 1 1 +1 1 1 +1 1 +1 1 1 +1 1 1 1 +1 1 1 1 +1 1 1 +1 1 1 +1 1 1 1 +1 1 +1 (P)(CB_via_7)++1 1 +1 +1 +(CS)1 -+1 1 (P)1 (P)+1 +1 +1 1 (check) (R)3 
# floating moves to bind: 8



3 of 4 ( 10 )
# uses: 47 +1 +1 +1 1 +1 +1 1 +1 +1 +1 1 +1 +1 1 +1 +1 +1 1 +1 (rlx +1)1 1 +1 1 +1 +1 1 +1 +1 +1 1 +1 1 +1 +1 +1 1 +1 +1 1 +1 +1 1 +1 1 +1 +1 1 +1 1 +1 +1 +1 1 +1 1 +1 1 +1 +1 1 +1 +1 1 +1 +1 1 +1 +1 +1 +1 1 (check) 1 

1 1 1 1 1 
4 of 4 ( 2489 240 )
# uses: 256 +(CS)(check) 3 +(VCH)=3 1 2 +3 3 1 2 +3 1 3 +(VCH)3 +3 +1 (VCH)+1 +(P)3 +3 +3 +3 +1 +1 +


2 of 2 ( 1221 152 )
# uses: 119 +3 +12 9 +3 ++3 +6 +9 +9 +1 +1 +1 +1 +1 +3 +3 +3 +1 +3 +3 (P)+3 (P)+3 (P)+3 (P)+1 +1 +3 (P)+1 +1 +1 +1 +1 +1 +1 +1 +1 +1 +1 +1 +1 +1 +1 +1 +1 +1 +1 +1 +1 +1 +1 +1 +1 (P)+1 (P)+1 +1 +1 +8 (R)+1 +1 +1 +1 +1 +1 +1 +1 +1 +1 +1 +1 +1 +1 +1 +4 (R)+1 +1 +1 +1 +1 +1 +1 +1 +1 +1 +1 +1 +1 +1 (R)+1 +1 +1 +1 +1 +1 (P)+1 +1 +1 +1 +1 (P)+2 +1 +1 +1 +1 +1 +1 +1 +1 +1 +3 +1 +1 +1 +1 +1 +3 +1 +1 +1 +1 +1 +3 +1 +1 +1 +1 +1 +3 +1 +1 / ++1 +1 +1 +3 (R)+1 +1 +1 +1 +1 +3 +1 +1 +1 +1 +3 (R)(R)+1 (R)+1 (R)+1 (R)+1 (R)+3 +1 +1 +1 +1 +3 (R)(R)+1 (R)+1 (R)+1 (R)+1 (R)+3 +1 +1 +1 +1 +3 (R)(R)+1 (R)+1 (R)+1 (R)+1 (R)+3 +1 +1 +1 +1 +3 (R)(R)+1 (R)+1 (R)+3 (R)576 / +(R)+1 +3 (R)72 (R)+1 (R)(R)+3 (R)+6 +6 +2 +2 +6 +2 +(R)+1 +3 +1 +3 (R)(R)+1 +3 +1 +3 (R)(R)+1 +3 +1 +3 +1 +3 / +(R)(R)+1 (R)128 +3 +1 +3 (R)(R)+1 (R)+3 +1 ++2 1 +1 +1 ++1 +3 3 +2 (R)+1 +3 +(R)+1 +3 +1 +3 (R)(R)+1 +3 (CLH)+1 (CLH)+3 (R)(R)192 +1 +3 (CLH)+1 (CLH)+3 (R)(R)+1 (R)+3 (CLH)+1 (CLH)+3 (R)+2 +(R)192 / +48 +1 (R)(rlx +7)(R)+32 +3 (CLH)+1 (CLH)+3 ++1 +8 +8 +8 +8 (R)+8 (R)+8 64 (R)+8 (R)(R)+8 (R)+(R)2 +1 +1 +1 +1 +1 +1 +1 +1 +1 +1 +1 +1 ++8 +8 (R)(R)+8 (R)+1 +1 +1 +1 (M)+1 (M)(M)+1 (M)+1 (M)+1 (M)(M)+1 (M)(M)+1 (M)+1 (M)(M)+1 (M)+3 +5 (check) (P)(R)768 / +(CLH)(R)128 


final flow graph transformations
Removing dead operations ...Expanding complex patterns ...Creating 'dr_move' opns ...
number of 'reduced cluster size' : 0
+
amnesia user time   =    1.71 s  /     1.70 s 	7_2-main_
amnesia system time =    0.01 s  /     0.01 s 	7_2-main_
amnesia real time   =    1.72 s  /     1.72 s 	7_2-main_

--mist1 -v -k110 --common 7_2-main_ me /media/4T/xilinx/Vitis/2023.2/aietools/data/versal_prod/lib +H/media/4T/xilinx/Vitis/2023.2/aietools/data/versal_prod/lib/elongation -x
Release: ASIP Programmer  U-2022.12-TGT-230622 
Tool: mist version U-2022.12#3eec2545bc#230622
Copyright 2014-2022 Synopsys, Inc.
This Synopsys software and all associated documentation are proprietary to
Synopsys, Inc. and may only be used pursuant to the terms and conditions of a
written license agreement with Synopsys, Inc. All other use, reproduction,
modification, or distribution of the Synopsys software or the associated
documentation is strictly prohibited.

Mist1 : side effect checking is disabled
Using nop instruction classes specified in me_chess.lib

NOTICE: no instructions are printed in error nor debugfile,
        because the instruction length > 100


NOTE : maximum range of occupy-stages for transitories = 8

looking up standalone NOP instruction

Compiling all mappings: 0%..10%..20%..30%..40%..50%..60%..256 / +70%..80%..90%..100%

adding manifest flow nodes ...

Constructing flow graphs ...
128 Scheduling basic blocks ...
scheduling macro #91     	-> # cycles: 1 
scheduling macro #97     	-> # cycles: 4 
scheduling macro #103     	-> # cycles: 4 
scheduling macro #109     	-> # cycles: 4 
scheduling macro #115     	-> # cycles: 4 
scheduling macro #121     	-> # cycles: 4 
scheduling macro #127     	-> # cycles: 4 
scheduling macro #133     	-> # cycles: 4 
scheduling macro #139     	-> # cycles: 4 
scheduling macro #145     	-> # cycles: 4 
scheduling macro #151     	-> # cycles: 4 
scheduling macro #155     	-> # cycles: 4 
scheduling macro #636     	-> # cycles: 14 
scheduling macro #165     	-> # cycles: +1 +1 +1 (R:t)-1 1 1 1 1 1 1 1 1 +1 (P:t)-1 1 1 +1 (P:t)-1 1 1 +3 +1 +1 +3 +1 +1 +3 +1 +1 +3 +1 +1 +3 +1 +1 +3 +1 +1 +3 +1 (P)+1 +3 14 
scheduling macro #171     	-> # cycles: 2 
scheduling macro #177     	-> # cycles: 4 
scheduling macro #183     	-> # cycles: 4 
scheduling macro #189     	-> # cycles: 4 
+1 scheduling macro #195     	-> # cycles: 4 
scheduling macro #201     	-> # cycles: 4 
scheduling macro #207     	-> # cycles: 4 
scheduling macro #213     	-> # cycles: 4 
scheduling macro #219     	-> # cycles: 4 
scheduling macro #225     	-> # cycles: 4 
scheduling macro #229     	-> # cycles: 4 
scheduling macro #3374     	-> # cycles: (P)+1 +3 +1 (P)+1 +3 +1 (P)+1 +96 71 
scheduling macro #3224     	-> # cycles: 15 
scheduling macro #10     	-> # cycles: 1 
scheduling macro #3399     	-> # cycles: 11 
scheduling macro #3398     	-> # cycles: 9 
scheduling macro #236     	-> # cycles: 9 
scheduling macro #1254     	-> # cycles: 20 
scheduling macro #2489     	-> # cycles: +48 +48 +1 (P)+1 +72 +1 +1 +1 +1 (P)182 
+1 (P)+36 +12 scheduling macro #240     	-> # cycles: 14 

Total number of cycles = 447

Checking data/anti-dependencies beyond basic block boundaries
Checking resource conflicts beyond basic block boundaries

mist1 user time   =    0.23 s  /     0.23 s 	7_2-main_
mist1 system time =    0.01 s  /     0.01 s 	7_2-main_
mist1 real time   =    0.24 s  /     0.24 s 	7_2-main_

--showcolor -v -b --common 7_2-main_ me /media/4T/xilinx/Vitis/2023.2/aietools/data/versal_prod/lib +H/media/4T/xilinx/Vitis/2023.2/aietools/data/versal_prod/lib/elongation -x
Release: +1 ASIP Programmer  U-2022.12-TGT-230622 
Tool: showcolor version U-2022.12#3eec2545bc#230622
Copyright 2014-2022 Synopsys, Inc.
This Synopsys software and all associated documentation are proprietary to
Synopsys, Inc. and may only be used pursuant to the terms and conditions of a
written license agreement with Synopsys, Inc. All other use, reproduction,
modification, or distribution of the Synopsys software or the associated
documentation is strictly prohibited.

Reading pattern DSFGs from: /media/4T/xilinx/Vitis/2023.2/aietools/data/versal_prod/lib/isg/me_chess_dr.sfg
(P)initialisation
+1 +6 +1 +1 +1 +1 (CSL_via_1)(P)+1 +1 (VRH0)(P)+1 (VRH0)-1 1 1 1 (VRH0)-1 1 1 (VRH0)-1 1 1 (VRH0)-1 1 1 (VRH0)+1 +1 (P)+1 +3 +1 +1 +1 (P)+1 +3 +1 +3 +3 +9 +8 +3 +3 +3 +1 +3 (check) (CSL_via_1)(P)upgraded carrier of signal _cst.15160,__rt.15162 to R



final flow graph transformations
collect coupled operands: .......Removing dead operations ....Expanding complex patterns ....expanding 6 complex patterns (2 loads 2 stores 2 constants )
..........................Creating 'dr_move' opns ...........
number of 'reduced cluster size' : 4
....
amnesia user time   =    1.24 s  /     1.24 s 	hdiff_flux1-Fhdiff_flux1_
amnesia system time =    0.01 s  /     0.01. s 	hdiff_flux1-Fhdiff_flux1_
amnesia real time   =    1.24 s  /     1.24 s 	hdiff_flux1-Fhdiff_flux1_

................--mist1 -v -k110 --common hdiff_flux1-Fhdiff_flux1_ me /media/4T/xilinx/Vitis/2023.2/aietools/data/versal_prod/lib +H/media/4T/xilinx/Vitis/2023.2/aietools/data/versal_prod/lib/elongation -x
Release: ASIP Programmer  U-2022.12-TGT-230622 
Tool: mist version U-2022.12#3eec2545bc#230622
Copyright 2014-2022 Synopsys, Inc.
This Synopsys software and all associated documentation are proprietary to
Synopsys, Inc. and may only be used pursuant to the terms and conditions of a
written license agreement with Synopsys, Inc. All other use, reproduction,
modification, or distribution of the Synopsys software or the associated
documentation is strictly prohibited.

Mist1 : side effect checking is disabled
..Using nop instruction classes specified in me_chess.lib

NOTICE: no instructions are printed in error nor debugfile,
        because the instruction length > 100

........................................................................................................................................................................................................................................................................................................................................................................................................
NOTE : maximum range of occupy-stages for transitories = 8

looking up standalone NOP instruction
................................................
  63 couplings found
collect RMW pairs: C LR M P
Compiling all mappings: 0%..10%..20%..30%..40%.. R50%..60%..70%..80%..90%..100%

adding manifest flow nodes ...

Constructing flow graphs ...
Scheduling basic blocks ...
 SP mcCarry
register: C {CL CH}
	rmw pairs: 0

HW do-loop #642 in "/media/4T/home/xianyijiang/my_sparta/aie/./ProcessUnit/hdiff_flux1.cc", line 34: (loop #3) :
critical cycle of length 131 : b49 -> b51 -> b54 -> b55 -> b57 -> b62 -> b355 -> b64 -> b66 -> b71 -> b50 -> b56 -> b58 -> b61 -> b73 -> b75 -> b79 -> b77 -> b63 -> b65 -> b67 -> b70 -> b335 -> b80 -> b82 -> b85 -> b72 -> b74 -> b76 -> b78 -> b87 -> b88 -> b94 -> b345 -> b81 -> b86 -> b89 -> b91 -> b92 -> b93 -> b96 -> b99 -> b95 -> b97 -> b100 -> b49
minimum length due to resources: 23
scheduling HW do-loop #642     	-> # cycles: 132 
  -> HW do-loop #642 in "/media/4T/home/xianyijiang/my_sparta/aie/./ProcessUnit/hdiff_flux1.cc", line 81: (loop #3) : 132 cycles
	assigning fields: CL[0]scheduling macro #1221     	-> # cycles:  CH[0] CH[1] CL[1] CH[2] CL[2] CL[3] CH[3] CH[4] CL[4] CH[5] CL[5] CL[6]
	postbalancing   : none
	rematerialising : 0 moves

register: LR
	assigning fields:
	postbalancing   : none
	rematerialising : 0 moves

register: M
	rmw pairs: 0
	assigning fields: 0 1 2 3 4 5 6 7
	postbalancing   : none
	rematerialising : 0 moves

register: P
	rmw pairs: 63
	coalescing      : ..........................63 
...........scheduling macro #152     	-> # cycles: ...8 

Total number of cycles = 203

Checking data/anti-dependencies beyond basic block boundaries
Checking resource conflicts beyond basic block boundaries
......
mist1 user time   =    0.07 s  /     0.07 s 	hdiff_flux1-Fhdiff_flux1_
mist1 system time =    0.00 s  /     0.00 s 	hdiff_flux1-Fhdiff_flux1_
mist1 real time   =    0.07 s  /     0.07 s 	hdiff_flux1-Fhdiff_flux1_

--showcolor -v -b --common hdiff_flux1-Fhdiff_flux1_ me /media/4T/xilinx/Vitis/2023.2/aietools/data/versal_prod/lib +H/media/4T/xilinx/Vitis/2023.2/aietools/data/versal_prod/lib/elongation -x
Release: .ASIP Programmer  U-2022.12-TGT-230622 
Tool: showcolor version U-2022.12#3eec2545bc#230622
Copyright 2014-2022 Synopsys, Inc.
This Synopsys software and all associated documentation are proprietary to
Synopsys, Inc. and may only be used pursuant to the terms and conditions of a
written license agreement with Synopsys, Inc. All other use, reproduction,
modification, or distribution of the Synopsys software or the associated
documentation is strictly prohibited.

Reading pattern DSFGs from: /media/4T/xilinx/Vitis/2023.2/aietools/data/versal_prod/lib/isg/me_chess_dr.sfg
................
                          11 rmw fanout splits
initialisation
	solving hazards : (limit-fo) +(limit 1)upgraded carrier of signal _cst.3045 to CLH
upgraded carrier of signal __ct_1048576.3047 to CLH

	  -> 15 splits
Reading operand couplings: 27 couplings
collect coupled operands: ..	assigning fields:. 6.. 7. 0.... 4.. 2 3 5. 1........
	postbalancing   : none
...........	rematerialising : ....0 moves

register: R
	rmw pairs: 0
.....	solving hazards : +...................+.....
	  -> 2 splits
........	assigning fields:... 12..................(limit 1) . 13...........................(limit 1) ........ 14................(limit 1)  15...........(limit 1) ..... 10........
  80 couplings found
collect RMW pairs: BM 11 C CB CS LC LE LR LS M MD0 Px 8(limit 1)  9(limit 1)  5 R S SP W mcCarry
register: BM {AML AMH}
	rmw pairs: 4
	coalescing      : ....
                          0 rmw fanout splits
(limit 1)  6	assigning fields: AML[0] AMH[0] AML[1] AMH[1] AML[2](limit 1)  AMH[2] AML[3] 7
	postbalancing   : none
	rematerialising : 0 moves

register: C {CL CH}
	rmw pairs: 2
(limit 1)  4	coalescing      : .x 1. 2 3 0
                          0 rmw fanout splits

	extra splits during assignment: 2
	postbalancing   : none
	assigning fields: CH[2]	rematerialising :  CH[3] CH[4] CH[5] CH[6] CH[7]+ CH[0] CH[1] CL[2] CL[3] CL[4] CL[5] CL[6]
	postbalancing   : none
	rematerialising : 0 moves

register: CB
	rmw pairs: 0
	assigning fields:
	postbalancing   : none
	rematerialising : 0 moves

register: CS
	rmw pairs: 0
	assigning fields: 0+ 1 2 4 5 6 7xx 3+
	extra splits during assignment: 2
	postbalancing   : none
	rematerialising : + 4 ra_moves

register: SP
	assigning fields:
	rematerialising : +0 moves

 2 ra_moves

register: LC
	assigning fields:
	rematerialising : 0 moves

register: LE
	assigning fields:
	rematerialising : 0 moves

register: LR
register: mcCarry
	assigning fields:
	postbalancing   : none
	rematerialising : 0 moves

register: LS
	assigning fields:
	postbalancing   : none
	assigning fields:
	rematerialising : 0 moves

register: M
	rmw pairs: 0
	assigning fields:	rematerialising :  0 10 moves

align offsets:
	computing ideal alignment on mergeable borders:  2
	handle assignment constraints

	postbalancing   : none
	reassign aligned offsets: CH	rematerialising :  CL M0 moves

 P R
	updating reassigned offsets in sfg
register: MD0 {mdQ mdR mdRdx mdSQ mdSPARE0 mdFPAddMask mdFPMulMask}

collect coupled operands: ..	assigning fields:
.	rematerialising : .....0 moves

..register: P
	rmw pairs: 47
..	coalescing      : ...................................................
                          1 rmw fanout splits
.	solving hazards : +.........
	  -> 1 splits
....	assigning fields:... 6............................................ 7........................................................................................................... 2...... 3............. 1............................................................................................................... 0................ 4........................ 5...............
	postbalancing   : .none
.....................................	rematerialising : ........................0 moves

.register: R
	rmw pairs: 0
.........................	assigning fields:..... 10..................... 11.................... 8.....................
  0 couplings found
solving cycles:  9none
 12 13 14 15 4 0 1 2 3 5
	postbalancing   : none
	rematerialising : 0 moves

register: S
	rmw pairs: 0
	assigning fields: 0
	postbalancing   : none
	rematerialising : 0 moves

register: SP
	assigning fields:
	rematerialising : 0 moves

register: W {VL VH}
	rmw pairs: 0

memory: __spill_DM_stack
	assigning field:  0	assigning fields: VL[6] VL[2] 4 VL[4] VH[4] VL[5] VL[0] VL[1]
	postbalancing   : none
	rematerialising : 0 moves

register: mcCarry
	assigning fields:
	postbalancing   : none
	rematerialising : 0 moves

align offsets:
	computing ideal alignment on mergeable borders: ..
	handle assignment constraints
	reassign aligned offsets: {AMH AML}(!) CB(!) CH(!) CL(!) CS(!) M(!) P(!) R(!) S(!) {VH VL}(!)
	updating reassigned offsets in sfg

collect coupled operands: ..................... 8........................................................................................................................................................
  27 couplings found
solving cycles: none
 12
memory: __spill_DM_stack
	assigning field:  0 4 8 12 16 20 24 28 32 36 40 44 48 52 56 60 64 68 72 76 80 84 88 92 96 100 104 108 112 116 120 124 128

solving cycles: none

1 ra_move inserted (1 cyclic)

showcolor iterated 1 time to RA1

Writing LIB (with interprocedural optimisation data) to: hdiff_flux1-Fhdiff_flux1__ra.lib

showcolor user time   =    0.22 s  /     0.21 s 	hdiff_flux1-Fhdiff_flux1_
showcolor system time =    0.00 s  /     0.00 s 	hdiff_flux1-Fhdiff_flux1_
showcolor real time   =    0.23 s  /     0.22 s 	hdiff_flux1-Fhdiff_flux1_

--mist2 -v -D__AIENGINE__ -D__AIE_ARCH__=10 -DDEPLOYMENT_ELF=1 -D__LOCK_FENCE_MODE__=0 -DAIE_OPTION_SCALAR_FLOAT_ON_VECTOR -D__tct_tgt__=230622 +Omodo -k110 +Omsbr=2000 +Opnll +A +pnopALU +pnopLDA +pnopLDB +pnopSTS +pnopVEC +Ofexm +Onzmem +Ono-mapping-backtracking +Oalways-check-exec-paths +Omodulo-scheduling-minimize-folding-index +Omodulo-scheduling-lookahead-critical-transitory-class=AcqLdaRsrc_ID,AcqLdbRsrc_ID:2 +Odisable-spill-instr-class=LR_short_spill +Odisaggr-record-accesses +Oslr=crUPSMode +Oslr=crSRSMode -ggraph --common hdiff_flux1-Fhdiff_flux1_ me /media/4T/xilinx/Vitis/2023.2/aietools/data/versal_prod/lib +H/media/4T/xilinx/Vitis/2023.2/aietools/data/versal_prod/lib/elongation -x
Release: ASIP Programmer  U-2022.12-TGT-230622 
Tool: mist version U-2022.12#3eec2545bc#230622
Copyright 2014-2022 Synopsys, Inc.
This Synopsys software and all associated documentation are proprietary to
Synopsys, Inc. and may only be used pursuant to the terms and conditions of a
written license agreement with Synopsys, Inc. All other use, reproduction,
modification, or distribution of the Synopsys software or the associated
documentation is strictly prohibited.

Mist2 : side effect checking is enabled
Using nop instruction classes specified in me_chess.lib

NOTICE: no instructions are printed in error nor debugfile,
        because the instruction length > 100


NOTE: list of .dot file for folded graph in file: hdiff_flux1-Fhdiff_flux1__s2_info/dot.txt
 16Reading elongation rules from: /media/4T/xilinx/Vitis/2023.2/aietools/data/versal_prod/lib/elongation

NOTE : maximum range of occupy-stages for transitories = 8

looking up standalone NOP instruction
 20
Compiling all mappings: 0%.. 24 28 32 36 4010%.. 44 48 5220%.. 56 60 6430%.. 68 72 76 80 84 88 92 96 10040%.. 104 108 112 116 120 124 128 132 136 140 144 148 152 156

solving cycles: none
50%..
15 ra_moves inserted

Writing LIB (with interprocedural optimisation data) to: 7_2-main__ra.lib

showcolor user time   =    0.59 s  /     0.57 s 	7_2-main_
showcolor system time =    0.00 s  /     0.00 s 	7_2-main_
showcolor real time   =    0.59 s  /     0.57 s 	7_2-main_

--mist2 -v -D__AIENGINE__ -D__AIE_ARCH__=10 -DDEPLOYMENT_ELF=1 -D__LOCK_FENCE_MODE__=0 -DAIE_OPTION_SCALAR_FLOAT_ON_VECTOR -D__tct_tgt__=230622 +Omodo -k110 +Omsbr=2000 +Opnll +A +pnopALU +pnopLDA +pnopLDB +pnopSTS +pnopVEC +Ofexm +Onzmem +Ono-mapping-backtracking +Oalways-check-exec-paths +Omodulo-scheduling-minimize-folding-index +Omodulo-scheduling-lookahead-critical-transitory-class=AcqLdaRsrc_ID,AcqLdbRsrc_ID:2 +Odisable-spill-instr-class=LR_short_spill +Odisaggr-record-accesses +Oslr=crUPSMode +Oslr=crSRSMode -ggraph --common 7_2-main_ me /media/4T/xilinx/Vitis/2023.2/aietools/data/versal_prod/lib +H/media/4T/xilinx/Vitis/2023.2/aietools/data/versal_prod/lib/elongation -x
Release: ASIP Programmer  U-2022.12-TGT-230622 
Tool: mist version U-2022.12#3eec2545bc#230622
Copyright 2014-2022 Synopsys, Inc.
This Synopsys software and all associated documentation are proprietary to
Synopsys, Inc. and may only be used pursuant to the terms and conditions of a
written license agreement with Synopsys, Inc. All other use, reproduction,
modification, or distribution of the Synopsys software or the associated
documentation is strictly prohibited.

Mist2 : side effect checking is enabled
Using nop instruction classes specified in me_chess.lib

NOTICE: no instructions are printed in error nor debugfile,
        because the instruction length > 100


NOTE: list of .dot file for folded graph in file: 7_2-main__s2_info/dot.txt
Reading elongation rules from: /media/4T/xilinx/Vitis/2023.2/aietools/data/versal_prod/lib/elongation

NOTE : maximum range of occupy-stages for transitories = 8

looking up standalone NOP instruction

Compiling all mappings: 0%..60%..70%..80%..90%..10%..100%


review chess_separator_scheduler(offset > 0)

HW do-loop #642 in "/media/4T/home/xianyijiang/my_sparta/aie/./ProcessUnit/hdiff_flux1.cc", line 34: (loop #3) :
critical cycle of length 94 : b49 -> b51 -> b54 -> b55 -> b57 -> b62 -> b355 -> b64 -> b66 -> b71 -> b73 -> b75 -> b550 -> b63 -> b65 -> b67 -> b70 -> b335 -> b80 -> b82 -> b85 -> b371 -> b87 -> b88 -> b94 -> b345 -> b81 -> b86 -> b89 -> b91 -> b92 -> b93 -> b96 -> b97 -> b100 -> b49
minimum length due to resources: 23
scheduling HW do-loop #642
(algo 1a)	-> # cycles: 20%..101 
(modulo)	-> # cycles:30%..40%..50%..60%..70%..80%..90%.. 94100%


review chess_separator_scheduler(offset > 0)
 ok (required budget ratio: 1) removing chess_separator blocks up to strength 2 in foldable loops
removing chess_separator blocks up to strength 2 (all)

jump threading ...
adding manifest flow nodes ...

Constructing flow graphs ...
 
(resume algo)	  -> after folding: 94  (folded over 1 iterations)
  -> HW do-loop #642 in "/media/4T/home/xianyijiang/my_sparta/aie/./ProcessUnit/hdiff_flux1.cc", line 81: (loop #3) : 94 cycles
NOTICE: loop #642 contains folded negative edges
NOTICE: loop #642 contains multiply folded data-flow(s)
NOTICE: postamble created
Scheduling basic blocks ...
scheduling macro #91     	-> # cycles: 1 
scheduling macro #97     	-> # cycles: 4 
scheduling macro #103     	-> # cycles: 4 
scheduling macro #109     	-> # cycles: 4 
scheduling macro #115     	-> # cycles: 4 
scheduling macro #121     	-> # cycles: 4 
scheduling macro #127     	-> # cycles: 4 
scheduling macro #133     	-> # cycles: 4 
scheduling macro #139     	-> # cycles: 4 
scheduling macro #145     	-> # cycles: 4 
scheduling macro #151     	-> # cycles: 4 
scheduling macro #155     	-> # cycles: 4 
scheduling macro #636     	-> # cycles: 
jump threading ...
adding manifest flow nodes ...

Constructing flow graphs ...
11 
scheduling macro #165     	-> # cycles: Scheduling basic blocks ...
scheduling macro #1223     	-> # cycles: 14 
scheduling macro #171     	-> # cycles: 2 
scheduling macro #177     	-> # cycles: 4 
scheduling macro #183     	-> # cycles: 4 
scheduling macro #189     	-> # cycles: 4 
scheduling macro #195     	-> # cycles: 4 
scheduling macro #201     	-> # cycles: 4 
scheduling macro #207     	-> # cycles: 4 
scheduling macro #213     	-> # cycles: 4 
scheduling macro #219     	-> # cycles: 4 
scheduling macro #225     	-> # cycles: 4 
scheduling macro #229     	-> # cycles: 4 
scheduling macro #3374     	-> # cycles: ...126 
scheduling macro #152     	-> # cycles: 
re-scheduling macro #152     	-> # cycles:  
re-scheduling macro #152     	-> # cycles:  10 

Total number of cycles = 230

Checking data/anti-dependencies beyond basic block boundaries
Checking resource conflicts beyond basic block boundaries
Checking pipeline hazards ...
64 
scheduling macro #3224     	-> # cycles: 14 
scheduling macro #10     	-> # cycles: 1 
scheduling macro #3399     	-> # cycles: 11 
scheduling macro #3398     	-> # cycles: 
Instruction alignment adds 30 extra words
Filling in loop counts in instruction enabling ...
Re-filling in 'a', 'r' values in instruction enabling ...
Adjusting target addresses ...
Filling in target addresses in instruction enabling ...
Writing micro-code to ``hdiff_flux1-Fhdiff_flux1_.mic'' ...
6 
scheduling macro #3401     	-> # cycles: 8 
scheduling macro #236     	-> # cycles: 1 
scheduling macro #3403     	-> # cycles: 5 
scheduling macro #1254     	-> # cycles: 15 

mist2 user time   =    1.99 s  /     1.99 s 	hdiff_flux1-Fhdiff_flux1_
mist2 system time =    0.01 s  /     0.01 s 	hdiff_flux1-Fhdiff_flux1_
mist2 real time   =    2.00 s  /     2.00 s 	hdiff_flux1-Fhdiff_flux1_

--tale -v -g -D__AIENGINE__ -D__AIE_ARCH__=10 -DDEPLOYMENT_ELF=1 -D__LOCK_FENCE_MODE__=0 -DAIE_OPTION_SCALAR_FLOAT_ON_VECTOR -D__tct_tgt__=230622 -Vhdiff_flux1 -L --common hdiff_flux1-Fhdiff_flux1_ me /media/4T/xilinx/Vitis/2023.2/aietools/data/versal_prod/lib +H/media/4T/xilinx/Vitis/2023.2/aietools/data/versal_prod/lib/elongation -x
Release: ASIP Programmer  U-2022.12-TGT-230622 
Tool: tale version U-2022.12#3eec2545bc#230622
Copyright 2014-2022 Synopsys, Inc.
This Synopsys software and all associated documentation are proprietary to
Synopsys, Inc. and may only be used pursuant to the terms and conditions of a
written license agreement with Synopsys, Inc. All other use, reproduction,
modification, or distribution of the Synopsys software or the associated
documentation is strictly prohibited.

Reading elongation rules from: /media/4T/xilinx/Vitis/2023.2/aietools/data/versal_prod/lib/elongation
Reading relocators from: /media/4T/xilinx/Vitis/2023.2/aietools/data/versal_prod/lib//isg/me.rlo with command tct_gcpp3 -nostdinc -nostdinc++ -lang-asm  -D'__AIENGINE__' -D'__AIE_ARCH__=10' -D'DEPLOYMENT_ELF=1' -D'__LOCK_FENCE_MODE__=0' -D'AIE_OPTION_SCALAR_FLOAT_ON_VECTOR' -D'__tct_tgt__=230622' -I'/media/4T/xilinx/Vitis/2023.2/aietools/data/versal_prod/lib/' -I'/media/4T/xilinx/Vitis/2023.2/aietools/data/versal_prod/lib//isg/'
Reading DSFG from: hdiff_flux1.gvt
Reading Dwarf register-list from file '/media/4T/xilinx/Vitis/2023.2/aietools/data/versal_prod/lib/isg/me_regs.txt' ...
Reading Dwarf register ID's from file '/media/4T/xilinx/Vitis/2023.2/aietools/data/versal_prod/lib/isg/me_regid.txt' ...

Dumping object file 'hdiff_flux1-Fhdiff_flux1_.o' in ELF format with DWARF debug information (1)
scheduling macro #2489     	-> # cycles: 
tale user time   =    0.03 s  /     0.03 s 	hdiff_flux1-Fhdiff_flux1_
tale system time =    0.02 s  /     0.02 s 	hdiff_flux1-Fhdiff_flux1_
tale real time   =    0.04 s  /     0.04 s 	hdiff_flux1-Fhdiff_flux1_

bridge -v -I/media/4T/xilinx/Vitis/2023.2/aietools/data/versal_prod/lib -I/media/4T/xilinx/Vitis/2023.2/aietools/data/versal_prod/lib/isg -i -g -I/usr/xilinx/Vitis/2023.2/aietools/include -I/media/4T/home/xianyijiang/my_sparta/aie/. -I/media/4T/home/xianyijiang/my_sparta/aie/./ProcessUnit -I/media/4T/home/xianyijiang/my_sparta/aie/. -I/media/4T/home/xianyijiang/my_sparta/aie/./aie -I/media/4T/home/xianyijiang/my_sparta/aie/media/4T/home/xianyijiang/my_sparta/aie/. -I/media/4T/home/xianyijiang/my_sparta/aie/media/4T/home/xianyijiang/my_sparta/aie/./aie -I/media/4T/home/xianyijiang/my_sparta/aie/usr/xilinx/Vitis/2023.2/aietools/include -I/usr/xilinx/Vitis/2023.2/aietools/include -I/media/4T/xilinx/Vitis/2023.2/aietools/data/versal_prod/lib/runtime_cxx/libcxx-lite/include -I/media/4T/xilinx/Vitis/2023.2/aietools/data/versal_prod/lib/runtime_cxx/libs/libcxx-9.0.0/include-lite -I/media/4T/xilinx/Vitis/2023.2/aietools/data/versal_prod/lib/runtime/include -D__AIENGINE__ -D__AIE_ARCH__=10 -DDEPLOYMENT_ELF=1 -D__LOCK_FENCE_MODE__=0 -DAIE_OPTION_SCALAR_FLOAT_ON_VECTOR -D__tct_tgt__=230622 hdiff_flux1.objlist -o../hdiff_flux1.o -pme
Release: ASIP Programmer  U-2022.12-TGT-230622 
Tool: bridge version U-2022.12#3eec2545bc#230622
Copyright 2014-2022 Synopsys, Inc.
This Synopsys software and all associated documentation are proprietary to
Synopsys, Inc. and may only be used pursuant to the terms and conditions of a
written license agreement with Synopsys, Inc. All other use, reproduction,
modification, or distribution of the Synopsys software or the associated
documentation is strictly prohibited.

.Reading enablings from: /media/4T/xilinx/Vitis/2023.2/aietools/data/versal_prod/lib/isg/me_das.ena
Reading LIB/ISG from: /media/4T/xilinx/Vitis/2023.2/aietools/data/versal_prod/lib/isg/me_das.isb
Reading LIB/ISG from: /media/4T/xilinx/Vitis/2023.2/aietools/data/versal_prod/lib/isg/me_chess_types.lib
Reading relocator definitions in file '/media/4T/xilinx/Vitis/2023.2/aietools/data/versal_prod/lib/isg/me.rlo'...
Creating link-memory
Reading 'hdiff_flux1.objlist' ...
    Adding 'hdiff_flux1-Fhdiff_flux1_.o' with source reference offset 0
    Adding 'hdiff_flux1.gvt.o' with source reference offset 0
Reading objectfile 'hdiff_flux1-Fhdiff_flux1_.o' with Dwarf info...
Reading objectfile 'hdiff_flux1.gvt.o' with Dwarf info...
Library search path: .
Library search path: 
Loading aliases information from file 'hdiff_flux1.aliases'
Creating object file '../hdiff_flux1.o'...
    Adding 'hdiff_flux1.gvt.o'...
    Adding 'hdiff_flux1-Fhdiff_flux1_.o'...
Writing object file '../hdiff_flux1.o' (1) ...

bridge user time   =    0.08 s  /     0.00 s 	../hdiff_flux1.o
bridge system time =    0.03 s  /     0.00 s 	../hdiff_flux1.o
bridge real time   =    0.12 s  /     0.01 s 	../hdiff_flux1.o

darts -v -I/usr/xilinx/Vitis/2023.2/aietools/data/versal_prod/lib -d -h -I/usr/xilinx/Vitis/2023.2/aietools/include -I/media/4T/home/xianyijiang/my_sparta/aie/. -I/media/4T/home/xianyijiang/my_sparta/aie/./ProcessUnit -I/media/4T/home/xianyijiang/my_sparta/aie/. -I/media/4T/home/xianyijiang/my_sparta/aie/./aie -I/media/4T/home/xianyijiang/my_sparta/aie/media/4T/home/xianyijiang/my_sparta/aie/. -I/media/4T/home/xianyijiang/my_sparta/aie/media/4T/home/xianyijiang/my_sparta/aie/./aie -I/media/4T/home/xianyijiang/my_sparta/aie/usr/xilinx/Vitis/2023.2/aietools/include -I/usr/xilinx/Vitis/2023.2/aietools/include -I/usr/xilinx/Vitis/2023.2/aietools/data/versal_prod/lib/runtime_cxx/libcxx-lite/include -I/usr/xilinx/Vitis/2023.2/aietools/data/versal_prod/lib/runtime_cxx/libs/libcxx-9.0.0/include-lite -I/usr/xilinx/Vitis/2023.2/aietools/data/versal_prod/lib/runtime/include -D__AIENGINE__ -D__AIE_ARCH__=10 -DDEPLOYMENT_ELF=1 -D__LOCK_FENCE_MODE__=0 -DAIE_OPTION_SCALAR_FLOAT_ON_VECTOR -D__tct_tgt__=230622 -L +Ihex +nanno ../Release/hdiff_flux1.o me
Release: ASIP Programmer  U-2022.12-TGT-230622 
Tool: darts version U-2022.12#3eec2545bc#230622
Copyright 2014-2022 Synopsys, Inc.
This Synopsys software and all associated documentation are proprietary to
Synopsys, Inc. and may only be used pursuant to the terms and conditions of a
written license agreement with Synopsys, Inc. All other use, reproduction,
modification, or distribution of the Synopsys software or the associated
documentation is strictly prohibited.

.Include paths: /usr/xilinx/Vitis/2023.2/aietools/data/versal_prod/lib:/usr/xilinx/Vitis/2023.2/aietools/include:/media/4T/home/xianyijiang/my_sparta/aie:/media/4T/home/xianyijiang/my_sparta/aie/ProcessUnit:/media/4T/home/xianyijiang/my_sparta/aie:/media/4T/home/xianyijiang/my_sparta/aie/aie:/media/4T/home/xianyijiang/my_sparta/aie/media/4T/home/xianyijiang/my_sparta/aie:/media/4T/home/xianyijiang/my_sparta/aie/media/4T/home/xianyijiang/my_sparta/aie/aie:/media/4T/home/xianyijiang/my_sparta/aie/usr/xilinx/Vitis/2023.2/aietools/include:/usr/xilinx/Vitis/2023.2/aietools/include:/usr/xilinx/Vitis/2023.2/aietools/data/versal_prod/lib/runtime_cxx/libcxx-lite/include:/usr/xilinx/Vitis/2023.2/aietools/data/versal_prod/lib/runtime_cxx/libs/libcxx-9.0.0/include-lite:/usr/xilinx/Vitis/2023.2/aietools/data/versal_prod/lib/runtime/include:.:/usr/xilinx/Vitis/2023.2/aietools/data/versal_prod/lib/isg
Reading enablings from: /usr/xilinx/Vitis/2023.2/aietools/data/versal_prod/lib/isg/me_das.ena
Reading binary LIB/ISG from: /usr/xilinx/Vitis/2023.2/aietools/data/versal_prod/lib/isg/me_das.isb
Parsing binary ISG
Parsing binary NML
Building ISG done.
Reading chess types from: /usr/xilinx/Vitis/2023.2/aietools/data/versal_prod/lib/isg/me_chess_types.lib
Reading LIB/ISG from: /usr/xilinx/Vitis/2023.2/aietools/data/versal_prod/lib/isg/me_chess_types.lib
Loading chess_types.lib file done.
Reading relocators from: /usr/xilinx/Vitis/2023.2/aietools/data/versal_prod/lib/isg/me.rlo

Disassembling code of ``../Release/hdiff_flux1.o''
Writing results to ``../Release/hdiff_flux1.o.lst''

darts user time   =    0.35 s  /     0.22 s 	../Release/hdiff_flux1.o
darts system time =    0.03 s  /     0.00 s 	../Release/hdiff_flux1.o
darts real time   =    0.38 s  /     0.22 s 	../Release/hdiff_flux1.o

.182 
scheduling macro #240     	-> # cycles: 20 

Total number of cycles = 439

Checking data/anti-dependencies beyond basic block boundaries
Checking resource conflicts beyond basic block boundaries
Checking pipeline hazards ...

Instruction alignment adds 24 extra words
Filling in loop counts in instruction enabling ...
Re-filling in 'a', 'r' values in instruction enabling ...
Adjusting target addresses ...
Filling in target addresses in instruction enabling ...
Writing micro-code to ``7_2-main_.mic'' ...

mist2 user time   =    2.93 s  /     2.93 s 	7_2-main_
mist2 system time =    0.06 s  /     0.06 s 	7_2-main_
mist2 real time   =    2.99 s  /     2.99 s 	7_2-main_

--tale -v -g -D__AIENGINE__ -D__AIE_ARCH__=10 -DDEPLOYMENT_ELF=1 -D__LOCK_FENCE_MODE__=0 -DAIE_OPTION_SCALAR_FLOAT_ON_VECTOR -D__tct_tgt__=230622 -V7_2 -L --common 7_2-main_ me /media/4T/xilinx/Vitis/2023.2/aietools/data/versal_prod/lib +H/media/4T/xilinx/Vitis/2023.2/aietools/data/versal_prod/lib/elongation -x
Release: ASIP Programmer  U-2022.12-TGT-230622 
Tool: tale version U-2022.12#3eec2545bc#230622
Copyright 2014-2022 Synopsys, Inc.
This Synopsys software and all associated documentation are proprietary to
Synopsys, Inc. and may only be used pursuant to the terms and conditions of a
written license agreement with Synopsys, Inc. All other use, reproduction,
modification, or distribution of the Synopsys software or the associated
documentation is strictly prohibited.

Reading elongation rules from: /media/4T/xilinx/Vitis/2023.2/aietools/data/versal_prod/lib/elongation
Reading relocators from: /media/4T/xilinx/Vitis/2023.2/aietools/data/versal_prod/lib//isg/me.rlo with command tct_gcpp3 -nostdinc -nostdinc++ -lang-asm  -D'__AIENGINE__' -D'__AIE_ARCH__=10' -D'DEPLOYMENT_ELF=1' -D'__LOCK_FENCE_MODE__=0' -D'AIE_OPTION_SCALAR_FLOAT_ON_VECTOR' -D'__tct_tgt__=230622' -I'/media/4T/xilinx/Vitis/2023.2/aietools/data/versal_prod/lib/' -I'/media/4T/xilinx/Vitis/2023.2/aietools/data/versal_prod/lib//isg/'
Reading DSFG from: 7_2.gvt
Reading Dwarf register-list from file '/media/4T/xilinx/Vitis/2023.2/aietools/data/versal_prod/lib/isg/me_regs.txt' ...
Reading Dwarf register ID's from file '/media/4T/xilinx/Vitis/2023.2/aietools/data/versal_prod/lib/isg/me_regid.txt' ...

Dumping object file '7_2-main_.o' in ELF format with DWARF debug information (1)

tale user time   =    0.08 s  /     0.08 s 	7_2-main_
tale system time =    0.01 s  /     0.01 s 	7_2-main_
tale real time   =    0.09 s  /     0.09 s 	7_2-main_

bridge -v -I/media/4T/xilinx/Vitis/2023.2/aietools/data/versal_prod/lib -I/media/4T/xilinx/Vitis/2023.2/aietools/data/versal_prod/lib/isg -i -g -I/usr/xilinx/Vitis/2023.2/aietools/include -I/media/4T/home/xianyijiang/my_sparta/aie/. -I/media/4T/home/xianyijiang/my_sparta/aie/./ProcessUnit -I/media/4T/home/xianyijiang/my_sparta/aie/. -I/media/4T/home/xianyijiang/my_sparta/aie/./aie -I/media/4T/home/xianyijiang/my_sparta/aie/media/4T/home/xianyijiang/my_sparta/aie/. -I/media/4T/home/xianyijiang/my_sparta/aie/media/4T/home/xianyijiang/my_sparta/aie/./aie -I/media/4T/home/xianyijiang/my_sparta/aie/usr/xilinx/Vitis/2023.2/aietools/include -I/usr/xilinx/Vitis/2023.2/aietools/include -I/media/4T/xilinx/Vitis/2023.2/aietools/data/versal_prod/lib/runtime_cxx/libcxx-lite/include -I/media/4T/xilinx/Vitis/2023.2/aietools/data/versal_prod/lib/runtime_cxx/libs/libcxx-9.0.0/include-lite -I/media/4T/xilinx/Vitis/2023.2/aietools/data/versal_prod/lib/runtime/include -D__AIENGINE__ -D__AIE_ARCH__=10 -DDEPLOYMENT_ELF=1 -D__LOCK_FENCE_MODE__=0 -DAIE_OPTION_SCALAR_FLOAT_ON_VECTOR -D__tct_tgt__=230622 7_2.objlist -o../7_2.o -pme
Release: ASIP Programmer  U-2022.12-TGT-230622 
Tool: bridge version U-2022.12#3eec2545bc#230622
Copyright 2014-2022 Synopsys, Inc.
This Synopsys software and all associated documentation are proprietary to
Synopsys, Inc. and may only be used pursuant to the terms and conditions of a
written license agreement with Synopsys, Inc. All other use, reproduction,
modification, or distribution of the Synopsys software or the associated
documentation is strictly prohibited.

Reading enablings from: /media/4T/xilinx/Vitis/2023.2/aietools/data/versal_prod/lib/isg/me_das.ena
Reading LIB/ISG from: /media/4T/xilinx/Vitis/2023.2/aietools/data/versal_prod/lib/isg/me_das.isb
Reading LIB/ISG from: /media/4T/xilinx/Vitis/2023.2/aietools/data/versal_prod/lib/isg/me_chess_types.lib
Reading relocator definitions in file '/media/4T/xilinx/Vitis/2023.2/aietools/data/versal_prod/lib/isg/me.rlo'...
Creating link-memory
Reading '7_2.objlist' ...
    Adding '7_2-main_.o' with source reference offset 0
    Adding '7_2.gvt.o' with source reference offset 0
Reading objectfile '7_2-main_.o' with Dwarf info...
Reading objectfile '7_2.gvt.o' with Dwarf info...
Library search path: .
Library search path: 
Loading aliases information from file '7_2.aliases'
Creating object file '../7_2.o'...
    Adding '7_2.gvt.o'...
    Adding '7_2-main_.o'...
Writing object file '../7_2.o' (1) ...

bridge user time   =    0.09 s  /     0.00 s 	../7_2.o
bridge system time =    0.02 s  /     0.00 s 	../7_2.o
bridge real time   =    0.11 s  /     0.01 s 	../7_2.o

darts -v -I/usr/xilinx/Vitis/2023.2/aietools/data/versal_prod/lib -d -h -I/usr/xilinx/Vitis/2023.2/aietools/include -I/media/4T/home/xianyijiang/my_sparta/aie/. -I/media/4T/home/xianyijiang/my_sparta/aie/./ProcessUnit -I/media/4T/home/xianyijiang/my_sparta/aie/. -I/media/4T/home/xianyijiang/my_sparta/aie/./aie -I/media/4T/home/xianyijiang/my_sparta/aie/media/4T/home/xianyijiang/my_sparta/aie/. -I/media/4T/home/xianyijiang/my_sparta/aie/media/4T/home/xianyijiang/my_sparta/aie/./aie -I/media/4T/home/xianyijiang/my_sparta/aie/usr/xilinx/Vitis/2023.2/aietools/include -I/usr/xilinx/Vitis/2023.2/aietools/include -I/usr/xilinx/Vitis/2023.2/aietools/data/versal_prod/lib/runtime_cxx/libcxx-lite/include -I/usr/xilinx/Vitis/2023.2/aietools/data/versal_prod/lib/runtime_cxx/libs/libcxx-9.0.0/include-lite -I/usr/xilinx/Vitis/2023.2/aietools/data/versal_prod/lib/runtime/include -D__AIENGINE__ -D__AIE_ARCH__=10 -DDEPLOYMENT_ELF=1 -D__LOCK_FENCE_MODE__=0 -DAIE_OPTION_SCALAR_FLOAT_ON_VECTOR -D__tct_tgt__=230622 -L +Ihex +nanno ../Release/7_2.o me
Release: ASIP Programmer  U-2022.12-TGT-230622 
Tool: darts version U-2022.12#3eec2545bc#230622
Copyright 2014-2022 Synopsys, Inc.
This Synopsys software and all associated documentation are proprietary to
Synopsys, Inc. and may only be used pursuant to the terms and conditions of a
written license agreement with Synopsys, Inc. All other use, reproduction,
modification, or distribution of the Synopsys software or the associated
documentation is strictly prohibited.

Include paths: /usr/xilinx/Vitis/2023.2/aietools/data/versal_prod/lib:/usr/xilinx/Vitis/2023.2/aietools/include:/media/4T/home/xianyijiang/my_sparta/aie:/media/4T/home/xianyijiang/my_sparta/aie/ProcessUnit:/media/4T/home/xianyijiang/my_sparta/aie:/media/4T/home/xianyijiang/my_sparta/aie/aie:/media/4T/home/xianyijiang/my_sparta/aie/media/4T/home/xianyijiang/my_sparta/aie:/media/4T/home/xianyijiang/my_sparta/aie/media/4T/home/xianyijiang/my_sparta/aie/aie:/media/4T/home/xianyijiang/my_sparta/aie/usr/xilinx/Vitis/2023.2/aietools/include:/usr/xilinx/Vitis/2023.2/aietools/include:/usr/xilinx/Vitis/2023.2/aietools/data/versal_prod/lib/runtime_cxx/libcxx-lite/include:/usr/xilinx/Vitis/2023.2/aietools/data/versal_prod/lib/runtime_cxx/libs/libcxx-9.0.0/include-lite:/usr/xilinx/Vitis/2023.2/aietools/data/versal_prod/lib/runtime/include:.:/usr/xilinx/Vitis/2023.2/aietools/data/versal_prod/lib/isg
Reading enablings from: /usr/xilinx/Vitis/2023.2/aietools/data/versal_prod/lib/isg/me_das.ena
Reading binary LIB/ISG from: /usr/xilinx/Vitis/2023.2/aietools/data/versal_prod/lib/isg/me_das.isb
Parsing binary ISG
Parsing binary NML
Building ISG done.
Reading chess types from: /usr/xilinx/Vitis/2023.2/aietools/data/versal_prod/lib/isg/me_chess_types.lib
Reading LIB/ISG from: /usr/xilinx/Vitis/2023.2/aietools/data/versal_prod/lib/isg/me_chess_types.lib
Loading chess_types.lib file done.
Reading relocators from: /usr/xilinx/Vitis/2023.2/aietools/data/versal_prod/lib/isg/me.rlo

Disassembling code of ``../Release/7_2.o''
Writing results to ``../Release/7_2.o.lst''

darts user time   =    0.37 s  /     0.25 s 	../Release/7_2.o
darts system time =    0.04 s  /     0.01 s 	../Release/7_2.o
darts real time   =    0.40 s  /     0.25 s 	../Release/7_2.o

Linking "../Release/7_2"
bridge -o../Release/7_2 ../Release/7_2.o ../Release/hdiff_flux1.o -v -I/usr/xilinx/Vitis/2023.2/aietools/data/versal_prod/lib -I/usr/xilinx/Vitis/2023.2/aietools/data/versal_prod/lib/isg -g -I/usr/xilinx/Vitis/2023.2/aietools/include -I/media/4T/home/xianyijiang/my_sparta/aie/. -I/media/4T/home/xianyijiang/my_sparta/aie/./ProcessUnit -I/media/4T/home/xianyijiang/my_sparta/aie/. -I/media/4T/home/xianyijiang/my_sparta/aie/./aie -I/media/4T/home/xianyijiang/my_sparta/aie/media/4T/home/xianyijiang/my_sparta/aie/. -I/media/4T/home/xianyijiang/my_sparta/aie/media/4T/home/xianyijiang/my_sparta/aie/./aie -I/media/4T/home/xianyijiang/my_sparta/aie/usr/xilinx/Vitis/2023.2/aietools/include -I/usr/xilinx/Vitis/2023.2/aietools/include -I/usr/xilinx/Vitis/2023.2/aietools/data/versal_prod/lib/runtime_cxx/libcxx-lite/include -I/usr/xilinx/Vitis/2023.2/aietools/data/versal_prod/lib/runtime_cxx/libs/libcxx-9.0.0/include-lite -I/usr/xilinx/Vitis/2023.2/aietools/data/versal_prod/lib/runtime/include -D__AIENGINE__ -D__AIE_ARCH__=10 -DDEPLOYMENT_ELF=1 -D__LOCK_FENCE_MODE__=0 -DAIE_OPTION_SCALAR_FLOAT_ON_VECTOR -D__tct_tgt__=230622 -c7_2.bcf -L/usr/xilinx/Vitis/2023.2/aietools/data/versal_prod/lib/Release -L/usr/xilinx/Vitis/2023.2/aietools/data/versal_prod/lib/runtime/lib/Release -L/usr/xilinx/Vitis/2023.2/aietools/data/versal_prod/lib/softfloat/lib/Release -L/usr/xilinx/Vitis/2023.2/aietools/data/versal_prod/lib/runtime_cxx/libcxx-lite/lib/Release_LLVM -lme -lc -lm -lc++lite -lsoftfloat -S -no-split-segment-on-name -export-locals -yMSMEM,SSMEM,SSMEM_tlast,WSSMEM_tlast,SSMEM_nb_sc,MSMEM_nb_sc -iconfig extra_memories.bcf -m -fC -fS -fH +m -T +work ../Release/chesswork -pme
Release: ASIP Programmer  U-2022.12-TGT-230622 
Tool: bridge version U-2022.12#3eec2545bc#230622
Copyright 2014-2022 Synopsys, Inc.
This Synopsys software and all associated documentation are proprietary to
Synopsys, Inc. and may only be used pursuant to the terms and conditions of a
written license agreement with Synopsys, Inc. All other use, reproduction,
modification, or distribution of the Synopsys software or the associated
documentation is strictly prohibited.

Reading enablings from: /usr/xilinx/Vitis/2023.2/aietools/data/versal_prod/lib/isg/me_das.ena
Reading LIB/ISG from: /usr/xilinx/Vitis/2023.2/aietools/data/versal_prod/lib/isg/me_das.isb
Reading LIB/ISG from: /usr/xilinx/Vitis/2023.2/aietools/data/versal_prod/lib/isg/me_chess_types.lib
Reading configuration in file '7_2.bcf'...
Reading relocator definitions in file '/usr/xilinx/Vitis/2023.2/aietools/data/versal_prod/lib/isg/me.rlo'...
Creating link-memory
Reading objectfile '../Release/7_2.o' with Dwarf info...
Reading objectfile '../Release/hdiff_flux1.o' with Dwarf info...
Library search path: .
Library search path: /usr/xilinx/Vitis/2023.2/aietools/data/versal_prod/lib/Release:/usr/xilinx/Vitis/2023.2/aietools/data/versal_prod/lib/runtime/lib/Release:/usr/xilinx/Vitis/2023.2/aietools/data/versal_prod/lib/softfloat/lib/Release:/usr/xilinx/Vitis/2023.2/aietools/data/versal_prod/lib/runtime_cxx/libcxx-lite/lib/Release_LLVM
Reading archive '/usr/xilinx/Vitis/2023.2/aietools/data/versal_prod/lib/Release/libme.a'...
Reading archive '/usr/xilinx/Vitis/2023.2/aietools/data/versal_prod/lib/runtime/lib/Release/libc.a'...
Reading archive '/usr/xilinx/Vitis/2023.2/aietools/data/versal_prod/lib/runtime/lib/Release/libm.a'...
Reading archive '/usr/xilinx/Vitis/2023.2/aietools/data/versal_prod/lib/runtime_cxx/libcxx-lite/lib/Release_LLVM/libc++lite.a'...
Reading archive '/usr/xilinx/Vitis/2023.2/aietools/data/versal_prod/lib/softfloat/lib/Release/libsoftfloat.a'...
Collecting symbols from object files...
Collecting absolute symbols...
Collecting stack range symbols...
Mapping and reserving symbols with fixed addresses...
    'buf10' (1024, DMb) at address 0x38000
    'buf10d' (1024, DMb) at address 0x3e800
    'buf11' (1024, DMb) at address 0x39c00
    'buf11d' (1024, DMb) at address 0x26000
    'buf12' (2048, DMb) at address 0x33400
    'buf12d' (2048, DMb) at address 0x36000
    'buf13' (2048, DMb) at address 0x34000
    'buf13d' (2048, DMb) at address 0x32800
    'buf14' (2048, DMb) at address 0x36800
    'buf14d' (2048, DMb) at address 0x31800
    'buf15' (2048, DMb) at address 0x30800
    'buf15d' (2048, DMb) at address 0x35000
    'buf16' (2048, DMb) at address 0x37800
    'buf16d' (2048, DMb) at address 0x34800
    'buf2' (1024, DMb) at address 0x28000
    'buf2d' (1024, DMb) at address 0x2a000
    'buf4' (1024, DMb) at address 0x31000
    'buf4d' (1024, DMb) at address 0x33c00
    'buf6' (1024, DMb) at address 0x2c000
    'buf6d' (1024, DMb) at address 0x2e000
    'buf8' (1024, DMb) at address 0x3d800
    'buf8d' (1024, DMb) at address 0x3ba20
    'buf9' (1024, DMb) at address 0x24000
    'buf9d' (1024, DMb) at address 0x22000
    '_ZL11sync_buffer' (32) at address 0x217e0
    '_ZN12me_primitive3ss0E' (1, WSS_rsrc1) at address 0x0
    '_ZN12me_primitive3ss1E' (1, WSS_rsrc2) at address 0x1
    '_ZN12me_primitive4sst0E' (1, SSMEM_tlast) at address 0x0
    '_ZN12me_primitive4sst1E' (1, SSMEM_tlast) at address 0x1
    '_ZN12me_primitive4ssc0E' (1, SSMEM_nb_sc) at address 0x0
    '_ZN12me_primitive4ssc1E' (1, SSMEM_nb_sc) at address 0x1
    '_ZN12me_primitive5wsst0E' (1, WSSMEM_tlast) at address 0x0
    '_ZN12me_primitive5wsst1E' (1, WSSMEM_tlast) at address 0x1
    '_ZN12me_primitive3ms0E' (1, WMS_rsrc1) at address 0x0
    '_ZN12me_primitive3ms1E' (1, WMS_rsrc2) at address 0x1
    '_ZN12me_primitive4msc0E' (1, MSMEM_nb_sc) at address 0x0
    '_ZN12me_primitive4msc1E' (1, MSMEM_nb_sc) at address 0x1
    '_main_init' (274) at address 0x0
Mapping _after chains...
Mapping after chain ...
    '_main' (2904) at address 0x120
Mapping _after chains...
Mapping and reserving overlays...
Overlaying pseudo-static stack-frame sections...
Creating call-tree...
Mapping defined and space (bss) symbols...
Mapping read-only symbols...
Mapping constructor and destructor sections...
Looking for duplicate symbols...
Creating call-tree...
Reserving text, data and space symbols found in 0 _mapping statements ...
Mapping and reserving global memory...
Reserving 5 text and data symbol(s) and 1 space symbol(s)...
    'hdiff_flux1' (1324, PM)
    'ZERO' (32, DMb, > 0/0)
    '_fini' (216, PM)
    '_ZL7atexits' (32, DM_bankA)
    '_ZL10atexit_cnt' (4, DM_bankA)
    '__cxa_finalize' (148, PM)
Applying relocators found in objectfiles...
    '../Release/7_2.o' (8751)
    '../Release/hdiff_flux1.o' (679)
    '../Release/chesswork/.ear.work.2d0sjRv' (6)
    '../Release/chesswork/.ear.work.3V1ul0c' (26)
    '../Release/chesswork/.ear.work.4Oz0a6u' (87)
    '../Release/chesswork/.ear.work.93rPrkp' (86)
Creating physical data...
Creating executable file '../Release/7_2'...
Skipping memory 'MSMEM'
Skipping memory 'MSMEM_nb_sc'
Skipping memory 'SSMEM'
Skipping memory 'SSMEM_nb_sc'
Skipping memory 'SSMEM_tlast'
Skipping memory 'WSSMEM_tlast'
Creating memory-map

bridge user time   =    0.66 s  /     0.11 s 	../Release/7_2
bridge system time =    0.21 s  /     0.01 s 	../Release/7_2
bridge real time   =    0.88 s  /     0.12 s 	../Release/7_2

darts -v -I/usr/xilinx/Vitis/2023.2/aietools/data/versal_prod/lib -d -h -I/usr/xilinx/Vitis/2023.2/aietools/include -I/media/4T/home/xianyijiang/my_sparta/aie/. -I/media/4T/home/xianyijiang/my_sparta/aie/./ProcessUnit -I/media/4T/home/xianyijiang/my_sparta/aie/. -I/media/4T/home/xianyijiang/my_sparta/aie/./aie -I/media/4T/home/xianyijiang/my_sparta/aie/media/4T/home/xianyijiang/my_sparta/aie/. -I/media/4T/home/xianyijiang/my_sparta/aie/media/4T/home/xianyijiang/my_sparta/aie/./aie -I/media/4T/home/xianyijiang/my_sparta/aie/usr/xilinx/Vitis/2023.2/aietools/include -I/usr/xilinx/Vitis/2023.2/aietools/include -I/usr/xilinx/Vitis/2023.2/aietools/data/versal_prod/lib/runtime_cxx/libcxx-lite/include -I/usr/xilinx/Vitis/2023.2/aietools/data/versal_prod/lib/runtime_cxx/libs/libcxx-9.0.0/include-lite -I/usr/xilinx/Vitis/2023.2/aietools/data/versal_prod/lib/runtime/include -D__AIENGINE__ -D__AIE_ARCH__=10 -DDEPLOYMENT_ELF=1 -D__LOCK_FENCE_MODE__=0 -DAIE_OPTION_SCALAR_FLOAT_ON_VECTOR -D__tct_tgt__=230622 -L +Ihex +nanno +u ../Release/7_2 me
Release: ASIP Programmer  U-2022.12-TGT-230622 
Tool: darts version U-2022.12#3eec2545bc#230622
Copyright 2014-2022 Synopsys, Inc.
This Synopsys software and all associated documentation are proprietary to
Synopsys, Inc. and may only be used pursuant to the terms and conditions of a
written license agreement with Synopsys, Inc. All other use, reproduction,
modification, or distribution of the Synopsys software or the associated
documentation is strictly prohibited.

Include paths: /usr/xilinx/Vitis/2023.2/aietools/data/versal_prod/lib:/usr/xilinx/Vitis/2023.2/aietools/include:/media/4T/home/xianyijiang/my_sparta/aie:/media/4T/home/xianyijiang/my_sparta/aie/ProcessUnit:/media/4T/home/xianyijiang/my_sparta/aie:/media/4T/home/xianyijiang/my_sparta/aie/aie:/media/4T/home/xianyijiang/my_sparta/aie/media/4T/home/xianyijiang/my_sparta/aie:/media/4T/home/xianyijiang/my_sparta/aie/media/4T/home/xianyijiang/my_sparta/aie/aie:/media/4T/home/xianyijiang/my_sparta/aie/usr/xilinx/Vitis/2023.2/aietools/include:/usr/xilinx/Vitis/2023.2/aietools/include:/usr/xilinx/Vitis/2023.2/aietools/data/versal_prod/lib/runtime_cxx/libcxx-lite/include:/usr/xilinx/Vitis/2023.2/aietools/data/versal_prod/lib/runtime_cxx/libs/libcxx-9.0.0/include-lite:/usr/xilinx/Vitis/2023.2/aietools/data/versal_prod/lib/runtime/include:.:/usr/xilinx/Vitis/2023.2/aietools/data/versal_prod/lib/isg
Reading enablings from: /usr/xilinx/Vitis/2023.2/aietools/data/versal_prod/lib/isg/me_das.ena
Reading binary LIB/ISG from: /usr/xilinx/Vitis/2023.2/aietools/data/versal_prod/lib/isg/me_das.isb
Parsing binary ISG
Parsing binary NML
Building ISG done.
Reading chess types from: /usr/xilinx/Vitis/2023.2/aietools/data/versal_prod/lib/isg/me_chess_types.lib
Reading LIB/ISG from: /usr/xilinx/Vitis/2023.2/aietools/data/versal_prod/lib/isg/me_chess_types.lib
Loading chess_types.lib file done.
Reading relocators from: /usr/xilinx/Vitis/2023.2/aietools/data/versal_prod/lib/isg/me.rlo

Disassembling code of ``../Release/7_2''
Writing results to ``../Release/7_2.lst''
Writing results to ``../Release/7_2.srv''

darts user time   =    0.42 s  /     0.29 s 	../Release/7_2
darts system time =    0.03 s  /     0.01 s 	../Release/7_2
darts real time   =    0.45 s  /     0.30 s 	../Release/7_2

Compilation finished successfully (0 errors, 10 warnings) (13.16 s)
/usr/xilinx/Vitis/2023.2/aietools/bin/unwrapped/lnx64.o/coreverify -obj 7_2 -s 1024 -pm 16384
