Mon Mar  9 19:29:26 2026: Running xcd server. This server was built by gradle.
Mon Mar  9 19:29:26 2026: Server was asked to start on port: '39533'
Mon Mar  9 19:29:26 2026: Server is using token UUID: 'd260af27-017e-4a54-ba18-cf84b51de700'
Mon Mar  9 19:29:26 2026: SESSION_MGR: creating session with session uuid: '6d04a3e9-ade5-4ab9-8d63-1f78fcd2ec76' and name 'default'
Mon Mar  9 19:29:26 2026: Attempting to start server on port '39533'
Mon Mar  9 19:29:26 2026: XCD main fifo: created main fifo '/tmp/xcdmaind260af27-017e-4a54-ba18-cf84b51de700', fd read = 13
Mon Mar  9 19:29:26 2026: Running Dispatch Server
Mon Mar  9 19:29:26 2026: Version 2.2.0
Mon Mar  9 19:29:27 2026: Dispatch Server: Accepted socket connection from client
Mon Mar  9 19:29:27 2026: Starting Socket connection
Mon Mar  9 19:29:27 2026: EXCHANGE_TOKEN received, server token: d260af27-017e-4a54-ba18-cf84b51de700, passed token: d260af27-017e-4a54-ba18-cf84b51de700
Mon Mar  9 19:29:27 2026: DISPATCH_HANDLER: Adding handler from function makeHandler in library libxv_system_diagram
Mon Mar  9 19:29:27 2026: SESSION_MGR: creating session with session uuid: 'a39b62b4-c586-45e0-a09d-e878a894252d' and name 'v++_compile_Work'
Mon Mar  9 19:29:27 2026: KERNEL_SVC: creating session with uuid: 'a39b62b4-c586-45e0-a09d-e878a894252d' and name 'v++_compile_Work'
Mon Mar  9 19:29:27 2026: GUIDANCE_SMGR: creating guidance session with uuid: 'a39b62b4-c586-45e0-a09d-e878a894252d' and name 'v++_compile_Work'
Mon Mar  9 19:29:27 2026: SYSTEM_DIAGRAM: creating session with uuid: 'a39b62b4-c586-45e0-a09d-e878a894252d' and name 'v++_compile_Work'
Mon Mar  9 19:29:43 2026: Dispatch Server: Accepted socket connection from client
Mon Mar  9 19:29:43 2026: Starting Socket connection
Mon Mar  9 19:29:43 2026: SESSION_MGR: creating session with session uuid: '59d957f3-9c60-49e6-936c-53076867ef6d' and name 'AIE Compilation'
Mon Mar  9 19:29:43 2026: KERNEL_SVC: creating session with uuid: '59d957f3-9c60-49e6-936c-53076867ef6d' and name 'AIE Compilation'
Mon Mar  9 19:29:43 2026: GUIDANCE_SMGR: creating guidance session with uuid: '59d957f3-9c60-49e6-936c-53076867ef6d' and name 'AIE Compilation'
Mon Mar  9 19:29:43 2026: SYSTEM_DIAGRAM: creating session with uuid: '59d957f3-9c60-49e6-936c-53076867ef6d' and name 'AIE Compilation'
Mon Mar  9 19:29:44 2026: SESSION_MGR: closing session for UUID '59d957f3-9c60-49e6-936c-53076867ef6d' with name ''
Mon Mar  9 19:29:44 2026: KERNEL_SVC: closing session for UUID '59d957f3-9c60-49e6-936c-53076867ef6d' with name ''
Mon Mar  9 19:29:44 2026: GUIDANCE_SMGR: closing session for UUID '59d957f3-9c60-49e6-936c-53076867ef6d' with name ''
Mon Mar  9 19:29:44 2026: SYSTEM_DIAGRAM: closing session for UUID '59d957f3-9c60-49e6-936c-53076867ef6d' with name ''
Mon Mar  9 19:29:45 2026: SESSION_MGR: closing session for UUID 'a39b62b4-c586-45e0-a09d-e878a894252d' with name 'v++_compile_Work'
Mon Mar  9 19:29:45 2026: KERNEL_SVC: closing session for UUID 'a39b62b4-c586-45e0-a09d-e878a894252d' with name 'v++_compile_Work'
Mon Mar  9 19:29:45 2026: GUIDANCE_SMGR: closing session for UUID 'a39b62b4-c586-45e0-a09d-e878a894252d' with name 'v++_compile_Work'
Mon Mar  9 19:29:45 2026: SYSTEM_DIAGRAM: closing session for UUID 'a39b62b4-c586-45e0-a09d-e878a894252d' with name 'v++_compile_Work'
Mon Mar  9 19:29:45 2026: STOP_SERVER received, server token: d260af27-017e-4a54-ba18-cf84b51de700, passed token: d260af27-017e-4a54-ba18-cf84b51de700
Mon Mar  9 19:29:45 2026: Socket received request to stop server.
Mon Mar  9 19:29:45 2026: Dispatch Server: do_await_stop
Mon Mar  9 19:29:45 2026: Dispatch Server: stopping mainFifo_
Mon Mar  9 19:29:45 2026: XCD main fifo: Stopping
Mon Mar  9 19:29:45 2026: XCD main fifo: do_read error code: Operation canceled
Mon Mar  9 19:29:45 2026: XCD main fifo: bytes_transferred: 0
Mon Mar  9 19:29:45 2026: SERVER: destructor for server bound to port 39533
Mon Mar  9 19:29:45 2026: XCD main fifo: Good unlink of /tmp/xcdmaind260af27-017e-4a54-ba18-cf84b51de700
Mon Mar  9 19:29:45 2026: Server exiting with status 0.
Mon Mar  9 19:29:45 2026: Closing log file.
