SFG: 7_3-main__s2.sfg

Offset  Macro node                          Source ref           Cycle Instr Words    Scheduling graphs + reports
------  ----------------------------------  -------------------  ----- ----- -----    ---------------------------
        block m1                            [../src/7_3.cc:46] 
000000  .  block m1482                                              93    93   784    [m1482.dot]
        .  do m3                            [../src/7_3.cc:46] 
        .  .  block m5                      [../src/7_3.cc:46] 
000784  .  .  .  block m1949                                        14    14    80    [m1949.dot]
        .  .  .  if m8                      [../src/7_3.cc:90] 
        .  .  .  .  else m11                [../src/7_3.cc:90] 
000864  .  .  .  .  .  block m2058                                   4     4    32    [m2058.dot]
        .  .  .  .  .  do m13               [../src/7_3.cc:90] 
        .  .  .  .  .  .  block m15         [../src/7_3.cc:90] 
        .  .  .  .  .  .  .  block m61                               0     0     0   
        .  .  .  .  .  .  .  call m62       [../src/7_3.cc:94] 
000896  .  .  .  .  .  .  .  block m67                               1     1     4    [m67.dot]
        .  .  .  .  .  .  .  call m68       [../src/7_3.cc:95] 
000900  .  .  .  .  .  .  .  block m73                               4     4    10    [m73.dot]
        .  .  .  .  .  .  .  call m74       [../src/7_3.cc:96] 
000910  .  .  .  .  .  .  .  block m79                               4     4    10    [m79.dot]
        .  .  .  .  .  .  .  call m80       [../src/7_3.cc:97] 
000920  .  .  .  .  .  .  .  block m85                               4     4    10    [m85.dot]
        .  .  .  .  .  .  .  call m86       [../src/7_3.cc:98] 
000930  .  .  .  .  .  .  .  block m91                               4     4    10    [m91.dot]
        .  .  .  .  .  .  .  call m92       [../src/7_3.cc:99] 
000940  .  .  .  .  .  .  .  block m95                               4     4    10    [m95.dot]
        .  .  .  .  .  .  .  call m96       [../src/7_3.cc:99] 
000950  .  .  .  .  .  .  .  block m343                              8     8    42    [m343.dot]
        .  .  .  .  .  .  .  call m98       [../src/7_3.cc:100]
000992  .  .  .  .  .  .  .  block m105                              8     8    44    [m105.dot]
        .  .  .  .  .  .  .  call m106      [../src/7_3.cc:107]
001036  .  .  .  .  .  .  .  block m111                              4     4    10    [m111.dot]
        .  .  .  .  .  .  .  call m112      [../src/7_3.cc:110]
001046  .  .  .  .  .  .  .  block m117                              4     4    10    [m117.dot]
        .  .  .  .  .  .  .  call m118      [../src/7_3.cc:113]
001056  .  .  .  .  .  .  .  block m123                              4     4    10    [m123.dot]
        .  .  .  .  .  .  .  call m124      [../src/7_3.cc:116]
001066  .  .  .  .  .  .  .  block m129                              4     4    10    [m129.dot]
        .  .  .  .  .  .  .  call m130      [../src/7_3.cc:117]
001076  .  .  .  .  .  .  .  block m133                              4     4    12    [m133.dot]
        .  .  .  .  .  .  .  call m134      [../src/7_3.cc:117]
001088  .  .  .  .  .  .  .  block m2033                            37    37   312    [m2033.dot]
001400  .  .  .  .  .  block m2057                                   1     1     8    [m2057.dot]
        .  .  .  .  then m10                                         0     0     0   
        .  .  .  block m136                                          0     0     0   
        .  .  .  call m2059                 [../src/7_3.cc:46] 
001408  .  .  .  block m2060                                         8     8    16    [m2060.dot]
        .  .  .  call m137                  [../src/7_3.cc:143]
001424  .  .  .  block m140                                          1     1     4    [m140.dot]
        .  .  .  call m2061                 [../src/7_3.cc:46] 
001428  .  .  .  block m2062                                         5     5    10    [m2062.dot]
        .  .  .  call m141                  [../src/7_3.cc:143]
001438  .  .  .  block m746                                         15    15    44    [m746.dot]
001482  .  block m144                                               20    20    78    [m144.dot]

Total cycles: 255, total instrs: 255, total words: 1560


Bundle schedule (instruction words shown before relocation)
---------------
000000  m1482    31 04 d8 c2 c8 d0 40 04 02 00 00 3f                b2941 (MOV.s10 m1, #19)            b2929 (MOV.s9 r8, #22)             b2939 (MOV.s12 m0, #416)           b2921 (MOV.u20 cl0, #0)           
000012           08 90 1e c3 08 0b f2 04 02 80 00 3f                b368  (PADDA [sp], m0)             b2931 (MOV.s9 r14, #24)            b2943 (MOV.s12 r9, #23)            b2930 (MOV.u20 cl2, #0)           
000024           30 06 d5 c3 28 09 64 04 00 00 00 3f                b2945 (MOV.s10 m0, #27)            b2944 (MOV.s9 r5, #25)             b2925 (MOV.s12 r2, #18)            b2922 (MOV.u20 ch0, #0)           
000036           00 00 1f c3 40 00 01 01 4c 60 15 df                b2933 (MOV.s9 r15, #26)            b2927 (MOV.s12 r1, #20)            b2918 (MOV r7, sp)                
000048           00 00 1d c4 2b 7f f9 01 5d 87 7a 9f                b2946 (MOV.s9 r13, #33)            b2942 (MOV.s12 r6, #21)            b2910 (ST.SPIL p7, [sp, #-16])     b2917 (MOV p2, r7)                
000060           00 00 10 c0 2f b6 48 0d 8f f2 04 3f                b2969 (MOV.s9 r0, #1)              b2947 (MOV.s12 m4, #-148)          b371  (ST.SPIL cl0, [sp, #-224])  
000072           7c e2 60 d8 ff 14 47 f7                            b2948 (MOV.s12 m6, #-200)          b387  (ST.SPIL cl0, [sp, #-236])  
000080           08 8c 9b c0 0b df f5 f0 49 c6 aa df                b408  (PADDA [p2], m6)             b2916 (MOV.s9 r11, #0)             b2949 (MOV.s12 m7, #-252)          b2908 (ST.SPIL r11, [sp, #-24])    b2958 (MOV p3, p2)                
000092           00 00 1a c4 0b d7 f7 ed 08 86 aa 1f                b2935 (MOV.s9 r10, #32)            b2950 (MOV.s12 m2, #-304)          b2909 (ST.SPIL r10, [sp, #-20])    b2955 (MOV p0, p2)                
000104           08 88 00 00 0f 4e 4a 0f 8f f3 04 3f                b407  (PADDA [p0], m4)             b2951 (MOV.s12 m5, #-356)          b388  (ST.SPIL r8, [sp, #-208])   
000116           79 a2 30 f9 ff 34 47 f7                            b2952 (MOV.s12 m3, #-408)          b389  (ST.SPIL r9, [sp, #-204])   
000124           80 00 00 da ff 24 47 f7                            b390  (ST.SPIL cl2, [sp, #-220])  
000132           08 84 c0 00 0b a7 fd 01 2d 06 bb 1f                b410  (PADDA [p3], m2)             b2966 (MOV.s12 r4, #18)            b2912 (ST.SPIL r4, [sp, #-8])      b2959 (MOV p4, p3)                
000144           08 8f 06 bb d5 c7 ea 77                            b409  (PADDA [p4], m7)             b2904 (ST.SPIL r1, [sp, #-88])     b2957 (MOV p7, p3)                
000152           08 87 c6 ca 55 e3 ec 77                            b412  (PADDA [p7], m3)             b2905 (ST.SPIL r8, [sp, #-80])     b2956 (MOV p1, p4)                
000160           08 8a 40 00 10 00 00 0d af f1 84 3f                b411  (PADDA [p1], m5)             b391  (ST.SPIL cl2, [sp, #-232])  
000172           af 7a 20 40 24 00 07 f7                            b415  (ST r11, [p4])               b2919 (MOV.u20 cl1, #0)           
000180           80 00 00 d0 fe ec 47 f7                            b372  (ST.SPIL ch0, [sp, #-276])  
000188           80 00 00 d9 ff 88 47 f7                            b369  (ST.SPIL cl1, [sp, #-120])  
000196           80 00 00 d0 fe e0 47 f7                            b392  (ST.SPIL ch0, [sp, #-288])  
000204           80 00 00 d9 ff 7c 47 f7                            b377  (ST.SPIL cl1, [sp, #-132])  
000212           80 00 00 fe fe fc 47 f7                            b393  (ST.SPIL r14, [sp, #-260])  
000220           80 00 00 f2 ff 98 47 f7                            b378  (ST.SPIL r2, [sp, #-104])   
000228           80 00 00 f5 ff 00 47 f7                            b394  (ST.SPIL r5, [sp, #-256])   
000236           ad 1f c8 40 28 00 07 f7                            b2903 (ST.SPIL p0, [sp, #-28])     b2932 (MOV.u20 cl2, #0)           
000244           80 00 00 e1 ff 9c 47 f7                            b379  (ST.SPIL m1, [sp, #-100])   
000252           ad ff a0 40 e4 00 07 f7                            b2898 (ST.SPIL p7, [sp, #-48])     b2926 (MOV.u20 r9, #0)            
000260           80 00 00 da fe f0 47 f7                            b395  (ST.SPIL cl2, [sp, #-272])  
000268           80 00 00 da fe e4 47 f7                            b396  (ST.SPIL cl2, [sp, #-284])  
000276           80 00 00 f9 ff 8c 47 f7                            b380  (ST.SPIL r9, [sp, #-116])   
000284           80 00 00 f9 ff 80 47 f7                            b381  (ST.SPIL r9, [sp, #-128])   
000292           af 7a 00 40 28 80 07 f7                            b413  (ST r11, [p0])               b2915 (MOV.u20 cl2, #2048)        
000300           af 7a 18 40 04 00 07 f7                            b416  (ST r11, [p3])               b2920 (MOV.u20 ch1, #0)           
000308           ad 3f a8 40 08 00 07 f7                            b2899 (ST.SPIL p1, [sp, #-44])     b2924 (MOV.u20 ch2, #0)           
000316           ad 7f b0 40 f0 00 07 f7                            b2900 (ST.SPIL p3, [sp, #-40])     b2923 (MOV.u20 r12, #0)           
000324           80 00 00 d1 ff 54 47 f7                            b370  (ST.SPIL ch1, [sp, #-172])  
000332           80 00 00 d2 fe 84 47 f7                            b374  (ST.SPIL ch2, [sp, #-380])  
000340           80 00 00 fc fe b8 47 f7                            b373  (ST.SPIL r12, [sp, #-328])  
000348           80 00 00 d1 ff 48 47 f7                            b382  (ST.SPIL ch1, [sp, #-184])  
000356           80 00 00 d2 fe 78 47 f7                            b402  (ST.SPIL ch2, [sp, #-392])  
000364           80 00 00 fc fe ac 47 f7                            b397  (ST.SPIL r12, [sp, #-340])  
000372           80 00 00 f1 ff 64 47 f7                            b383  (ST.SPIL r1, [sp, #-156])   
000380           80 00 00 fa fe 94 47 f7                            b403  (ST.SPIL r10, [sp, #-364])  
000388           50 03 d0 fd fe 98 47 f7                            b2937 (MOV.s12 r13, #1024)         b404  (ST.SPIL r13, [sp, #-360])  
000396           80 00 00 ff fe c8 47 f7                            b398  (ST.SPIL r15, [sp, #-312])  
000404           80 00 00 f6 ff 68 47 f7                            b384  (ST.SPIL r6, [sp, #-152])   
000412           ad 9f b8 40 e4 00 07 f7                            b2901 (ST.SPIL p4, [sp, #-36])     b2928 (MOV.u20 r9, #0)            
000420           80 00 00 e0 fe cc 47 f7                            b399  (ST.SPIL m0, [sp, #-308])   
000428           ad 5f c0 40 2c 00 07 f7                            b2902 (ST.SPIL p2, [sp, #-32])     b2934 (MOV.u20 cl3, #0)           
000436           af ff 70 40 0c 00 07 f7                            b2906 (ST.SPIL r15, [sp, #-72])    b2936 (MOV.u20 ch3, #0)           
000444           80 00 00 f9 ff 58 47 f7                            b385  (ST.SPIL r9, [sp, #-168])   
000452           00 00 19 c0 30 00 00 0f 9f f4 c4 3f                b2938 (MOV.s9 r9, #1)              b386  (ST.SPIL r9, [sp, #-180])   
000464           80 00 00 db fe bc 47 f7                            b400  (ST.SPIL cl3, [sp, #-324])  
000472           80 00 00 d3 fe 88 47 f7                            b405  (ST.SPIL ch3, [sp, #-376])  
000480           80 00 00 db fe b0 47 f7                            b401  (ST.SPIL cl3, [sp, #-336])  
000488           80 00 00 d3 fe 7c 47 f7                            b406  (ST.SPIL ch3, [sp, #-388])  
000496           af 7a 10 40 a0 00 07 f7                            b414  (ST r11, [p2])               b2940 (MOV.u20 p0, #0)            
000504           af 7a 08 03                                        b417  (ST r11, [p1])              
000508           af 7a 38 03                                        b418  (ST r11, [p7])              
000512           80 00 00 d9 ff 84 47 f7                            b419  (ST.SPIL cl1, [sp, #-124])  
000520           80 00 00 d1 ff 50 47 f7                            b423  (ST.SPIL ch1, [sp, #-176])  
000528           80 00 00 d8 ff 1c 47 f7                            b427  (ST.SPIL cl0, [sp, #-228])  
000536           80 00 00 d0 fe e8 47 f7                            b431  (ST.SPIL ch0, [sp, #-280])  
000544           80 00 00 fc fe b4 47 f7                            b435  (ST.SPIL r12, [sp, #-332])  
000552           80 00 00 d2 fe 80 47 f7                            b439  (ST.SPIL ch2, [sp, #-384])  
000560           80 00 00 d9 ff 78 47 f7                            b420  (ST.SPIL cl1, [sp, #-136])  
000568           80 00 00 d1 ff 44 47 f7                            b424  (ST.SPIL ch1, [sp, #-188])  
000576           80 00 00 d8 ff 10 47 f7                            b428  (ST.SPIL cl0, [sp, #-240])  
000584           80 00 00 d0 fe dc 47 f7                            b432  (ST.SPIL ch0, [sp, #-292])  
000592           80 00 00 fc fe a8 47 f7                            b436  (ST.SPIL r12, [sp, #-344])  
000600           80 00 00 d2 fe 74 47 f7                            b440  (ST.SPIL ch2, [sp, #-396])  
000608           80 00 00 da ff 90 47 f7                            b421  (ST.SPIL cl2, [sp, #-112])  
000616           80 00 00 da ff 5c 47 f7                            b425  (ST.SPIL cl2, [sp, #-164])  
000624           80 00 00 da ff 28 47 f7                            b429  (ST.SPIL cl2, [sp, #-216])  
000632           80 00 00 da fe f4 47 f7                            b433  (ST.SPIL cl2, [sp, #-268])  
000640           80 00 00 da fe c0 47 f7                            b437  (ST.SPIL cl2, [sp, #-320])  
000648           80 00 00 fd fe 8c 47 f7                            b441  (ST.SPIL r13, [sp, #-372])  
000656           80 00 00 da ff 94 47 f7                            b422  (ST.SPIL cl2, [sp, #-108])  
000664           80 00 00 da ff 60 47 f7                            b426  (ST.SPIL cl2, [sp, #-160])  
000672           80 00 00 da ff 2c 47 f7                            b430  (ST.SPIL cl2, [sp, #-212])  
000680           80 00 00 da fe f8 47 f7                            b434  (ST.SPIL cl2, [sp, #-264])  
000688           80 00 00 da fe c4 47 f7                            b438  (ST.SPIL cl2, [sp, #-316])  
000696           80 00 00 fd fe 90 47 f7                            b442  (ST.SPIL r13, [sp, #-368])  
000704           af 74 40 03                                        b375  (ST r11, [p0], #4)          
000708           80 00 00 d9 ff 74 47 f7                            b443  (ST.SPIL cl1, [sp, #-140])  
000716           80 00 00 d1 ff 40 47 f7                            b444  (ST.SPIL ch1, [sp, #-192])  
000724           80 00 00 d8 ff 0c 47 f7                            b445  (ST.SPIL cl0, [sp, #-244])  
000732           80 00 00 d0 fe d8 47 f7                            b446  (ST.SPIL ch0, [sp, #-296])  
000740           80 00 00 fc fe a4 47 f7                            b447  (ST.SPIL r12, [sp, #-348])  
000748           80 00 00 d2 fe 70 47 f7                            b448  (ST.SPIL ch2, [sp, #-400])  
000756           80 00 00 fe ff b4 47 f7                            b2907 (ST.SPIL r14, [sp, #-76])   
000764           80 00 00 ee ff f4 47 f7                            b2911 (ST.SPIL p6, [sp, #-12])    
000772           00 00 00 00 10 00 00 0c 8f ff c4 3f                b2913 (ST.SPIL lr, [sp, #-4])     
000784  m1949  1 00 00 3c df 10 00 00 0c 7a ff b6 3f                b330  (LDB r12, [p0], #-4)         b2822 (LDA.SPIL p3, [sp, #-40])   
000796         1 80 00 00 c7 ab fb e7 f7                            b2823 (LDA.SPIL p2, [sp, #-36])   
000804         1 00 01                                              NOP
000806         1 00 01                                              NOP
000808         1 00 01                                              NOP
000810         1 00 01                                              NOP
000812         1 00 01                                              NOP
000814         1 00 01                                              NOP
000816         1 80 00 00 81 80 58 07 f7                            b331  (BEQZ r12,#0)               
000824         1 80 00 00 c7 a7 fc 67 f7                            b2824 (LDA.SPIL p1, [sp, #-32])   
000832         1 80 00 00 c7 bb fa 67 f7                            b2820 (LDA.SPIL p6, [sp, #-48])   
000840         1 80 00 00 c7 b3 fa e7 f7                            b2821 (LDA.SPIL p4, [sp, #-44])   
000848         1 80 00 00 c7 bf fc e7 f7                            b2825 (LDA.SPIL p7, [sp, #-28])   
000856         1 80 00 00 fc ff cc 47 f7                            b2800 (ST.SPIL r12, [sp, #-52])   
000864  m2058  1 80 00 00 eb ff c0 47 f7                            b2748 (ST.SPIL p3, [sp, #-64])    
000872         1 80 00 00 ea ff c4 47 f7                            b2749 (ST.SPIL p2, [sp, #-60])    
000880         1 80 00 00 e8 ff bc 47 f7                            b2799 (ST.SPIL p0, [sp, #-68])    
000888         1 80 00 00 e9 ff c8 47 f7                            b2750 (ST.SPIL p1, [sp, #-56])    
000896  m67    2 14 94 30 03                                        b329  (ACQ r4, #1, r9)            
000900  m73    2 00 01                                              NOP
000902         2 00 01                                              NOP
000904         2 00 01                                              NOP
000906         2 14 91 30 03                                        b328  (ACQ r1, #1, r9)            
000910  m79    2 00 01                                              NOP
000912         2 00 01                                              NOP
000914         2 00 01                                              NOP
000916         2 14 98 30 03                                        b327  (ACQ r8, #1, r9)            
000920  m85    2 00 01                                              NOP
000922         2 00 01                                              NOP
000924         2 00 01                                              NOP
000926         2 14 9e 30 03                                        b326  (ACQ r14, #1, r9)           
000930  m91    2 00 01                                              NOP
000932         2 00 01                                              NOP
000934         2 00 01                                              NOP
000936         2 14 9f 30 03                                        b325  (ACQ r15, #1, r9)           
000940  m95    2 00 01                                              NOP
000942         2 00 01                                              NOP
000944         2 00 01                                              NOP
000946         2 14 ba 30 03                                        b324  (ACQ r10, #1, r11)          
000950  m343   2 00 01                                              .swstall "mem_acquire0"
000952         2 00 01                                              .swstall "mem_acquire0"
000954         2 80 00 00 a0 20 00 07 f7                            b323  (JAL #0)                    
000962         2 80 00 00 ec ff a4 47 f7                            b1798 (ST.SPIL p4, [sp, #-92])    
000970         2 ba d5                                              b2960 (MOV p5, p6)                
000972         2 5c 3e b0 00 00 37 d0 f7                            b1748 (ST.SPIL r0, [sp, #-84])     b2961 (MOV p0, p7)                
000980         2 00 00 00 03                                        .swstall "delay_slot"
000984         2 00 00 00 00 00 00 00 37                            .swstall "delay_slot"
000992  m105   2 40 07 c0 03                                        b1993 (MOV.s12 r12, #1)           
000996         2 00 01                                              NOP
000998         2 00 01                                              NOP
001000         2 80 00 00 c7 ff f5 67 f7                            b1670 (LDA.SPIL r15, [sp, #-88])  
001008         2 80 00 00 c7 f7 f6 67 f7                            b1698 (LDA.SPIL r13, [sp, #-80])  
001016         2 80 00 00 c7 fb f6 e7 f7                            b1728 (LDA.SPIL r14, [sp, #-76])  
001024         2 16 b4 30 03                                        b322  (REL r4, #1, r11)           
001028         2 80 00 00 c7 e3 f7 67 f7                            b2046 (LDA.SPIL r8, [sp, #-72])   
001036  m111   2 00 01                                              NOP
001038         2 00 01                                              NOP
001040         2 00 01                                              NOP
001042         2 16 bf 30 03                                        b321  (REL r15, #1, r11)          
001046  m117   2 00 01                                              NOP
001048         2 00 01                                              NOP
001050         2 00 01                                              NOP
001052         2 16 bd 30 03                                        b320  (REL r13, #1, r11)          
001056  m123   2 00 01                                              NOP
001058         2 00 01                                              NOP
001060         2 00 01                                              NOP
001062         2 16 be 30 03                                        b319  (REL r14, #1, r11)          
001066  m129   2 00 01                                              NOP
001068         2 00 01                                              NOP
001070         2 00 01                                              NOP
001072         2 16 b8 30 03                                        b318  (REL r8, #1, r11)           
001076  m133   2 00 01                                              NOP
001078         2 00 01                                              NOP
001080         2 00 00 00 03                                        NOP
001084         2 16 ca 30 03                                        b317  (REL r10, #1, r12)          
001088  m2033  2 70 fa c4 56 e8 0d 6e 04 0e 80 00 3f                b291  (PADDB [p7], #24)            b2375 (MOV.s12 r7, #26)            b1758 (LDA.SPIL r0, [sp, #-84])    b2204 (MOV.u20 r10, #0)           
001100         2 6b fc 14 c2 74 02 b6 04 0f c0 00 3f                b2090 (MOV.s9 r4, #19)             b296  (PADDS [p6], #24)            b1835 (LDA.SPIL p3, [sp, #-64])    b2185 (MOV.u20 r15, #0)           
001112         2 6a fc 5e c2 50 00 00 04 0f 00 00 3f                b2071 (MOV.s9 r14, #18)            b1871 (LDA.SPIL p2, [sp, #-60])    b2337 (MOV.u20 r12, #0)           
001124         2 69 fc 80 00 10 00 00 04 0d 40 00 3f                b1907 (LDA.SPIL p1, [sp, #-56])    b2356 (MOV.u20 r5, #0)            
001136         2 6c fa 40 00 10 00 00 04 0d 80 00 3f                b1799 (LDA.SPIL p4, [sp, #-92])    b2280 (MOV.u20 r6, #0)            
001148         2 00 00 37 fe 70 00 00 04 0f 40 00 3f                b1943 (LDB r7, [sp, #-52])         b2261 (MOV.u20 r13, #0)           
001160         2 80 00 00 40 c4 00 07 f7                            b2508 (MOV.u20 r1, #0)            
001168         2 80 00 00 40 e4 00 07 f7                            b2128 (MOV.u20 r9, #0)            
001176         2 00 00 1f c3 63 ff 44 04 0e 00 00 3f                b2394 (MOV.s9 r15, #27)            b282  (ITE_NEZ r2, r10, r15, r0)   b2109 (MOV.u20 r8, #0)            
001188         2 08 ac c0 00 03 cb 98 04 0d 40 00 3f                b294  (PADDA [p3], #24)            b286  (ITE_EQZ r12, r12, r5, r0)   b2489 (MOV.u20 r5, #0)            
001200         2 08 ac 80 00 03 fa da 04 0e 80 00 3f                b293  (PADDA [p2], #24)            b284  (ITE_NEZ r13, r6, r13, r0)   b2413 (MOV.u20 r10, #0)           
001212         2 08 ac 4f 7b fa f9 75 b7                            b292  (PADDA [p1], #24)            b306  (ST r12, [p3], #-12)         b287  (ITE_EQZ r15, r7, r15, r0)  
001220         2 08 ad 00 00 0b e5 f6 7d 45 71 9c 5f                b295  (PADDA [p4], #24)            b307  (ST r12, [p3], #-4)          b290  (ITE_NEZ r5, r1, r5, r0)     b2318 (MOV.s8 r1, #25)            
001232         2 00 00 0f 4c 1a f9 79 b7                            b308  (ST r12, [p3], #-8)          b280  (ITE_EQZ r3, r8, r9, r0)    
001240         2 ae 57 48 40 d8 00 07 f7                            b300  (ST r2, [p1], #-12)          b2432 (MOV.u20 r6, #0)            
001248         2 00 00 0f 35 32 fb 75 37                            b303  (ST r13, [p2], #-12)         b288  (ITE_EQZ r6, r10, r6, r0)   
001256         2 00 00 1d bd e2 e5 7c b7                            b301  (ST r2, [p1], #-4)           b278  (LT r12, r11, r7)           
001264         2 5f 6f a3 fc 89 8c 7c f7                            b304  (ST r13, [p2], #-4)          b279  (ITE_NEZ r4, r4, r14, r0)    b2299 (MOV.s8 r14, #24)           
001272         2 00 00 18 e3 e2 e7 77 b7                            b297  (ST r3, [p7], #-12)          b315  (SUB r12, r7, r12)          
001280         2 ae b7 70 03                                        b312  (ST r5, [p6], #-12)         
001284         2 ae 57 88 03                                        b302  (ST r2, [p1], #-8)          
001288         2 af b7 90 03                                        b305  (ST r13, [p2], #-8)         
001292         2 ae 77 f8 03                                        b298  (ST r3, [p7], #-4)          
001296         2 ae d7 60 03                                        b309  (ST r6, [p4], #-12)         
001300         2 ae b7 f0 03                                        b313  (ST r5, [p6], #-4)          
001304         2 ae 77 b8 03                                        b299  (ST r3, [p7], #-8)          
001308         2 ae d7 e0 03                                        b310  (ST r6, [p4], #-4)          
001312         2 ae b7 b0 03                                        b314  (ST r5, [p6], #-8)          
001316         2 80 00 00 eb ff c0 47 f7                            b1834 (ST.SPIL p3, [sp, #-64])    
001324         2 80 00 00 ea ff c4 47 f7                            b1870 (ST.SPIL p2, [sp, #-60])    
001332         2 80 00 00 e9 ff c8 47 f7                            b1906 (ST.SPIL p1, [sp, #-56])    
001340         2 af ff 70 91 80 38 07 f7                            b316  (BNEZ r12,#0)                b2041 (ST.SPIL r15, [sp, #-72])   
001348         2 00 00 18 c2 8b b5 e8 78 7b b1 5e 5f                b2147 (MOV.s9 r8, #20)             b311  (ST r6, [p4], #-8)           b285  (ITE_EQZ r14, r14, r1, r0)   b2166 (MOV.s8 r9, #21)            
001360         2 00 00 1a c4 2b f7 da 7a 60 72 0e 5f                b2470 (MOV.s9 r10, #33)            b281  (ITE_EQZ r1, r8, r9, r0)     b1724 (ST.SPIL r14, [sp, #-76])    b2451 (MOV.s8 r9, #32)            
001372         2 00 00 18 c2 eb e7 e6 7e 6a b1 6e 5f                b2242 (MOV.s9 r8, #23)             b289  (ITE_NEZ r10, r10, r9, r0)   b1942 (ST.SPIL r12, [sp, #-52])    b2223 (MOV.s8 r9, #22)            
001384         2 5c 7e a3 f3 11 80 f2 f7                            b283  (ITE_NEZ r8, r8, r9, r0)     b1668 (ST.SPIL r1, [sp, #-88])     b1971 (MOV.s8 r9, #1)             
001392         2 5e 3e c6 21 21 80 76 f7                            b277  (SUB r0, r9, r0)             b1695 (ST.SPIL r8, [sp, #-80])     b2019 (MOV.s8 r11, #0)            
001400  m2057  1 80 00 00 c7 a3 f7 e7 f7                            b2819 (LDA.SPIL p0, [sp, #-68])   
001408  m2060  1 00 01                                              .swstall "chess_separator_scheduler"
001410         1 00 01                                              .swstall "chess_separator_scheduler"
001412         1 00 01                                              .swstall "chess_separator_scheduler"
001414         1 00 01                                              .swstall "chess_separator_scheduler"
001416         1 00 01                                              .swstall "chess_separator_scheduler"
001418         1 00 01                                              .swstall "chess_separator_scheduler"
001420         1 00 01                                              .swstall "chess_separator_scheduler"
001422         1 00 01                                              .swstall "chess_separator_scheduler"
001424  m140   1 04 00 20 03                                        b275  (EVENT #2)                  
001428  m2062  1 00 01                                              .swstall "chess_separator_scheduler"
001430         1 00 01                                              .swstall "chess_separator_scheduler"
001432         1 00 01                                              .swstall "chess_separator_scheduler"
001434         1 00 01                                              .swstall "chess_separator_scheduler"
001436         1 00 01                                              .swstall "chess_separator_scheduler"
001438  m746   1 7c a2 00 00 00 00 00 37                            b272  (LDA r12, [p0], #4)         
001446         1 00 01                                              NOP
001448         1 00 01                                              NOP
001450         1 00 01                                              NOP
001452         1 00 01                                              NOP
001454         1 00 01                                              NOP
001456         1 00 01                                              NOP
001458         1 00 01                                              NOP
001460         1 3a cb c0 03                                        b273  (GE r12, r11, r12)          
001464         1 80 00 00 91 80 31 07 f7                            b274  (BNEZ r12,#0)               
001472         1 00 01                                              .swstall "delay_slot"
001474         1 00 01                                              .swstall "delay_slot"
001476         1 00 01                                              .swstall "delay_slot"
001478         1 00 01                                              .swstall "delay_slot"
001480         1 00 01                                              .swstall "delay_slot"
001482  m144     7a fe f0 0c 0f 30 40 77                            b2953 (MOV.s12 m0, #-416)          b2893 (LDA.SPIL r10, [sp, #-20])   b2954 (MOV.s8 r0, #0)             
001490           80 00 00 c7 ef fd 67 f7                            b2894 (LDA.SPIL r11, [sp, #-24])  
001498           80 00 00 c7 d3 ff 67 f7                            b2895 (LDA.SPIL r4, [sp, #-8])    
001506           80 00 00 c7 bb fe e7 f7                            b2896 (LDA.SPIL p6, [sp, #-12])   
001514           80 00 00 c7 bf fe 67 f7                            b2897 (LDA.SPIL p7, [sp, #-16])   
001522           58 ff f8 03                                        b2914 (LDB lr, [sp, #-4])         
001526           08 90 00 00 00 00 00 37                            b270  (PADDA [sp], m0)            
001534           00 01                                              NOP
001536           00 01                                              NOP
001538           00 01                                              NOP
001540           00 01                                              NOP
001542           00 01                                              NOP
001544           00 01                                              NOP
001546           00 01                                              NOP
001548           01 01                                              b271  (RET lr)                    
001550           00 01                                              .swstall "delay_slot"
001552           00 01                                              .swstall "delay_slot"
001554           00 01                                              .swstall "delay_slot"
001556           00 01                                              .swstall "delay_slot"
001558           00 01                                              .swstall "delay_slot"
