
// File generated by darts version U-2022.12#3eec2545bc#230622, Tue Mar 10 19:15:25 2026
// Copyright 2014-2022 Synopsys, Inc. All rights reserved.
// darts -v -I/usr/xilinx/Vitis/2023.2/aietools/data/versal_prod/lib -d -h -I/usr/xilinx/Vitis/2023.2/aietools/include -I/media/4T/home/xianyijiang/my_sparta/aie/. -I/media/4T/home/xianyijiang/my_sparta/aie/./ProcessUnit -I/media/4T/home/xianyijiang/my_sparta/aie/. -I/media/4T/home/xianyijiang/my_sparta/aie/./aie -I/media/4T/home/xianyijiang/my_sparta/aie/media/4T/home/xianyijiang/my_sparta/aie/. -I/media/4T/home/xianyijiang/my_sparta/aie/media/4T/home/xianyijiang/my_sparta/aie/./aie -I/media/4T/home/xianyijiang/my_sparta/aie/usr/xilinx/Vitis/2023.2/aietools/include -I/usr/xilinx/Vitis/2023.2/aietools/include -I/usr/xilinx/Vitis/2023.2/aietools/data/versal_prod/lib/runtime_cxx/libcxx-lite/include -I/usr/xilinx/Vitis/2023.2/aietools/data/versal_prod/lib/runtime_cxx/libs/libcxx-9.0.0/include-lite -I/usr/xilinx/Vitis/2023.2/aietools/data/versal_prod/lib/runtime/include -D__AIENGINE__ -D__AIE_ARCH__=10 -DDEPLOYMENT_ELF=1 -D__LOCK_FENCE_MODE__=0 -DAIE_OPTION_SCALAR_FLOAT_ON_VECTOR -D__tct_tgt__=230622 -L +Ihex +nanno ../Release/7_1.o me

// Release: ipp U-2022.12-TGT-230622
.data_segment_name
.data local 4 _ZL11sync_buffer DMb
	0x0
	0x0
	0x0
	0x0
	0xff
	0xff
	0xff
	0xff
	0x0
	0x0
	0x0
	0x0
	0x0
	0x0
	0x0
	0x0
	0x0
	0x0
	0x0
	0x0
	0x0
	0x0
	0x0
	0x0
	0x0
	0x0
	0x0
	0x0
	0x0
	0x0
	0x0
	0x0

.undef local data _ZL11sync_buffer

.data_segment_name
.bss global 16 buf0 DMb 1024

.data_segment_name
.bss global 16 buf0d DMb 1024

.data_segment_name
.bss global 16 buf1 DMb 1024

.data_segment_name
.bss global 16 buf10 DMb 1024

.data_segment_name
.bss global 16 buf10d DMb 1024

.data_segment_name
.bss global 16 buf11 DMb 1024

.data_segment_name
.bss global 16 buf11d DMb 1024

.data_segment_name
.bss global 16 buf1d DMb 1024

.data_segment_name
.bss global 16 buf3 DMb 1024

.data_segment_name
.bss global 16 buf3d DMb 1024

.data_segment_name
.bss global 16 buf5 DMb 1024

.data_segment_name
.bss global 16 buf5d DMb 1024

.data_segment_name
.bss global 16 buf7 DMb 1024

.data_segment_name
.bss global 16 buf7d DMb 1024

.data_segment_name
.bss global 16 buf8 DMb 1024

.data_segment_name
.bss global 16 buf8d DMb 1024

.data_segment_name
.bss global 16 buf9 DMb 1024

.data_segment_name
.bss global 16 buf9d DMb 1024

.undef global data _ZN12me_primitive3ss0E


.undef global data _ZN12me_primitive3ms0E


.undef global data _ZN12me_primitive4sst0E


.undef global data _ZN12me_primitive4ssc0E


.undef global data _ZN12me_primitive5wsst0E


.undef global data _ZN12me_primitive4msc0E


.undef global data _ZN12me_primitive3ss1E


.undef global data _ZN12me_primitive3ms1E


.undef global data _ZN12me_primitive4sst1E


.undef global data _ZN12me_primitive4ssc1E


.undef global data _ZN12me_primitive5wsst1E


.undef global data _ZN12me_primitive4msc1E


.undef global data ZERO

.undef global data ONES

.text_segment_name
.text global 16 _main
.label _main___func_begin0
.function_start
	     0    0x32 0x00 0xdc 0xc6 0x09 0x40 0x40 0x04 0x00 0x40 0x00 0x3f                      MOV.s10 m2, #3;     MOV.s9 r12, #48;                                  MOV.s12 m0, #640;             MOV.u20 ch1, #buf3;           NOP
	    12    0x08 0x90 0x18 0xc0 0x08 0x10 0x7a 0x04 0x02 0x00 0x00 0x3f                      PADDA [sp], m0;     MOV.s9 r8, #0;                                    MOV.s12 r13, #32;             MOV.u20 cl0, #buf5;           NOP
	    24    0x30 0x08 0xd7 0xc6 0x28 0x01 0x6c 0x04 0x00 0x80 0x00 0x3f                      MOV.s10 m0, #35;    MOV.s9 r7, #49;                                   MOV.s12 r6, #2;               MOV.u20 ch2, #buf0;           NOP
	    36    0x31 0x09 0xd9 0xc4 0x8f 0x96 0x46 0x0d 0x1f 0xee 0x04 0x3f                      MOV.s10 m1, #39;    MOV.s9 r9, #36;                                   MOV.s12 m3, #-212;            ST.SPIL ch1, [sp, #-288];     NOP
	    48    0x00 0x00 0x15 0xc4 0x48 0x12 0xe4 0x0d 0x8f 0xea 0xc4 0x3f                      NOP;                MOV.s9 r5, #34;                                   MOV.s12 r2, #37;              ST.SPIL cl0, [sp, #-340];     NOP
	    60    0x00 0x00 0x14 0xc4 0x35 0xd3 0xf5 0x04 0x02 0x40 0x00 0x3f                      NOP;                MOV.s9 r4, #33;     ST r4, [sp, #-44];                                          MOV.u20 cl1, #buf1;           NOP
	    72    0x00 0x00 0x11 0xc2 0x4f 0x7c 0x48 0x0d 0x1f 0xed 0x44 0x3f                      NOP;                MOV.s9 r1, #18;                                   MOV.s12 m4, #-264;            ST.SPIL ch1, [sp, #-300];     NOP
	    84    0x00 0x00 0x13 0xc2 0x2e 0xfa 0x4a 0x0d 0x8f 0xea 0x04 0x3f                      NOP;                MOV.s9 r3, #17;                                   MOV.s12 m5, #-524;            ST.SPIL cl0, [sp, #-352];     NOP
	    96    0x80 0x00 0x00 0xd2 0xff 0x48 0x47 0xf7                                                                                  NOP;                                                        ST.SPIL ch2, [sp, #-184];     NOP
	   104    0x80 0x00 0x00 0xd9 0xff 0x14 0x47 0xf7                                                                                  NOP;                                                        ST.SPIL cl1, [sp, #-236];     NOP
	   112    0x40 0x2f 0x98 0x03                                                              NOP;                                                                                                MOV r15, sp
	   116    0x80 0x00 0x00 0xfc 0xfe 0xf0 0x47 0xf7                                                                                  NOP;                                                        ST.SPIL r12, [sp, #-272];     NOP
	   124    0x80 0x00 0x00 0xfd 0xfe 0xbc 0x47 0xf7                                                                                  NOP;                                                        ST.SPIL r13, [sp, #-324];     NOP
	   132    0x80 0x00 0x00 0xd2 0xff 0x3c 0x47 0xf7                                                                                  NOP;                                                        ST.SPIL ch2, [sp, #-196];     NOP
	   140    0x80 0x00 0x00 0xd9 0xff 0x08 0x47 0xf7                                                                                  NOP;                                                        ST.SPIL cl1, [sp, #-248];     NOP
	   148    0xad 0xff 0x98 0x40 0x00 0x00 0x07 0xf7                                                                                  ST p7, [sp, #-52];                                          MOV.u20 ch0, #buf8;           NOP
	   156    0x5b 0xbf 0x48 0x08 0x7e 0x3f 0xd4 0xf7                                                                                  ST p6, [sp, #-48];            MOV.s12 r15, #16;             MOV p2, r15
	   164    0x00 0x00 0x17 0xc0 0x30 0x00 0x00 0x0f 0x7f 0xef 0x44 0x3f                      NOP;                MOV.s9 r7, #1;      NOP;                                                        ST.SPIL r7, [sp, #-268];      NOP
	   176    0x80 0x00 0x00 0xf4 0xfe 0xc0 0x47 0xf7                                                                                  NOP;                                                        ST.SPIL r4, [sp, #-320];      NOP
	   184    0x80 0x00 0x00 0xf8 0xff 0x58 0x47 0xf7                                                                                  NOP;                                                        ST.SPIL r8, [sp, #-168];      NOP
	   192    0x80 0x00 0x00 0xf6 0xff 0x24 0x47 0xf7                                                                                  NOP;                                                        ST.SPIL r6, [sp, #-220];      NOP
	   200    0x80 0x00 0x00 0xd0 0xfe 0x44 0x47 0xf7                                                                                  NOP;                                                        ST.SPIL ch0, [sp, #-444];     NOP
.noswbrkpt
	   208    0x08 0x8a 0x9a 0xc5 0x0b 0xd7 0xe5 0xe2 0x89 0x46 0xaa 0x5f                      PADDA [p2], m5;     MOV.s9 r10, #40;    ST r10, [sp, #-56];           MOV.s12 m5, #-472;            MOV p1, p2
.nohwbrkpt
.noswbrkpt
	   220    0x08 0x86 0x5b 0xc4 0xcb 0xdf 0xe3 0xdc 0x08 0xc6 0xab 0x1f                      PADDA [p1], m3;     MOV.s9 r11, #38;    ST r11, [sp, #-60];           MOV.s12 m3, #-576;            MOV p4, p2
.noswbrkpt
	   232    0x08 0x89 0x00 0x00 0x0f 0x62 0x48 0x0e 0x2f 0xf2 0x84 0x3f                      PADDA [p4], m4;     NOP;                                              MOV.s12 m4, #-316;            ST.SPIL m2, [sp, #-216];      NOP
.nohwbrkpt
.noswbrkpt
	   244    0x5d 0xbd 0x9f 0x48 0x44 0x36 0x5e 0xf7                                                                                  ST r6, [sp, #-156];           MOV.s12 m2, #-368;            MOV p7, p4
.noswbrkpt
	   252    0x08 0x89 0xc0 0x00 0x0e 0xc6 0x48 0x0f 0x7f 0xf5 0xc4 0x3f                      PADDA [p7], m4;     NOP;                                              MOV.s12 m4, #-628;            ST.SPIL r7, [sp, #-164];      NOP
.nohwbrkpt
.noswbrkpt
	   264    0x5f 0x3d 0xd0 0x00 0x00 0x37 0xd6 0xf7                                                                                  ST r12, [sp, #-140];          NOP;                          MOV p3, p7
	   272    0xad 0x3f 0x80 0x40 0xd0 0x00 0x07 0xf7                                                                                  ST p1, [sp, #-64];                                          MOV.u20 r4, #buf0d;           NOP
	   280    0x80 0x00 0x00 0xd0 0xfe 0x38 0x47 0xf7                                                                                  NOP;                                                        ST.SPIL ch0, [sp, #-456];     NOP
	   288    0xad 0xff 0x70 0x40 0x28 0x00 0x07 0xf7                                                                                  ST p7, [sp, #-72];                                          MOV.u20 cl2, #buf1d;          NOP
	   296    0x80 0x00 0x00 0xf4 0xff 0x4c 0x47 0xf7                                                                                  NOP;                                                        ST.SPIL r4, [sp, #-180];      NOP
	   304    0x80 0x00 0x00 0xf9 0xfe 0x54 0x47 0xf7                                                                                  NOP;                                                        ST.SPIL r9, [sp, #-428];      NOP
	   312    0x80 0x00 0x00 0xda 0xff 0x18 0x47 0xf7                                                                                  NOP;                                                        ST.SPIL cl2, [sp, #-232];     NOP
.noswbrkpt
	   320    0x08 0x8a 0xc0 0x00 0x10 0x00 0x00 0x0f 0x4f 0xf4 0x04 0x3f                      PADDA [p3], m5;     NOP;                NOP;                                                        ST.SPIL r4, [sp, #-192];      NOP
.nohwbrkpt
.noswbrkpt
	   332    0x5e 0x34 0x10 0x00 0x00 0x35 0xd2 0xf7                                                                                  ST r8, [p1];                  NOP;                          MOV p1, p3
.noswbrkpt
	   340    0x08 0x86 0x40 0x00 0x10 0x00 0x00 0x0f 0x2f 0xe5 0x84 0x3f                      PADDA [p1], m3;     NOP;                NOP;                                                        ST.SPIL r2, [sp, #-424];      NOP
.nohwbrkpt
.noswbrkpt
	   352    0x5f 0x7d 0xe0 0x00 0x00 0x34 0xda 0xf7                                                                                  ST r13, [sp, #-136];          NOP;                          MOV p5, p1
.noswbrkpt
	   360    0x08 0x85 0x40 0x00 0x0f 0x2e 0x44 0x0d 0xaf 0xf0 0xc4 0x3f                      PADDA [p5], m2;     NOP;                                              MOV.s12 m2, #-420;            ST.SPIL cl2, [sp, #-244];     NOP
.nohwbrkpt
.noswbrkpt
	   372    0x5e 0x34 0x40 0x00 0x00 0x36 0xd0 0xf7                                                                                  ST r8, [p4];                  NOP;                          MOV p0, p5
.noswbrkpt
	   380    0x08 0x88 0x00 0x00 0x15 0xa7 0xe9 0x04 0x0f 0x80 0x00 0x3f                      PADDA [p0], m4;     NOP;                ST p1, [sp, #-92];                                          MOV.u20 r14, #buf11;          NOP
.nohwbrkpt
.noswbrkpt
	   392    0x5d 0x7e 0x00 0x00 0x00 0x34 0x5c 0xf7                                                                                  ST r5, [sp, #-128];           NOP;                          MOV p6, p0
	   400    0x08 0x85 0x80 0x00 0x15 0xa3 0xe8 0x04 0x0d 0x00 0x00 0x3f                      PADDA [p6], m2;     NOP;                ST p0, [sp, #-96];                                          MOV.u20 r4, #buf7;            NOP
	   412    0xad 0x5f 0x50 0x40 0xc8 0x00 0x07 0xf7                                                                                  ST p2, [sp, #-88];                                          MOV.u20 r2, #buf9;            NOP
	   420    0xad 0x7f 0x58 0x40 0x28 0x00 0x07 0xf7                                                                                  ST p3, [sp, #-84];                                          MOV.u20 cl2, #buf10;          NOP
	   428    0x80 0x00 0x00 0xfe 0xfd 0xa8 0x47 0xf7                                                                                  NOP;                                                        ST.SPIL r14, [sp, #-600];     NOP
	   436    0x80 0x00 0x00 0xf4 0xfe 0x78 0x47 0xf7                                                                                  NOP;                                                        ST.SPIL r4, [sp, #-392];      NOP
	   444    0x80 0x00 0x00 0xf2 0xfe 0x10 0x47 0xf7                                                                                  NOP;                                                        ST.SPIL r2, [sp, #-496];      NOP
	   452    0x80 0x00 0x00 0xda 0xfd 0xdc 0x47 0xf7                                                                                  NOP;                                                        ST.SPIL cl2, [sp, #-548];     NOP
	   460    0x80 0x00 0x00 0xfe 0xfd 0x9c 0x47 0xf7                                                                                  NOP;                                                        ST.SPIL r14, [sp, #-612];     NOP
	   468    0x80 0x00 0x00 0xf4 0xfe 0x6c 0x47 0xf7                                                                                  NOP;                                                        ST.SPIL r4, [sp, #-404];      NOP
	   476    0x80 0x00 0x00 0xf2 0xfe 0x04 0x47 0xf7                                                                                  NOP;                                                        ST.SPIL r2, [sp, #-508];      NOP
	   484    0x80 0x00 0x00 0xda 0xfd 0xd0 0x47 0xf7                                                                                  NOP;                                                        ST.SPIL cl2, [sp, #-560];     NOP
	   492    0x80 0x00 0x00 0xfa 0xfd 0xb8 0x47 0xf7                                                                                  NOP;                                                        ST.SPIL r10, [sp, #-584];     NOP
	   500    0x80 0x00 0x00 0xf5 0xfe 0x88 0x47 0xf7                                                                                  NOP;                                                        ST.SPIL r5, [sp, #-376];      NOP
	   508    0x80 0x00 0x00 0xff 0xfe 0x20 0x47 0xf7                                                                                  NOP;                                                        ST.SPIL r15, [sp, #-480];     NOP
	   516    0x80 0x00 0x00 0xfb 0xfd 0xec 0x47 0xf7                                                                                  NOP;                                                        ST.SPIL r11, [sp, #-532];     NOP
	   524    0x50 0x03 0x10 0xf1 0xfd 0xbc 0x47 0xf7                                                                                                                MOV.s12 r1, #1024;            ST.SPIL r1, [sp, #-580];      NOP
	   532    0xad 0xdf 0x60 0x40 0x34 0x00 0x07 0xf7                                                                                  ST p6, [sp, #-80];                                          MOV.u20 cl5, #buf3d;          NOP
	   540    0x80 0x00 0x00 0xe0 0xfe 0x8c 0x47 0xf7                                                                                  NOP;                                                        ST.SPIL m0, [sp, #-372];      NOP
	   548    0xad 0xbf 0x68 0x40 0x10 0x00 0x07 0xf7                                                                                  ST p5, [sp, #-76];                                          MOV.u20 ch4, #buf7d;          NOP
	   556    0x80 0x00 0x00 0xf3 0xfe 0x24 0x47 0xf7                                                                                  NOP;                                                        ST.SPIL r3, [sp, #-476];      NOP
	   564    0x80 0x00 0x00 0xe1 0xfd 0xf0 0x47 0xf7                                                                                  NOP;                                                        ST.SPIL m1, [sp, #-528];      NOP
	   572    0xad 0x9f 0x78 0x40 0x30 0x00 0x07 0xf7                                                                                  ST p4, [sp, #-68];                                          MOV.u20 cl4, #buf5d;          NOP
	   580    0xaf 0x3f 0x08 0x40 0x2c 0x00 0x07 0xf7                                                                                  ST r9, [sp, #-124];                                         MOV.u20 cl3, #buf8d;          NOP
	   588    0xaf 0xff 0x10 0x40 0x0c 0x00 0x07 0xf7                                                                                  ST r15, [sp, #-120];                                        MOV.u20 ch3, #buf9d;          NOP
	   596    0xae 0xff 0xb8 0x40 0x14 0x00 0x07 0xf7                                                                                  ST r7, [sp, #-36];                                          MOV.u20 ch5, #buf10d;         NOP
	   604    0xa9 0x1f 0xb0 0x40 0x38 0x00 0x07 0xf7                                                                                  ST lr, [sp, #-40];                                          MOV.u20 cl6, #buf11d;         NOP
	   612    0x80 0x00 0x00 0xdd 0xfe 0xe4 0x47 0xf7                                                                                  NOP;                                                        ST.SPIL cl5, [sp, #-284];     NOP
	   620    0x80 0x00 0x00 0xd4 0xfe 0x7c 0x47 0xf7                                                                                  NOP;                                                        ST.SPIL ch4, [sp, #-388];     NOP
	   628    0x80 0x00 0x00 0xdc 0xfe 0xb0 0x47 0xf7                                                                                  NOP;                                                        ST.SPIL cl4, [sp, #-336];     NOP
	   636    0x80 0x00 0x00 0xdb 0xfe 0x48 0x47 0xf7                                                                                  NOP;                                                        ST.SPIL cl3, [sp, #-440];     NOP
	   644    0x80 0x00 0x00 0xd3 0xfe 0x14 0x47 0xf7                                                                                  NOP;                                                        ST.SPIL ch3, [sp, #-492];     NOP
	   652    0x80 0x00 0x00 0xd5 0xfd 0xe0 0x47 0xf7                                                                                  NOP;                                                        ST.SPIL ch5, [sp, #-544];     NOP
	   660    0x80 0x00 0x00 0xde 0xfd 0xac 0x47 0xf7                                                                                  NOP;                                                        ST.SPIL cl6, [sp, #-596];     NOP
	   668    0x80 0x00 0x00 0xdd 0xfe 0xd8 0x47 0xf7                                                                                  NOP;                                                        ST.SPIL cl5, [sp, #-296];     NOP
	   676    0x80 0x00 0x00 0xd4 0xfe 0x70 0x47 0xf7                                                                                  NOP;                                                        ST.SPIL ch4, [sp, #-400];     NOP
	   684    0x80 0x00 0x00 0xdc 0xfe 0xa4 0x47 0xf7                                                                                  NOP;                                                        ST.SPIL cl4, [sp, #-348];     NOP
	   692    0x80 0x00 0x00 0xdb 0xfe 0x3c 0x47 0xf7                                                                                  NOP;                                                        ST.SPIL cl3, [sp, #-452];     NOP
	   700    0x80 0x00 0x00 0xd3 0xfe 0x08 0x47 0xf7                                                                                  NOP;                                                        ST.SPIL ch3, [sp, #-504];     NOP
	   708    0x80 0x00 0x00 0xd5 0xfd 0xd4 0x47 0xf7                                                                                  NOP;                                                        ST.SPIL ch5, [sp, #-556];     NOP
	   716    0x80 0x00 0x00 0xde 0xfd 0xa0 0x47 0xf7                                                                                  NOP;                                                        ST.SPIL cl6, [sp, #-608];     NOP
	   724    0xaf 0x1a 0x38 0x40 0xbc 0x00 0x07 0xf7                                                                                  ST r8, [p7];                                                MOV.u20 p7, #_ZL11sync_buffer;NOP
	   732    0xaf 0x1a 0x30 0x03                                                              NOP;                                    ST r8, [p6]
	   736    0xaf 0x1a 0x28 0x03                                                              NOP;                                    ST r8, [p5]
	   740    0xaf 0x1a 0x18 0x03                                                              NOP;                                    ST r8, [p3]
	   744    0xaf 0x1a 0x10 0x03                                                              NOP;                                    ST r8, [p2]
	   748    0xaf 0x1a 0x08 0x03                                                              NOP;                                    ST r8, [p1]
	   752    0xaf 0x1a 0x00 0x03                                                              NOP;                                    ST r8, [p0]
	   756    0x80 0x00 0x00 0xd2 0xff 0x44 0x47 0xf7                                                                                  NOP;                                                        ST.SPIL ch2, [sp, #-188];     NOP
	   764    0x80 0x00 0x00 0xd9 0xff 0x10 0x47 0xf7                                                                                  NOP;                                                        ST.SPIL cl1, [sp, #-240];     NOP
	   772    0x80 0x00 0x00 0xf4 0xfe 0x74 0x47 0xf7                                                                                  NOP;                                                        ST.SPIL r4, [sp, #-396];      NOP
	   780    0x80 0x00 0x00 0xd2 0xff 0x38 0x47 0xf7                                                                                  NOP;                                                        ST.SPIL ch2, [sp, #-200];     NOP
	   788    0x80 0x00 0x00 0xd9 0xff 0x04 0x47 0xf7                                                                                  NOP;                                                        ST.SPIL cl1, [sp, #-252];     NOP
	   796    0x80 0x00 0x00 0xd1 0xfe 0xdc 0x47 0xf7                                                                                  NOP;                                                        ST.SPIL ch1, [sp, #-292];     NOP
	   804    0x80 0x00 0x00 0xd8 0xfe 0xa8 0x47 0xf7                                                                                  NOP;                                                        ST.SPIL cl0, [sp, #-344];     NOP
	   812    0x80 0x00 0x00 0xd0 0xfe 0x40 0x47 0xf7                                                                                  NOP;                                                        ST.SPIL ch0, [sp, #-448];     NOP
	   820    0x80 0x00 0x00 0xf2 0xfe 0x0c 0x47 0xf7                                                                                  NOP;                                                        ST.SPIL r2, [sp, #-500];      NOP
	   828    0x80 0x00 0x00 0xda 0xfd 0xd8 0x47 0xf7                                                                                  NOP;                                                        ST.SPIL cl2, [sp, #-552];     NOP
	   836    0x80 0x00 0x00 0xfe 0xfd 0xa4 0x47 0xf7                                                                                  NOP;                                                        ST.SPIL r14, [sp, #-604];     NOP
	   844    0x80 0x00 0x00 0xf4 0xfe 0x68 0x47 0xf7                                                                                  NOP;                                                        ST.SPIL r4, [sp, #-408];      NOP
	   852    0x80 0x00 0x00 0xd2 0xff 0x34 0x47 0xf7                                                                                  NOP;                                                        ST.SPIL ch2, [sp, #-204];     NOP
	   860    0x80 0x00 0x00 0xd9 0xff 0x00 0x47 0xf7                                                                                  NOP;                                                        ST.SPIL cl1, [sp, #-256];     NOP
	   868    0x80 0x00 0x00 0xd1 0xfe 0xd0 0x47 0xf7                                                                                  NOP;                                                        ST.SPIL ch1, [sp, #-304];     NOP
	   876    0x80 0x00 0x00 0xd8 0xfe 0x9c 0x47 0xf7                                                                                  NOP;                                                        ST.SPIL cl0, [sp, #-356];     NOP
	   884    0x80 0x00 0x00 0xd0 0xfe 0x34 0x47 0xf7                                                                                  NOP;                                                        ST.SPIL ch0, [sp, #-460];     NOP
	   892    0x80 0x00 0x00 0xf2 0xfe 0x00 0x47 0xf7                                                                                  NOP;                                                        ST.SPIL r2, [sp, #-512];      NOP
	   900    0x80 0x00 0x00 0xda 0xfd 0xcc 0x47 0xf7                                                                                  NOP;                                                        ST.SPIL cl2, [sp, #-564];     NOP
	   908    0x80 0x00 0x00 0xfe 0xfd 0x98 0x47 0xf7                                                                                  NOP;                                                        ST.SPIL r14, [sp, #-616];     NOP
	   916    0x80 0x00 0x00 0xf1 0xfe 0x80 0x47 0xf7                                                                                  NOP;                                                        ST.SPIL r1, [sp, #-384];      NOP
	   924    0x80 0x00 0x00 0xf1 0xff 0x50 0x47 0xf7                                                                                  NOP;                                                        ST.SPIL r1, [sp, #-176];      NOP
	   932    0x80 0x00 0x00 0xf1 0xff 0x1c 0x47 0xf7                                                                                  NOP;                                                        ST.SPIL r1, [sp, #-228];      NOP
	   940    0x80 0x00 0x00 0xf1 0xfe 0xe8 0x47 0xf7                                                                                  NOP;                                                        ST.SPIL r1, [sp, #-280];      NOP
	   948    0x80 0x00 0x00 0xf1 0xfe 0xb4 0x47 0xf7                                                                                  NOP;                                                        ST.SPIL r1, [sp, #-332];      NOP
	   956    0x80 0x00 0x00 0xf1 0xfe 0x4c 0x47 0xf7                                                                                  NOP;                                                        ST.SPIL r1, [sp, #-436];      NOP
	   964    0x80 0x00 0x00 0xf1 0xfe 0x18 0x47 0xf7                                                                                  NOP;                                                        ST.SPIL r1, [sp, #-488];      NOP
	   972    0x80 0x00 0x00 0xf1 0xfd 0xe4 0x47 0xf7                                                                                  NOP;                                                        ST.SPIL r1, [sp, #-540];      NOP
	   980    0x80 0x00 0x00 0xf1 0xfd 0xb0 0x47 0xf7                                                                                  NOP;                                                        ST.SPIL r1, [sp, #-592];      NOP
	   988    0x80 0x00 0x00 0xf1 0xfe 0x84 0x47 0xf7                                                                                  NOP;                                                        ST.SPIL r1, [sp, #-380];      NOP
	   996    0x80 0x00 0x00 0xf1 0xff 0x54 0x47 0xf7                                                                                  NOP;                                                        ST.SPIL r1, [sp, #-172];      NOP
	  1004    0x80 0x00 0x00 0xf1 0xff 0x20 0x47 0xf7                                                                                  NOP;                                                        ST.SPIL r1, [sp, #-224];      NOP
	  1012    0x80 0x00 0x00 0xf1 0xfe 0xec 0x47 0xf7                                                                                  NOP;                                                        ST.SPIL r1, [sp, #-276];      NOP
	  1020    0x80 0x00 0x00 0xf1 0xfe 0xb8 0x47 0xf7                                                                                  NOP;                                                        ST.SPIL r1, [sp, #-328];      NOP
	  1028    0x80 0x00 0x00 0xf1 0xfe 0x50 0x47 0xf7                                                                                  NOP;                                                        ST.SPIL r1, [sp, #-432];      NOP
	  1036    0x80 0x00 0x00 0xf1 0xfe 0x1c 0x47 0xf7                                                                                  NOP;                                                        ST.SPIL r1, [sp, #-484];      NOP
	  1044    0x80 0x00 0x00 0xf1 0xfd 0xe8 0x47 0xf7                                                                                  NOP;                                                        ST.SPIL r1, [sp, #-536];      NOP
	  1052    0x80 0x00 0x00 0xf1 0xfd 0xb4 0x47 0xf7                                                                                  NOP;                                                        ST.SPIL r1, [sp, #-588];      NOP
	  1060    0xaf 0x14 0x78 0x03                                                              NOP;                                    ST r8, [p7], #4
	  1064    0x3c 0x00 0x00 0x00 0x10 0x00 0x00 0x0f 0x4f 0xe6 0x44 0x3f                      MOV.s10 r4, #0;     NOP;                NOP;                                                        ST.SPIL r4, [sp, #-412];      NOP
	  1076    0x80 0x00 0x00 0xd2 0xff 0x34 0x47 0xf7                                                                                  NOP;                                                        ST.SPIL ch2, [sp, #-204];     NOP
	  1084    0x80 0x00 0x00 0xd9 0xff 0x00 0x47 0xf7                                                                                  NOP;                                                        ST.SPIL cl1, [sp, #-256];     NOP
	  1092    0x80 0x00 0x00 0xd1 0xfe 0xcc 0x47 0xf7                                                                                  NOP;                                                        ST.SPIL ch1, [sp, #-308];     NOP
	  1100    0x80 0x00 0x00 0xd8 0xfe 0x98 0x47 0xf7                                                                                  NOP;                                                        ST.SPIL cl0, [sp, #-360];     NOP
	  1108    0x80 0x00 0x00 0xd0 0xfe 0x30 0x47 0xf7                                                                                  NOP;                                                        ST.SPIL ch0, [sp, #-464];     NOP
	  1116    0x80 0x00 0x00 0xf2 0xfd 0xfc 0x47 0xf7                                                                                  NOP;                                                        ST.SPIL r2, [sp, #-516];      NOP
	  1124    0x00 0x00 0x00 0x00 0x10 0x00 0x00 0x0d 0xaf 0xdc 0x84 0x3f                      NOP;                NOP;                NOP;                                                        ST.SPIL cl2, [sp, #-568];     NOP
	  1136    0x00 0x00 0x00 0x00 0x10 0x00 0x00 0x0f 0xef 0xd9 0x44 0x80 0x00 0x00 0x00 0x00  NOP;                NOP;                NOP;                          NOP;                          ST.SPIL r14, [sp, #-620];     NOP;                                    NOP
.label TGT_F_main_1152
.loop_nesting 1
	  1152    0x00 0x00 0x3e 0xdf 0xf0 0x00 0x00 0x0c 0x76 0x3f 0x46 0x3f                      NOP;                LDB r14, [p7], #-4; NOP;                                                        LDA.SPIL cl0, [sp, #-96];     NOP
	  1164    0x80 0x00 0x00 0xc7 0xb3 0xf4 0xe7 0xf7                                                                                  NOP;                                                        LDA.SPIL p4, [sp, #-92];      NOP
	  1172    0x80 0x00 0x00 0xc7 0xa3 0xf5 0x67 0xf7                                                                                  NOP;                                                        LDA.SPIL p0, [sp, #-88];      NOP
	  1180    0x80 0x00 0x00 0xc7 0xb7 0xf5 0xe7 0xf7                                                                                  NOP;                                                        LDA.SPIL p5, [sp, #-84];      NOP
	  1188    0x00 0x01                                                                        NOP
	  1190    0x00 0x01                                                                        NOP
	  1192    0x00 0x01                                                                        NOP
	  1194    0x00 0x01                                                                        NOP
	  1196    0x80 0x00 0x00 0x81 0xc0 0x83 0x07 0xf7                                                                                  NOP;                                                        BEQZ r14,#TGT_F_main_2096;    NOP
.delay_slot
	  1204    0x80 0x00 0x00 0xc7 0xaf 0xf6 0xe7 0xf7                                                                                  NOP;                                                        LDA.SPIL p3, [sp, #-76];      NOP
.delay_slot
	  1212    0x80 0x00 0x00 0xc7 0xab 0xf7 0x67 0xf7                                                                                  NOP;                                                        LDA.SPIL p2, [sp, #-72];      NOP
.delay_slot
	  1220    0x80 0x00 0x00 0xc7 0xa7 0xf7 0xe7 0xf7                                                                                  NOP;                                                        LDA.SPIL p1, [sp, #-68];      NOP
.delay_slot
	  1228    0x80 0x00 0x00 0xef 0xff 0x98 0x47 0xf7                                                                                  NOP;                                                        ST.SPIL p7, [sp, #-104];      NOP
.delay_slot
	  1236    0x80 0x00 0x00 0xfe 0xff 0x9c 0x47 0xf7                                                                                  NOP;                                                        ST.SPIL r14, [sp, #-100];     NOP
	  1244    0x80 0x00 0x00 0xc7 0xbf 0xf8 0x67 0xf7                                                                                  NOP;                                                        LDA.SPIL p7, [sp, #-64];      NOP
	  1252    0x80 0x00 0x00 0xd8 0xff 0x8c 0x47 0xf7                                                                                  NOP;                                                        ST.SPIL cl0, [sp, #-116];     NOP
	  1260    0x80 0x00 0x00 0xec 0xff 0x68 0x47 0xf7                                                                                  NOP;                                                        ST.SPIL p4, [sp, #-152];      NOP
	  1268    0x80 0x00 0x00 0xeb 0xff 0x70 0x47 0xf7                                                                                  NOP;                                                        ST.SPIL p3, [sp, #-144];      NOP
	  1276    0x80 0x00 0x00 0xea 0xff 0x6c 0x47 0xf7                                                                                  NOP;                                                        ST.SPIL p2, [sp, #-148];      NOP
	  1284    0x80 0x00 0x00 0xe9 0xff 0x94 0x47 0xf7                                                                                  NOP;                                                        ST.SPIL p1, [sp, #-108];      NOP
	  1292    0x80 0x00 0x00 0xe8 0xff 0x90 0x47 0xf7                                                                                  NOP;                                                        ST.SPIL p0, [sp, #-112];      NOP
	  1300    0x00 0x00 0x00 0x00 0x10 0x00 0x00 0x0e 0xdf 0xf7 0xc4 0x3f                      NOP;                NOP;                NOP;                                                        ST.SPIL p5, [sp, #-132];      NOP
.label TGT_F_main_1312
.loop_nesting 2
	  1312    0x14 0x74 0x30 0x03                                                              NOP;                                                                  ACQ r4, #1, r7
	  1316    0x00 0x01                                                                        NOP
	  1318    0x00 0x01                                                                        NOP
	  1320    0x00 0x01                                                                        NOP
	  1322    0x14 0x76 0x30 0x03                                                              NOP;                                                                  ACQ r6, #1, r7
	  1326    0x00 0x01                                                                        NOP
	  1328    0x00 0x01                                                                        NOP
	  1330    0x00 0x01                                                                        NOP
	  1332    0x14 0x7c 0x30 0x03                                                              NOP;                                                                  ACQ r12, #1, r7
	  1336    0x00 0x01                                                                        NOP
	  1338    0x00 0x01                                                                        NOP
	  1340    0x00 0x01                                                                        NOP
	  1342    0x14 0x7d 0x30 0x03                                                              NOP;                                                                  ACQ r13, #1, r7
	  1346    0x00 0x01                                                                        NOP
	  1348    0x00 0x01                                                                        NOP
	  1350    0x00 0x01                                                                        NOP
	  1352    0x14 0x75 0x30 0x03                                                              NOP;                                                                  ACQ r5, #1, r7
	  1356    0x00 0x01                                                                        NOP
	  1358    0x00 0x01                                                                        NOP
	  1360    0x00 0x01                                                                        NOP
	  1362    0x14 0x89 0x30 0x03                                                              NOP;                                                                  ACQ r9, #1, r8
	  1366    0x00 0x01                                                                        NOP
	  1368    0x00 0x01                                                                        NOP
	  1370    0x00 0x01                                                                        NOP
	  1372    0x14 0x8f 0x30 0x03                                                              NOP;                                                                  ACQ r15, #1, r8
	  1376    0x00 0x01                                                                        NOP
	  1378    0x00 0x01                                                                        NOP
	  1380    0x00 0x01                                                                        NOP
	  1382    0x14 0x8b 0x30 0x03                                                              NOP;                                                                  ACQ r11, #1, r8
	  1386    0x00 0x01                                                                        NOP
	  1388    0x00 0x01                                                                        NOP
	  1390    0x00 0x01                                                                        NOP
	  1392    0x14 0x8a 0x30 0x03                                                              NOP;                                                                  ACQ r10, #1, r8
.swstall mem_acquire0
	  1396    0x00 0x01                                                                        NOP
.swstall mem_acquire0
	  1398    0x00 0x01                                                                        NOP
	  1400    0x80 0x00 0x00 0xa0 0x20 0x00 0x07 0xf7                                                                                  NOP;                                                        JAL #hdiff_lap;               NOP
.delay_slot
	  1408    0x80 0x00 0x00 0xec 0xff 0xf8 0x47 0xf7                                                                                  NOP;                                                        ST.SPIL p4, [sp, #-8];        NOP
.delay_slot
	  1416    0x80 0x00 0x00 0xe8 0xff 0xfc 0x47 0xf7                                                                                  NOP;                                                        ST.SPIL p0, [sp, #-4];        NOP
.delay_slot
	  1424    0x56 0x3f 0xd0 0x00 0x00 0x37 0x58 0xf7                                                                                  ST cl0, [sp, #-12];           NOP;                          MOV p4, p6
.delay_slot
	  1432    0x0d 0xf4 0x18 0x03                                                              NOP;                                                                                                MOV p0, p7
.delay_slot
.swstall delay_slot
	  1436    0x00 0x00 0x00 0x03                                                              NOP;                                                                  NOP
.return_address
	  1440    0x00 0x00 0x30 0x1f 0x48 0x00 0x78 0x77                                          NOP;                                                                  MOV.s12 r12, #0;              MOV.s8 r13, #1
	  1448    0x00 0x01                                                                        NOP
	  1450    0x00 0x01                                                                        NOP
	  1452    0x80 0x00 0x00 0xc7 0xd7 0xec 0xe7 0xf7                                                                                  NOP;                                                        LDA.SPIL r5, [sp, #-156];     NOP
	  1460    0x80 0x00 0x00 0xc7 0xe3 0xee 0xe7 0xf7                                                                                  NOP;                                                        LDA.SPIL r8, [sp, #-140];     NOP
	  1468    0x80 0x00 0x00 0xc7 0xfb 0xef 0x67 0xf7                                                                                  NOP;                                                        LDA.SPIL r14, [sp, #-136];    NOP
	  1476    0x16 0xc4 0x30 0x03                                                              NOP;                                                                  REL r4, #1, r12
	  1480    0x80 0x00 0x00 0xc7 0xff 0xf0 0x67 0xf7                                                                                  NOP;                                                        LDA.SPIL r15, [sp, #-128];    NOP
	  1488    0x80 0x00 0x00 0xc7 0xe7 0xf0 0xe7 0xf7                                                                                  NOP;                                                        LDA.SPIL r9, [sp, #-124];     NOP
	  1496    0x80 0x00 0x00 0xc7 0xdb 0xf1 0x67 0xf7                                                                                  NOP;                                                        LDA.SPIL r6, [sp, #-120];     NOP
	  1504    0x00 0x01                                                                        NOP
	  1506    0x16 0xc5 0x30 0x03                                                              NOP;                                                                  REL r5, #1, r12
	  1510    0x00 0x01                                                                        NOP
	  1512    0x00 0x01                                                                        NOP
	  1514    0x00 0x01                                                                        NOP
	  1516    0x16 0xc8 0x30 0x03                                                              NOP;                                                                  REL r8, #1, r12
	  1520    0x00 0x01                                                                        NOP
	  1522    0x00 0x01                                                                        NOP
	  1524    0x00 0x01                                                                        NOP
	  1526    0x16 0xce 0x30 0x03                                                              NOP;                                                                  REL r14, #1, r12
	  1530    0x00 0x01                                                                        NOP
	  1532    0x00 0x01                                                                        NOP
	  1534    0x00 0x01                                                                        NOP
	  1536    0x16 0xcf 0x30 0x03                                                              NOP;                                                                  REL r15, #1, r12
	  1540    0x00 0x01                                                                        NOP
	  1542    0x00 0x01                                                                        NOP
	  1544    0x00 0x01                                                                        NOP
	  1546    0x16 0xd9 0x30 0x03                                                              NOP;                                                                  REL r9, #1, r13
	  1550    0x00 0x01                                                                        NOP
	  1552    0x00 0x01                                                                        NOP
	  1554    0x00 0x01                                                                        NOP
	  1556    0x16 0xd6 0x30 0x03                                                              NOP;                                                                  REL r6, #1, r13
	  1560    0x00 0x01                                                                        NOP
	  1562    0x00 0x01                                                                        NOP
	  1564    0x00 0x01                                                                        NOP
	  1566    0x16 0xdb 0x30 0x03                                                              NOP;                                                                  REL r11, #1, r13
	  1570    0x00 0x01                                                                        NOP
	  1572    0x00 0x01                                                                        NOP
	  1574    0x00 0x01                                                                        NOP
	  1576    0x16 0xda 0x30 0x03                                                              NOP;                                                                  REL r10, #1, r13
	  1580    0x70 0xfd 0xc4 0x56 0xe8 0x05 0x6d 0x00 0x3d 0x32 0x8c 0x9f                      LDA r0, [sp, #-36]; PADDB [p7], #24;    PADDS [p6], #24;              MOV.s12 r4, #3;               MOV.s8 r2, #40
	  1592    0x6d 0xf8 0xc0 0x00 0x10 0x00 0x00 0x04 0x0f 0x40 0x00 0x3f                      LDA p5, [sp, #-116];NOP;                NOP;                                                        MOV.u20 r13, #buf7d;          NOP
	  1604    0x68 0xf9 0x00 0x00 0x10 0x00 0x00 0x04 0x0e 0x00 0x00 0x3f                      LDA p0, [sp, #-112];NOP;                NOP;                                                        MOV.u20 r8, #buf7;            NOP
.noswbrkpt
	  1616    0x00 0x00 0x3f 0xfc 0xf0 0x00 0x00 0x04 0x0e 0x80 0x00 0x3f                      NOP;                LDB r15, [sp, #-100];NOP;                                                       MOV.u20 r10, #buf11d;         NOP
.nohwbrkpt
.noswbrkpt
	  1628    0x6a 0xf6 0xc0 0x00 0x10 0x00 0x00 0x04 0x0f 0xc0 0x00 0x3f                      LDA p2, [sp, #-148];NOP;                NOP;                                                        MOV.u20 r15, #buf0d;          NOP
.nohwbrkpt
.noswbrkpt
	  1640    0x6b 0xf7 0x00 0x00 0x10 0x00 0x00 0x04 0x0e 0x40 0x00 0x3f                      LDA p3, [sp, #-144];NOP;                NOP;                                                        MOV.u20 r9, #buf0;            NOP
.nohwbrkpt
.noswbrkpt
	  1652    0x69 0xf9 0x40 0x00 0x10 0x00 0x00 0x04 0x0d 0x40 0x00 0x3f                      LDA p1, [sp, #-108];NOP;                NOP;                                                        MOV.u20 r5, #buf11;           NOP
.nohwbrkpt
.noswbrkpt
	  1664    0x6c 0xf6 0x80 0x00 0x10 0x00 0x00 0x04 0x0f 0x80 0x00 0x3f                      LDA p4, [sp, #-152];NOP;                NOP;                                                        MOV.u20 r14, #buf5d;          NOP
.nohwbrkpt
.noswbrkpt
	  1676    0x1e 0xf9 0x90 0x40 0xdc 0x00 0x07 0xf7                                                                                                                ITE_EQZ r9, r9, r15, r0;      MOV.u20 r7, #buf5;            NOP
.noswbrkpt
	  1684    0x6d 0xf7 0xc4 0x56 0xab 0xcd 0xde 0x7b 0x62 0x00 0x00 0x1f                      LDA p5, [sp, #-132];PADDB [p5], #24;    ST r9, [p7], #-12;            ITE_EQZ r8, r8, r13, r0;      NOP
.nohwbrkpt
.noswbrkpt
	  1696    0x08 0xac 0x0f 0xad 0x2a 0xf1 0x77 0x37                                          PADDA [p0], #24;                        ST r8, [p6], #-12;            ITE_NEZ r5, r10, r5, r0
.nohwbrkpt
.noswbrkpt
	  1704    0x00 0x00 0x0f 0xbf 0x6a 0xeb 0x76 0xb7                                          NOP;                                    ST r5, [p5], #-12;            ITE_NEZ r13, r14, r7, r0
.nohwbrkpt
.noswbrkpt
	  1712    0x08 0xac 0x80 0x00 0x15 0xd6 0xfd 0x04 0x0e 0x80 0x00 0x3f                      PADDA [p2], #24;    NOP;                ST r5, [p5], #-4;                                           MOV.u20 r10, #buf3d;          NOP
.nohwbrkpt
.noswbrkpt
	  1724    0x08 0xac 0xc0 0x00 0x15 0xd6 0xf5 0x04 0x0f 0x80 0x00 0x3f                      PADDA [p3], #24;    NOP;                ST r5, [p5], #-8;                                           MOV.u20 r14, #buf3;           NOP
.nohwbrkpt
.noswbrkpt
	  1736    0x08 0xac 0x4f 0xf5 0x52 0xf1 0x7f 0x37                                          PADDA [p1], #24;                        ST r8, [p6], #-4;             ITE_NEZ r10, r10, r14, r0
.nohwbrkpt
.noswbrkpt
	  1744    0x08 0xad 0x00 0x00 0x0b 0xc5 0xed 0x02 0x2e 0x06 0xd2 0x1f                      PADDA [p4], #24;    NOP;                ST r8, [p6], #-8;             MOV.s12 r8, #34;              MOV cl0, p5
.nohwbrkpt
.noswbrkpt
	  1756    0xad 0xbf 0x18 0x40 0xec 0x00 0x07 0xf7                                                                                  ST p5, [sp, #-116];                                         MOV.u20 r11, #buf9d;          NOP
	  1764    0x08 0xad 0x40 0x00 0x15 0xf6 0xeb 0x04 0x0d 0x80 0x00 0x3f                      PADDA [p5], #24;    NOP;                ST r13, [p3], #-12;                                         MOV.u20 r6, #buf9;            NOP
	  1776    0x1e 0xb6 0xb0 0x40 0xf8 0x00 0x07 0xf7                                                                                                                ITE_EQZ r11, r6, r11, r0;     MOV.u20 r14, #buf1d;          NOP
	  1784    0xaf 0x77 0x40 0x40 0xd8 0x00 0x07 0xf7                                                                                  ST r11, [p0], #-12;                                         MOV.u20 r6, #buf10;           NOP
	  1792    0xaf 0x77 0xc0 0x40 0xdc 0x00 0x07 0xf7                                                                                  ST r11, [p0], #-4;                                          MOV.u20 r7, #buf8;            NOP
	  1800    0xaf 0x77 0x80 0x40 0xec 0x00 0x07 0xf7                                                                                  ST r11, [p0], #-8;                                          MOV.u20 r11, #buf1;           NOP
	  1808    0x5e 0xae 0xa3 0xf7 0xcb 0x98 0x76 0xf7                                                                                  ST r10, [p2], #-12;           ITE_NEZ r5, r14, r11, r0;     MOV.s8 r11, #48
	  1816    0x5f 0x6f 0xb7 0x7f 0x9d 0x98 0xf8 0xf7                                                                                  ST r13, [p3], #-4;            LT r14, r12, r15;             MOV.s8 r12, #49
	  1824    0x5f 0x6f 0x36 0x3d 0xfd 0x90 0xfa 0xf7                                                                                  ST r13, [p3], #-8;            SUB r14, r15, r14;            MOV.s8 r13, #33
	  1832    0x1f 0xbc 0xc0 0x40 0xfc 0x00 0x07 0xf7                                                                                                                ITE_NEZ r12, r12, r11, r0;    MOV.u20 r15, #buf10d;         NOP
	  1840    0x00 0x00 0x16 0xc4 0xe3 0xde 0xde 0x04 0x0e 0xc0 0x00 0x3f                      NOP;                MOV.s9 r6, #39;                                   ITE_EQZ r15, r6, r15, r0;     MOV.u20 r11, #buf8d;          NOP
	  1852    0x5e 0xaf 0xa3 0xef 0x6f 0x93 0x76 0xf7                                                                                  ST r10, [p2], #-4;            ITE_NEZ r7, r11, r7, r0;      MOV.s8 r11, #38
	  1860    0x00 0x00 0x16 0xc0 0x4b 0xd5 0xe4 0x7e 0xda 0xf2 0x0e 0x9f                      NOP;                MOV.s9 r6, #2;      ST r10, [p2], #-8;            ITE_NEZ r11, r6, r11, r0;     MOV.s8 r10, #32
	  1872    0x5d 0x6e 0x93 0xdb 0x5b 0x89 0x74 0xf7                                                                                  ST r5, [p1], #-12;            ITE_EQZ r13, r10, r13, r0;    MOV.s8 r10, #18
	  1880    0x00 0x00 0x0f 0x51 0x52 0xeb 0x7c 0xb7                                          NOP;                                    ST r5, [p1], #-4;             ITE_EQZ r10, r2, r10, r0
	  1888    0x00 0x00 0x20 0x47 0xaa 0xeb 0x78 0xb7                                          NOP;                                    ST r5, [p1], #-8;             MOV.s12 r5, #35
	  1896    0x00 0x00 0x0f 0x2c 0x2a 0xff 0x76 0x37                                          NOP;                                    ST r15, [p4], #-12;           ITE_EQZ r5, r8, r5, r0
	  1904    0xaf 0xf7 0xe0 0x03                                                              NOP;                                    ST r15, [p4], #-4
	  1908    0xaf 0xf7 0xa0 0x03                                                              NOP;                                    ST r15, [p4], #-8
	  1912    0xae 0xf7 0x68 0x03                                                              NOP;                                    ST r7, [p5], #-12
	  1916    0xae 0xf7 0xe8 0x03                                                              NOP;                                    ST r7, [p5], #-4
	  1920    0xaf 0x37 0xf8 0x03                                                              NOP;                                    ST r9, [p7], #-4
	  1924    0x80 0x00 0x00 0xfe 0xff 0x9c 0x47 0xf7                                                                                  NOP;                                                        ST.SPIL r14, [sp, #-100];     NOP
	  1932    0x80 0x00 0x00 0xe9 0xff 0x94 0x47 0xf7                                                                                  NOP;                                                        ST.SPIL p1, [sp, #-108];      NOP
	  1940    0x80 0x00 0x00 0xea 0xff 0x6c 0x47 0xf7                                                                                  NOP;                                                        ST.SPIL p2, [sp, #-148];      NOP
	  1948    0x80 0x00 0x00 0xeb 0xff 0x70 0x47 0xf7                                                                                  NOP;                                                        ST.SPIL p3, [sp, #-144];      NOP
	  1956    0x80 0x00 0x00 0xe8 0xff 0x90 0x47 0xf7                                                                                  NOP;                                                        ST.SPIL p0, [sp, #-112];      NOP
	  1964    0x80 0x00 0x00 0xec 0xff 0x68 0x47 0xf7                                                                                  NOP;                                                        ST.SPIL p4, [sp, #-152];      NOP
	  1972    0x80 0x00 0x00 0xf5 0xff 0x80 0x47 0xf7                                                                                  NOP;                                                        ST.SPIL r5, [sp, #-128];      NOP
	  1980    0x80 0x00 0x00 0xfd 0xff 0x78 0x47 0xf7                                                                                  NOP;                                                        ST.SPIL r13, [sp, #-136];     NOP
	  1988    0x80 0x00 0x00 0xfc 0xff 0x74 0x47 0xf7                                                                                  NOP;                                                        ST.SPIL r12, [sp, #-140];     NOP
	  1996    0xae 0xf7 0xa8 0x03                                                              NOP;                                    ST r7, [p5], #-8
	  2000    0xaf 0x37 0xb8 0x91 0xc0 0x52 0x07 0xf7                                                                                  ST r9, [p7], #-8;                                           BNEZ r14,#TGT_F_main_1312;    NOP
.delay_slot
	  2008    0x00 0x00 0x19 0xc2 0x2b 0x6f 0xbe 0x7d 0x91 0xb1 0x0d 0x1f                      NOP;                MOV.s9 r9, #17;     ST p5, [sp, #-132];           ITE_NEZ r6, r4, r6, r0;       MOV.s8 r4, #16
.delay_slot
	  2020    0x00 0x00 0x11 0xc4 0xab 0xb7 0xb2 0x7a 0x53 0xf2 0x4d 0xdf                      NOP;                MOV.s9 r1, #37;     ST r6, [sp, #-156];           ITE_EQZ r15, r4, r9, r0;      MOV.s8 r7, #36
.delay_slot
	  2032    0x5f 0xfe 0x23 0xee 0x33 0x80 0xee 0xf7                                                                                  ST r15, [sp, #-120];          ITE_NEZ r9, r1, r7, r0;       MOV.s8 r7, #1
.delay_slot
	  2040    0x00 0x00 0x18 0x83 0x8a 0xf3 0xf0 0xb7                                          NOP;                                    ST r9, [sp, #-124];           SUB r1, r7, r0
.delay_slot
	  2048    0x5c 0x7f 0x73 0x4e 0x09 0x80 0x70 0xf7                                                                                  ST r1, [sp, #-36];            NEZ r4, r0;                   MOV.s8 r8, #0
.loop_nesting 1
	  2056    0x80 0x00 0x00 0xa0 0x00 0x84 0x07 0xf7                                                                                  NOP;                                                        J #TGT_F_main_2112;           NOP
.delay_slot
	  2064    0x80 0x00 0x00 0xc7 0xbf 0xf3 0x67 0xf7                                                                                  NOP;                                                        LDA.SPIL p7, [sp, #-104];     NOP
.delay_slot
	  2072    0x80 0x00 0x00 0xc7 0xbb 0xf6 0x67 0xf7                                                                                  NOP;                                                        LDA.SPIL p6, [sp, #-80];      NOP
.delay_slot
.swstall delay_slot
	  2080    0x00 0x01                                                                        NOP
.delay_slot
.swstall delay_slot
	  2082    0x00 0x01                                                                        NOP
.delay_slot
.swstall delay_slot
	  2084    0x00 0x00 0x00 0x00 0x00 0x00 0x00 0x00 0x00 0x00 0x00 0x1f                      NOP;                NOP;                NOP;                          NOP;                          NOP
.label TGT_F_main_2096
	  2096    0x00 0x00 0x00 0x00 0x10 0x00 0x00 0x0c 0x7b 0xff 0x36 0x80 0x00 0x00 0x00 0x00  NOP;                NOP;                NOP;                          NOP;                          LDA.SPIL p7, [sp, #-104];     NOP;                                    NOP
.label TGT_F_main_2112
.swstall chess_separator_scheduler
	  2112    0x00 0x01                                                                        NOP
.swstall chess_separator_scheduler
	  2114    0x00 0x01                                                                        NOP
.swstall chess_separator_scheduler
	  2116    0x00 0x01                                                                        NOP
.swstall chess_separator_scheduler
	  2118    0x00 0x01                                                                        NOP
.swstall chess_separator_scheduler
	  2120    0x00 0x01                                                                        NOP
.swstall chess_separator_scheduler
	  2122    0x00 0x01                                                                        NOP
.swstall chess_separator_scheduler
	  2124    0x00 0x01                                                                        NOP
.swstall chess_separator_scheduler
	  2126    0x00 0x01                                                                        NOP
	  2128    0x04 0x00 0x20 0x03                                                              NOP;                                                                  EVENT #2
.swstall chess_separator_scheduler
	  2132    0x00 0x01                                                                        NOP
.swstall chess_separator_scheduler
	  2134    0x00 0x01                                                                        NOP
.swstall chess_separator_scheduler
	  2136    0x00 0x01                                                                        NOP
.swstall chess_separator_scheduler
	  2138    0x00 0x01                                                                        NOP
.swstall chess_separator_scheduler
	  2140    0x00 0x01                                                                        NOP
	  2142    0x7e 0xa3 0xc0 0x00 0x00 0x00 0x00 0x37                                          LDA r14, [p7], #4;                      NOP;                          NOP
	  2150    0x00 0x01                                                                        NOP
	  2152    0x00 0x01                                                                        NOP
	  2154    0x00 0x01                                                                        NOP
	  2156    0x00 0x01                                                                        NOP
	  2158    0x00 0x01                                                                        NOP
	  2160    0x00 0x01                                                                        NOP
	  2162    0x00 0x01                                                                        NOP
	  2164    0x3a 0xe8 0xe0 0x03                                                              NOP;                                                                  GE r14, r8, r14
	  2168    0x80 0x00 0x00 0x91 0xc0 0x48 0x07 0xf7                                                                                  NOP;                                                        BNEZ r14,#TGT_F_main_1152;    NOP
.delay_slot
.swstall delay_slot
	  2176    0x00 0x01                                                                        NOP
.delay_slot
.swstall delay_slot
	  2178    0x00 0x01                                                                        NOP
.delay_slot
.swstall delay_slot
	  2180    0x00 0x01                                                                        NOP
.delay_slot
.swstall delay_slot
	  2182    0x00 0x01                                                                        NOP
.delay_slot
.swstall delay_slot
	  2184    0x00 0x01                                                                        NOP
.loop_nesting 0
	  2186    0x7a 0xfc 0xb0 0x0c 0x0e 0xc0 0x40 0x77                                          LDA r10, [sp, #-56];                                                  MOV.s12 m0, #-640;            MOV.s8 r0, #0
	  2194    0x80 0x00 0x00 0xc7 0xef 0xf8 0xe7 0xf7                                                                                  NOP;                                                        LDA.SPIL r11, [sp, #-60];     NOP
	  2202    0x80 0x00 0x00 0xc7 0xd3 0xfa 0xe7 0xf7                                                                                  NOP;                                                        LDA.SPIL r4, [sp, #-44];      NOP
	  2210    0x80 0x00 0x00 0xc7 0xbb 0xfa 0x67 0xf7                                                                                  NOP;                                                        LDA.SPIL p6, [sp, #-48];      NOP
	  2218    0x80 0x00 0x00 0xc7 0xbf 0xf9 0xe7 0xf7                                                                                  NOP;                                                        LDA.SPIL p7, [sp, #-52];      NOP
	  2226    0x58 0xfd 0xb8 0x03                                                              NOP;                LDB lr, [sp, #-40]
	  2230    0x08 0x90 0x00 0x00 0x00 0x00 0x00 0x37                                          PADDA [sp], m0;                         NOP;                          NOP
	  2238    0x00 0x01                                                                        NOP
	  2240    0x00 0x01                                                                        NOP
	  2242    0x00 0x01                                                                        NOP
	  2244    0x00 0x01                                                                        NOP
	  2246    0x00 0x01                                                                        NOP
	  2248    0x00 0x01                                                                        NOP
	  2250    0x00 0x01                                                                        NOP
.end_of_main
	  2252    0x01 0x01                                                                        RET lr
.delay_slot
.swstall delay_slot
	  2254    0x00 0x01                                                                        NOP
.delay_slot
.swstall delay_slot
	  2256    0x00 0x01                                                                        NOP
.delay_slot
.swstall delay_slot
	  2258    0x00 0x01                                                                        NOP
.delay_slot
.swstall delay_slot
	  2260    0x00 0x01                                                                        NOP
.label _main__end last
.label _main___func_end0 last
.delay_slot
.swstall delay_slot
	  2262    0x00 0x01                                                                        NOP

.undef global data main

.undef global data buf0

.undef global data buf0d

.undef global data buf1

.undef global data buf1d

.undef global data buf3

.undef global data buf3d

.undef global data buf5

.undef global data buf5d

.undef global data buf7

.undef global data buf7d

.undef global data buf8

.undef global data buf8d

.undef global data buf9

.undef global data buf9d

.undef global data buf10

.undef global data buf10d

.undef global data buf11

.undef global data buf11d

.undef global text hdiff_lap

