SFG: 7_1-main__s2.sfg

Offset  Macro node                          Source ref           Cycle Instr Words    Scheduling graphs + reports
------  ----------------------------------  -------------------  ----- ----- -----    ---------------------------
        block m1                            [../src/7_1.cc:58] 
000000  .  block m1993                                             137   137  1152    [m1993.dot]
        .  do m3                            [../src/7_1.cc:58] 
        .  .  block m5                      [../src/7_1.cc:58] 
001152  .  .  .  block m2629                                        14    14    92    [m2629.dot]
        .  .  .  if m8                      [../src/7_1.cc:120]
        .  .  .  .  else m11                [../src/7_1.cc:120]
001244  .  .  .  .  .  block m2777                                   8     8    68    [m2777.dot]
        .  .  .  .  .  do m13               [../src/7_1.cc:120]
        .  .  .  .  .  .  block m15         [../src/7_1.cc:120]
        .  .  .  .  .  .  .  block m73                               0     0     0   
        .  .  .  .  .  .  .  call m74       [../src/7_1.cc:124]
001312  .  .  .  .  .  .  .  block m79                               1     1     4    [m79.dot]
        .  .  .  .  .  .  .  call m80       [../src/7_1.cc:125]
001316  .  .  .  .  .  .  .  block m85                               4     4    10    [m85.dot]
        .  .  .  .  .  .  .  call m86       [../src/7_1.cc:126]
001326  .  .  .  .  .  .  .  block m91                               4     4    10    [m91.dot]
        .  .  .  .  .  .  .  call m92       [../src/7_1.cc:127]
001336  .  .  .  .  .  .  .  block m97                               4     4    10    [m97.dot]
        .  .  .  .  .  .  .  call m98       [../src/7_1.cc:128]
001346  .  .  .  .  .  .  .  block m103                              4     4    10    [m103.dot]
        .  .  .  .  .  .  .  call m104      [../src/7_1.cc:129]
001356  .  .  .  .  .  .  .  block m109                              4     4    10    [m109.dot]
        .  .  .  .  .  .  .  call m110      [../src/7_1.cc:130]
001366  .  .  .  .  .  .  .  block m115                              4     4    10    [m115.dot]
        .  .  .  .  .  .  .  call m116      [../src/7_1.cc:131]
001376  .  .  .  .  .  .  .  block m121                              4     4    10    [m121.dot]
        .  .  .  .  .  .  .  call m122      [../src/7_1.cc:132]
001386  .  .  .  .  .  .  .  block m125                              4     4    10    [m125.dot]
        .  .  .  .  .  .  .  call m126      [../src/7_1.cc:132]
001396  .  .  .  .  .  .  .  block m489                              8     8    44    [m489.dot]
        .  .  .  .  .  .  .  call m128      [../src/7_1.cc:133]
001440  .  .  .  .  .  .  .  block m135                             10    10    64    [m135.dot]
        .  .  .  .  .  .  .  call m136      [../src/7_1.cc:143]
001504  .  .  .  .  .  .  .  block m141                              2     2     6    [m141.dot]
        .  .  .  .  .  .  .  call m142      [../src/7_1.cc:146]
001510  .  .  .  .  .  .  .  block m147                              4     4    10    [m147.dot]
        .  .  .  .  .  .  .  call m148      [../src/7_1.cc:149]
001520  .  .  .  .  .  .  .  block m153                              4     4    10    [m153.dot]
        .  .  .  .  .  .  .  call m154      [../src/7_1.cc:152]
001530  .  .  .  .  .  .  .  block m159                              4     4    10    [m159.dot]
        .  .  .  .  .  .  .  call m160      [../src/7_1.cc:153]
001540  .  .  .  .  .  .  .  block m165                              4     4    10    [m165.dot]
        .  .  .  .  .  .  .  call m166      [../src/7_1.cc:154]
001550  .  .  .  .  .  .  .  block m171                              4     4    10    [m171.dot]
        .  .  .  .  .  .  .  call m172      [../src/7_1.cc:155]
001560  .  .  .  .  .  .  .  block m177                              4     4    10    [m177.dot]
        .  .  .  .  .  .  .  call m178      [../src/7_1.cc:156]
001570  .  .  .  .  .  .  .  block m181                              4     4    10    [m181.dot]
        .  .  .  .  .  .  .  call m182      [../src/7_1.cc:156]
001580  .  .  .  .  .  .  .  block m2752                            54    54   476    [m2752.dot]
002056  .  .  .  .  .  block m2776                                   6     6    40    [m2776.dot]
002096  .  .  .  .  then m10                                         1     1    16    [m10.dot]
        .  .  .  block m184                                          0     0     0   
        .  .  .  call m2778                 [../src/7_1.cc:58] 
002112  .  .  .  block m2779                                         8     8    16    [m2779.dot]
        .  .  .  call m185                  [../src/7_1.cc:191]
002128  .  .  .  block m188                                          1     1     4    [m188.dot]
        .  .  .  call m2780                 [../src/7_1.cc:58] 
002132  .  .  .  block m2781                                         5     5    10    [m2781.dot]
        .  .  .  call m189                  [../src/7_1.cc:191]
002142  .  .  .  block m1014                                        15    15    44    [m1014.dot]
002186  .  block m192                                               20    20    78    [m192.dot]

Total cycles: 350, total instrs: 350, total words: 2264


Bundle schedule (instruction words shown before relocation)
---------------
000000  m1993    32 00 dc c6 09 40 40 04 00 40 00 3f                b5053 (MOV.s10 m2, #3)              b5037 (MOV.s9 r12, #48)             b5051 (MOV.s12 m0, #640)            b5026 (MOV.u20 ch1, #0)            
000012           08 90 18 c0 08 10 7a 04 02 00 00 3f                b509  (PADDA [sp], m0)              b5021 (MOV.s9 r8, #0)               b5039 (MOV.s12 r13, #32)            b5027 (MOV.u20 cl0, #0)            
000024           30 08 d7 c6 28 01 6c 04 00 80 00 3f                b5056 (MOV.s10 m0, #35)             b5054 (MOV.s9 r7, #49)              b5035 (MOV.s12 r6, #2)              b5024 (MOV.u20 ch2, #0)            
000036           31 09 d9 c4 8f 96 46 0d 1f ee 04 3f                b5059 (MOV.s10 m1, #39)             b5043 (MOV.s9 r9, #36)              b5061 (MOV.s12 m3, #-212)           b512  (ST.SPIL ch1, [sp, #-288])   
000048           00 00 15 c4 48 12 e4 0d 8f ea c4 3f                b5041 (MOV.s9 r5, #34)              b5057 (MOV.s12 r2, #37)             b513  (ST.SPIL cl0, [sp, #-340])   
000060           00 00 14 c4 35 d3 f5 04 02 40 00 3f                b5055 (MOV.s9 r4, #33)              b5017 (ST.SPIL r4, [sp, #-44])      b5025 (MOV.u20 cl1, #0)            
000072           00 00 11 c2 4f 7c 48 0d 1f ed 44 3f                b5060 (MOV.s9 r1, #18)              b5062 (MOV.s12 m4, #-264)           b531  (ST.SPIL ch1, [sp, #-300])   
000084           00 00 13 c2 2e fa 4a 0d 8f ea 04 3f                b5058 (MOV.s9 r3, #17)              b5067 (MOV.s12 m5, #-524)           b536  (ST.SPIL cl0, [sp, #-352])   
000096           80 00 00 d2 ff 48 47 f7                            b510  (ST.SPIL ch2, [sp, #-184])   
000104           80 00 00 d9 ff 14 47 f7                            b511  (ST.SPIL cl1, [sp, #-236])   
000112           40 2f 98 03                                        b5023 (MOV r15, sp)                
000116           80 00 00 fc fe f0 47 f7                            b532  (ST.SPIL r12, [sp, #-272])   
000124           80 00 00 fd fe bc 47 f7                            b537  (ST.SPIL r13, [sp, #-324])   
000132           80 00 00 d2 ff 3c 47 f7                            b521  (ST.SPIL ch2, [sp, #-196])   
000140           80 00 00 d9 ff 08 47 f7                            b526  (ST.SPIL cl1, [sp, #-248])   
000148           ad ff 98 40 00 00 07 f7                            b5015 (ST.SPIL p7, [sp, #-52])      b5029 (MOV.u20 ch0, #0)            
000156           5b bf 48 08 7e 3f d4 f7                            b5045 (MOV.s12 r15, #16)            b5016 (ST.SPIL p6, [sp, #-48])      b5022 (MOV p2, r15)                
000164           00 00 17 c0 30 00 00 0f 7f ef 44 3f                b5033 (MOV.s9 r7, #1)               b533  (ST.SPIL r7, [sp, #-268])    
000176           80 00 00 f4 fe c0 47 f7                            b538  (ST.SPIL r4, [sp, #-320])    
000184           80 00 00 f8 ff 58 47 f7                            b522  (ST.SPIL r8, [sp, #-168])    
000192           80 00 00 f6 ff 24 47 f7                            b527  (ST.SPIL r6, [sp, #-220])    
000200           80 00 00 d0 fe 44 47 f7                            b515  (ST.SPIL ch0, [sp, #-444])   
000208           08 8a 9a c5 0b d7 e5 e2 89 46 aa 5f                b572  (PADDA [p2], m5)              b5049 (MOV.s9 r10, #40)             b5066 (MOV.s12 m5, #-472)           b5014 (ST.SPIL r10, [sp, #-56])     b5072 (MOV p1, p2)                 
000220           08 86 5b c4 cb df e3 dc 08 c6 ab 1f                b566  (PADDA [p1], m3)              b5047 (MOV.s9 r11, #38)             b5068 (MOV.s12 m3, #-576)           b5013 (ST.SPIL r11, [sp, #-60])     b5074 (MOV p4, p2)                 
000232           08 89 00 00 0f 62 48 0e 2f f2 84 3f                b567  (PADDA [p4], m4)              b5063 (MOV.s12 m4, #-316)           b528  (ST.SPIL m2, [sp, #-216])    
000244           5d bd 9f 48 44 36 5e f7                            b5064 (MOV.s12 m2, #-368)           b5006 (ST.SPIL r6, [sp, #-156])     b5075 (MOV p7, p4)                 
000252           08 89 c0 00 0e c6 48 0f 7f f5 c4 3f                b568  (PADDA [p7], m4)              b5069 (MOV.s12 m4, #-628)           b523  (ST.SPIL r7, [sp, #-164])    
000264           5f 3d d0 00 00 37 d6 f7                            b5007 (ST.SPIL r12, [sp, #-140])    b5076 (MOV p3, p7)                 
000272           ad 3f 80 40 d0 00 07 f7                            b5005 (ST.SPIL p1, [sp, #-64])      b5034 (MOV.u20 r4, #0)             
000280           80 00 00 d0 fe 38 47 f7                            b546  (ST.SPIL ch0, [sp, #-456])   
000288           ad ff 70 40 28 00 07 f7                            b5003 (ST.SPIL p7, [sp, #-72])      b5036 (MOV.u20 cl2, #0)            
000296           80 00 00 f4 ff 4c 47 f7                            b524  (ST.SPIL r4, [sp, #-180])    
000304           80 00 00 f9 fe 54 47 f7                            b547  (ST.SPIL r9, [sp, #-428])    
000312           80 00 00 da ff 18 47 f7                            b529  (ST.SPIL cl2, [sp, #-232])   
000320           08 8a c0 00 10 00 00 0f 4f f4 04 3f                b571  (PADDA [p3], m5)              b525  (ST.SPIL r4, [sp, #-192])    
000332           5e 34 10 00 00 35 d2 f7                            b575  (ST r8, [p1])                 b5077 (MOV p1, p3)                 
000340           08 86 40 00 10 00 00 0f 2f e5 84 3f                b573  (PADDA [p1], m3)              b548  (ST.SPIL r2, [sp, #-424])    
000352           5f 7d e0 00 00 34 da f7                            b5008 (ST.SPIL r13, [sp, #-136])    b5078 (MOV p5, p1)                 
000360           08 85 40 00 0f 2e 44 0d af f0 c4 3f                b569  (PADDA [p5], m2)              b5065 (MOV.s12 m2, #-420)           b530  (ST.SPIL cl2, [sp, #-244])   
000372           5e 34 40 00 00 36 d0 f7                            b576  (ST r8, [p4])                 b5079 (MOV p0, p5)                 
000380           08 88 00 00 15 a7 e9 04 0f 80 00 3f                b574  (PADDA [p0], m4)              b4998 (ST.SPIL p1, [sp, #-92])      b5032 (MOV.u20 r14, #0)            
000392           5d 7e 00 00 00 34 5c f7                            b5009 (ST.SPIL r5, [sp, #-128])     b5073 (MOV p6, p0)                 
000400           08 85 80 00 15 a3 e8 04 0d 00 00 3f                b570  (PADDA [p6], m2)              b4997 (ST.SPIL p0, [sp, #-96])      b5028 (MOV.u20 r4, #0)             
000412           ad 5f 50 40 c8 00 07 f7                            b4999 (ST.SPIL p2, [sp, #-88])      b5030 (MOV.u20 r2, #0)             
000420           ad 7f 58 40 28 00 07 f7                            b5000 (ST.SPIL p3, [sp, #-84])      b5031 (MOV.u20 cl2, #0)            
000428           80 00 00 fe fd a8 47 f7                            b518  (ST.SPIL r14, [sp, #-600])   
000436           80 00 00 f4 fe 78 47 f7                            b514  (ST.SPIL r4, [sp, #-392])    
000444           80 00 00 f2 fe 10 47 f7                            b516  (ST.SPIL r2, [sp, #-496])    
000452           80 00 00 da fd dc 47 f7                            b517  (ST.SPIL cl2, [sp, #-548])   
000460           80 00 00 fe fd 9c 47 f7                            b561  (ST.SPIL r14, [sp, #-612])   
000468           80 00 00 f4 fe 6c 47 f7                            b541  (ST.SPIL r4, [sp, #-404])    
000476           80 00 00 f2 fe 04 47 f7                            b551  (ST.SPIL r2, [sp, #-508])    
000484           80 00 00 da fd d0 47 f7                            b556  (ST.SPIL cl2, [sp, #-560])   
000492           80 00 00 fa fd b8 47 f7                            b562  (ST.SPIL r10, [sp, #-584])   
000500           80 00 00 f5 fe 88 47 f7                            b542  (ST.SPIL r5, [sp, #-376])    
000508           80 00 00 ff fe 20 47 f7                            b552  (ST.SPIL r15, [sp, #-480])   
000516           80 00 00 fb fd ec 47 f7                            b557  (ST.SPIL r11, [sp, #-532])   
000524           50 03 10 f1 fd bc 47 f7                            b5020 (MOV.s12 r1, #1024)           b563  (ST.SPIL r1, [sp, #-580])    
000532           ad df 60 40 34 00 07 f7                            b5001 (ST.SPIL p6, [sp, #-80])      b5038 (MOV.u20 cl5, #0)            
000540           80 00 00 e0 fe 8c 47 f7                            b543  (ST.SPIL m0, [sp, #-372])    
000548           ad bf 68 40 10 00 07 f7                            b5002 (ST.SPIL p5, [sp, #-76])      b5042 (MOV.u20 ch4, #0)            
000556           80 00 00 f3 fe 24 47 f7                            b553  (ST.SPIL r3, [sp, #-476])    
000564           80 00 00 e1 fd f0 47 f7                            b558  (ST.SPIL m1, [sp, #-528])    
000572           ad 9f 78 40 30 00 07 f7                            b5004 (ST.SPIL p4, [sp, #-68])      b5040 (MOV.u20 cl4, #0)            
000580           af 3f 08 40 2c 00 07 f7                            b5010 (ST.SPIL r9, [sp, #-124])     b5044 (MOV.u20 cl3, #0)            
000588           af ff 10 40 0c 00 07 f7                            b5011 (ST.SPIL r15, [sp, #-120])    b5046 (MOV.u20 ch3, #0)            
000596           ae ff b8 40 14 00 07 f7                            b5012 (ST.SPIL r7, [sp, #-36])      b5048 (MOV.u20 ch5, #0)            
000604           a9 1f b0 40 38 00 07 f7                            b5018 (ST.SPIL lr, [sp, #-40])      b5050 (MOV.u20 cl6, #0)            
000612           80 00 00 dd fe e4 47 f7                            b534  (ST.SPIL cl5, [sp, #-284])   
000620           80 00 00 d4 fe 7c 47 f7                            b544  (ST.SPIL ch4, [sp, #-388])   
000628           80 00 00 dc fe b0 47 f7                            b539  (ST.SPIL cl4, [sp, #-336])   
000636           80 00 00 db fe 48 47 f7                            b549  (ST.SPIL cl3, [sp, #-440])   
000644           80 00 00 d3 fe 14 47 f7                            b554  (ST.SPIL ch3, [sp, #-492])   
000652           80 00 00 d5 fd e0 47 f7                            b559  (ST.SPIL ch5, [sp, #-544])   
000660           80 00 00 de fd ac 47 f7                            b564  (ST.SPIL cl6, [sp, #-596])   
000668           80 00 00 dd fe d8 47 f7                            b535  (ST.SPIL cl5, [sp, #-296])   
000676           80 00 00 d4 fe 70 47 f7                            b545  (ST.SPIL ch4, [sp, #-400])   
000684           80 00 00 dc fe a4 47 f7                            b540  (ST.SPIL cl4, [sp, #-348])   
000692           80 00 00 db fe 3c 47 f7                            b550  (ST.SPIL cl3, [sp, #-452])   
000700           80 00 00 d3 fe 08 47 f7                            b555  (ST.SPIL ch3, [sp, #-504])   
000708           80 00 00 d5 fd d4 47 f7                            b560  (ST.SPIL ch5, [sp, #-556])   
000716           80 00 00 de fd a0 47 f7                            b565  (ST.SPIL cl6, [sp, #-608])   
000724           af 1a 38 40 bc 00 07 f7                            b577  (ST r8, [p7])                 b5052 (MOV.u20 p7, #0)             
000732           af 1a 30 03                                        b579  (ST r8, [p6])                
000736           af 1a 28 03                                        b578  (ST r8, [p5])                
000740           af 1a 18 03                                        b580  (ST r8, [p3])                
000744           af 1a 10 03                                        b581  (ST r8, [p2])                
000748           af 1a 08 03                                        b582  (ST r8, [p1])                
000752           af 1a 00 03                                        b583  (ST r8, [p0])                
000756           80 00 00 d2 ff 44 47 f7                            b584  (ST.SPIL ch2, [sp, #-188])   
000764           80 00 00 d9 ff 10 47 f7                            b589  (ST.SPIL cl1, [sp, #-240])   
000772           80 00 00 f4 fe 74 47 f7                            b602  (ST.SPIL r4, [sp, #-396])    
000780           80 00 00 d2 ff 38 47 f7                            b585  (ST.SPIL ch2, [sp, #-200])   
000788           80 00 00 d9 ff 04 47 f7                            b590  (ST.SPIL cl1, [sp, #-252])   
000796           80 00 00 d1 fe dc 47 f7                            b594  (ST.SPIL ch1, [sp, #-292])   
000804           80 00 00 d8 fe a8 47 f7                            b598  (ST.SPIL cl0, [sp, #-344])   
000812           80 00 00 d0 fe 40 47 f7                            b606  (ST.SPIL ch0, [sp, #-448])   
000820           80 00 00 f2 fe 0c 47 f7                            b610  (ST.SPIL r2, [sp, #-500])    
000828           80 00 00 da fd d8 47 f7                            b614  (ST.SPIL cl2, [sp, #-552])   
000836           80 00 00 fe fd a4 47 f7                            b618  (ST.SPIL r14, [sp, #-604])   
000844           80 00 00 f4 fe 68 47 f7                            b603  (ST.SPIL r4, [sp, #-408])    
000852           80 00 00 d2 ff 34 47 f7                            b586  (ST.SPIL ch2, [sp, #-204])   
000860           80 00 00 d9 ff 00 47 f7                            b591  (ST.SPIL cl1, [sp, #-256])   
000868           80 00 00 d1 fe d0 47 f7                            b595  (ST.SPIL ch1, [sp, #-304])   
000876           80 00 00 d8 fe 9c 47 f7                            b599  (ST.SPIL cl0, [sp, #-356])   
000884           80 00 00 d0 fe 34 47 f7                            b607  (ST.SPIL ch0, [sp, #-460])   
000892           80 00 00 f2 fe 00 47 f7                            b611  (ST.SPIL r2, [sp, #-512])    
000900           80 00 00 da fd cc 47 f7                            b615  (ST.SPIL cl2, [sp, #-564])   
000908           80 00 00 fe fd 98 47 f7                            b619  (ST.SPIL r14, [sp, #-616])   
000916           80 00 00 f1 fe 80 47 f7                            b604  (ST.SPIL r1, [sp, #-384])    
000924           80 00 00 f1 ff 50 47 f7                            b587  (ST.SPIL r1, [sp, #-176])    
000932           80 00 00 f1 ff 1c 47 f7                            b592  (ST.SPIL r1, [sp, #-228])    
000940           80 00 00 f1 fe e8 47 f7                            b596  (ST.SPIL r1, [sp, #-280])    
000948           80 00 00 f1 fe b4 47 f7                            b600  (ST.SPIL r1, [sp, #-332])    
000956           80 00 00 f1 fe 4c 47 f7                            b608  (ST.SPIL r1, [sp, #-436])    
000964           80 00 00 f1 fe 18 47 f7                            b612  (ST.SPIL r1, [sp, #-488])    
000972           80 00 00 f1 fd e4 47 f7                            b616  (ST.SPIL r1, [sp, #-540])    
000980           80 00 00 f1 fd b0 47 f7                            b620  (ST.SPIL r1, [sp, #-592])    
000988           80 00 00 f1 fe 84 47 f7                            b605  (ST.SPIL r1, [sp, #-380])    
000996           80 00 00 f1 ff 54 47 f7                            b588  (ST.SPIL r1, [sp, #-172])    
001004           80 00 00 f1 ff 20 47 f7                            b593  (ST.SPIL r1, [sp, #-224])    
001012           80 00 00 f1 fe ec 47 f7                            b597  (ST.SPIL r1, [sp, #-276])    
001020           80 00 00 f1 fe b8 47 f7                            b601  (ST.SPIL r1, [sp, #-328])    
001028           80 00 00 f1 fe 50 47 f7                            b609  (ST.SPIL r1, [sp, #-432])    
001036           80 00 00 f1 fe 1c 47 f7                            b613  (ST.SPIL r1, [sp, #-484])    
001044           80 00 00 f1 fd e8 47 f7                            b617  (ST.SPIL r1, [sp, #-536])    
001052           80 00 00 f1 fd b4 47 f7                            b621  (ST.SPIL r1, [sp, #-588])    
001060           af 14 78 03                                        b519  (ST r8, [p7], #4)            
001064           3c 00 00 00 10 00 00 0f 4f e6 44 3f                b5085 (MOV.s10 r4, #0)              b626  (ST.SPIL r4, [sp, #-412])    
001076           80 00 00 d2 ff 34 47 f7                            b622  (ST.SPIL ch2, [sp, #-204])   
001084           80 00 00 d9 ff 00 47 f7                            b623  (ST.SPIL cl1, [sp, #-256])   
001092           80 00 00 d1 fe cc 47 f7                            b624  (ST.SPIL ch1, [sp, #-308])   
001100           80 00 00 d8 fe 98 47 f7                            b625  (ST.SPIL cl0, [sp, #-360])   
001108           80 00 00 d0 fe 30 47 f7                            b627  (ST.SPIL ch0, [sp, #-464])   
001116           80 00 00 f2 fd fc 47 f7                            b628  (ST.SPIL r2, [sp, #-516])    
001124           00 00 00 00 10 00 00 0d af dc 84 3f                b629  (ST.SPIL cl2, [sp, #-568])   
001136           00 00 00 00 10 00 00 0f ef d9 44 80 00 00 00 00    b630  (ST.SPIL r14, [sp, #-620])   
001152  m2629  1 00 00 3e df f0 00 00 0c 76 3f 46 3f                b459  (LDB r14, [p7], #-4)          b4892 (LDA.SPIL cl0, [sp, #-96])   
001164         1 80 00 00 c7 b3 f4 e7 f7                            b4893 (LDA.SPIL p4, [sp, #-92])    
001172         1 80 00 00 c7 a3 f5 67 f7                            b4894 (LDA.SPIL p0, [sp, #-88])    
001180         1 80 00 00 c7 b7 f5 e7 f7                            b4895 (LDA.SPIL p5, [sp, #-84])    
001188         1 00 01                                              NOP
001190         1 00 01                                              NOP
001192         1 00 01                                              NOP
001194         1 00 01                                              NOP
001196         1 80 00 00 81 c0 83 07 f7                            b460  (BEQZ r14,#0)                
001204         1 80 00 00 c7 af f6 e7 f7                            b4901 (LDA.SPIL p3, [sp, #-76])    
001212         1 80 00 00 c7 ab f7 67 f7                            b4902 (LDA.SPIL p2, [sp, #-72])    
001220         1 80 00 00 c7 a7 f7 e7 f7                            b4903 (LDA.SPIL p1, [sp, #-68])    
001228         1 80 00 00 ef ff 98 47 f7                            b4859 (ST.SPIL p7, [sp, #-104])    
001236         1 80 00 00 fe ff 9c 47 f7                            b4860 (ST.SPIL r14, [sp, #-100])   
001244  m2777  1 80 00 00 c7 bf f8 67 f7                            b4904 (LDA.SPIL p7, [sp, #-64])    
001252         1 80 00 00 d8 ff 8c 47 f7                            b4792 (ST.SPIL cl0, [sp, #-116])   
001260         1 80 00 00 ec ff 68 47 f7                            b4793 (ST.SPIL p4, [sp, #-152])    
001268         1 80 00 00 eb ff 70 47 f7                            b4796 (ST.SPIL p3, [sp, #-144])    
001276         1 80 00 00 ea ff 6c 47 f7                            b4797 (ST.SPIL p2, [sp, #-148])    
001284         1 80 00 00 e9 ff 94 47 f7                            b4798 (ST.SPIL p1, [sp, #-108])    
001292         1 80 00 00 e8 ff 90 47 f7                            b4794 (ST.SPIL p0, [sp, #-112])    
001300         1 00 00 00 00 10 00 00 0e df f7 c4 3f                b4795 (ST.SPIL p5, [sp, #-132])    
001312  m79    2 14 74 30 03                                        b458  (ACQ r4, #1, r7)             
001316  m85    2 00 01                                              NOP
001318         2 00 01                                              NOP
001320         2 00 01                                              NOP
001322         2 14 76 30 03                                        b457  (ACQ r6, #1, r7)             
001326  m91    2 00 01                                              NOP
001328         2 00 01                                              NOP
001330         2 00 01                                              NOP
001332         2 14 7c 30 03                                        b456  (ACQ r12, #1, r7)            
001336  m97    2 00 01                                              NOP
001338         2 00 01                                              NOP
001340         2 00 01                                              NOP
001342         2 14 7d 30 03                                        b455  (ACQ r13, #1, r7)            
001346  m103   2 00 01                                              NOP
001348         2 00 01                                              NOP
001350         2 00 01                                              NOP
001352         2 14 75 30 03                                        b454  (ACQ r5, #1, r7)             
001356  m109   2 00 01                                              NOP
001358         2 00 01                                              NOP
001360         2 00 01                                              NOP
001362         2 14 89 30 03                                        b453  (ACQ r9, #1, r8)             
001366  m115   2 00 01                                              NOP
001368         2 00 01                                              NOP
001370         2 00 01                                              NOP
001372         2 14 8f 30 03                                        b452  (ACQ r15, #1, r8)            
001376  m121   2 00 01                                              NOP
001378         2 00 01                                              NOP
001380         2 00 01                                              NOP
001382         2 14 8b 30 03                                        b451  (ACQ r11, #1, r8)            
001386  m125   2 00 01                                              NOP
001388         2 00 01                                              NOP
001390         2 00 01                                              NOP
001392         2 14 8a 30 03                                        b450  (ACQ r10, #1, r8)            
001396  m489   2 00 01                                              .swstall "mem_acquire0"
001398         2 00 01                                              .swstall "mem_acquire0"
001400         2 80 00 00 a0 20 00 07 f7                            b449  (JAL #0)                     
001408         2 80 00 00 ec ff f8 47 f7                            b2580 (ST.SPIL p4, [sp, #-8])      
001416         2 80 00 00 e8 ff fc 47 f7                            b2581 (ST.SPIL p0, [sp, #-4])      
001424         2 56 3f d0 00 00 37 58 f7                            b2998 (ST.SPIL cl0, [sp, #-12])     b5080 (MOV p4, p6)                 
001432         2 0d f4 18 03                                        b5081 (MOV p0, p7)                 
001436         2 00 00 00 03                                        .swstall "delay_slot"
001440  m135   2 00 00 30 1f 48 00 78 77                            b3542 (MOV.s12 r12, #0)             b3497 (MOV.s8 r13, #1)             
001448         2 00 01                                              NOP
001450         2 00 01                                              NOP
001452         2 80 00 00 c7 d7 ec e7 f7                            b2714 (LDA.SPIL r5, [sp, #-156])   
001460         2 80 00 00 c7 e3 ee e7 f7                            b2748 (LDA.SPIL r8, [sp, #-140])   
001468         2 80 00 00 c7 fb ef 67 f7                            b2784 (LDA.SPIL r14, [sp, #-136])  
001476         2 16 c4 30 03                                        b448  (REL r4, #1, r12)            
001480         2 80 00 00 c7 ff f0 67 f7                            b2822 (LDA.SPIL r15, [sp, #-128])  
001488         2 80 00 00 c7 e7 f0 e7 f7                            b2862 (LDA.SPIL r9, [sp, #-124])   
001496         2 80 00 00 c7 db f1 67 f7                            b2904 (LDA.SPIL r6, [sp, #-120])   
001504  m141   2 00 01                                              NOP
001506         2 16 c5 30 03                                        b447  (REL r5, #1, r12)            
001510  m147   2 00 01                                              NOP
001512         2 00 01                                              NOP
001514         2 00 01                                              NOP
001516         2 16 c8 30 03                                        b446  (REL r8, #1, r12)            
001520  m153   2 00 01                                              NOP
001522         2 00 01                                              NOP
001524         2 00 01                                              NOP
001526         2 16 ce 30 03                                        b445  (REL r14, #1, r12)           
001530  m159   2 00 01                                              NOP
001532         2 00 01                                              NOP
001534         2 00 01                                              NOP
001536         2 16 cf 30 03                                        b444  (REL r15, #1, r12)           
001540  m165   2 00 01                                              NOP
001542         2 00 01                                              NOP
001544         2 00 01                                              NOP
001546         2 16 d9 30 03                                        b443  (REL r9, #1, r13)            
001550  m171   2 00 01                                              NOP
001552         2 00 01                                              NOP
001554         2 00 01                                              NOP
001556         2 16 d6 30 03                                        b442  (REL r6, #1, r13)            
001560  m177   2 00 01                                              NOP
001562         2 00 01                                              NOP
001564         2 00 01                                              NOP
001566         2 16 db 30 03                                        b441  (REL r11, #1, r13)           
001570  m181   2 00 01                                              NOP
001572         2 00 01                                              NOP
001574         2 00 01                                              NOP
001576         2 16 da 30 03                                        b440  (REL r10, #1, r13)           
001580  m2752  2 70 fd c4 56 e8 05 6d 00 3d 32 8c 9f                b402  (PADDB [p7], #24)             b406  (PADDS [p6], #24)             b3650 (MOV.s12 r4, #3)              b2943 (LDA.SPIL r0, [sp, #-36])     b4325 (MOV.s8 r2, #40)             
001592         2 6d f8 c0 00 10 00 00 04 0f 40 00 3f                b3039 (LDA.SPIL p5, [sp, #-116])    b4000 (MOV.u20 r13, #0)            
001604         2 68 f9 00 00 10 00 00 04 0e 00 00 3f                b3158 (LDA.SPIL p0, [sp, #-112])    b3975 (MOV.u20 r8, #0)             
001616         2 00 00 3f fc f0 00 00 04 0e 80 00 3f                b3398 (LDB r15, [sp, #-100])        b4400 (MOV.u20 r10, #0)            
001628         2 6a f6 c0 00 10 00 00 04 0f c0 00 3f                b3302 (LDA.SPIL p2, [sp, #-148])    b3600 (MOV.u20 r15, #0)            
001640         2 6b f7 00 00 10 00 00 04 0e 40 00 3f                b3254 (LDA.SPIL p3, [sp, #-144])    b3575 (MOV.u20 r9, #0)             
001652         2 69 f9 40 00 10 00 00 04 0d 40 00 3f                b3350 (LDA.SPIL p1, [sp, #-108])    b4375 (MOV.u20 r5, #0)             
001664         2 6c f6 80 00 10 00 00 04 0f 80 00 3f                b3112 (LDA.SPIL p4, [sp, #-152])    b3900 (MOV.u20 r14, #0)            
001676         2 1e f9 90 40 dc 00 07 f7                            b385  (ITE_EQZ r9, r9, r15, r0)     b3875 (MOV.u20 r7, #0)             
001684         2 6d f7 c4 56 ab cd de 7b 62 00 00 1f                b410  (PADDB [p5], #24)             b411  (ST r9, [p7], #-12)           b393  (ITE_EQZ r8, r8, r13, r0)     b3206 (LDA.SPIL p5, [sp, #-132])   
001696         2 08 ac 0f ad 2a f1 77 37                            b408  (PADDA [p0], #24)             b423  (ST r8, [p6], #-12)           b401  (ITE_NEZ r5, r10, r5, r0)    
001704         2 00 00 0f bf 6a eb 76 b7                            b435  (ST r5, [p5], #-12)           b391  (ITE_NEZ r13, r14, r7, r0)   
001712         2 08 ac 80 00 15 d6 fd 04 0e 80 00 3f                b404  (PADDA [p2], #24)             b436  (ST r5, [p5], #-4)            b3800 (MOV.u20 r10, #0)            
001724         2 08 ac c0 00 15 d6 f5 04 0f 80 00 3f                b405  (PADDA [p3], #24)             b437  (ST r5, [p5], #-8)            b3775 (MOV.u20 r14, #0)            
001736         2 08 ac 4f f5 52 f1 7f 37                            b403  (PADDA [p1], #24)             b424  (ST r8, [p6], #-4)            b389  (ITE_NEZ r10, r10, r14, r0)  
001744         2 08 ad 00 00 0b c5 ed 02 2e 06 d2 1f                b409  (PADDA [p4], #24)             b425  (ST r8, [p6], #-8)            b3925 (MOV.s12 r8, #34)             b3421 (MOV cl0, p5)                
001756         2 ad bf 18 40 ec 00 07 f7                            b3038 (ST.SPIL p5, [sp, #-116])     b4200 (MOV.u20 r11, #0)            
001764         2 08 ad 40 00 15 f6 eb 04 0d 80 00 3f                b407  (PADDA [p5], #24)             b420  (ST r13, [p3], #-12)          b4175 (MOV.u20 r6, #0)             
001776         2 1e b6 b0 40 f8 00 07 f7                            b397  (ITE_EQZ r11, r6, r11, r0)    b3700 (MOV.u20 r14, #0)            
001784         2 af 77 40 40 d8 00 07 f7                            b429  (ST r11, [p0], #-12)          b4275 (MOV.u20 r6, #0)             
001792         2 af 77 c0 40 dc 00 07 f7                            b430  (ST r11, [p0], #-4)           b4075 (MOV.u20 r7, #0)             
001800         2 af 77 80 40 ec 00 07 f7                            b431  (ST r11, [p0], #-8)           b3675 (MOV.u20 r11, #0)            
001808         2 5e ae a3 f7 cb 98 76 f7                            b417  (ST r10, [p2], #-12)          b387  (ITE_NEZ r5, r14, r11, r0)    b3725 (MOV.s8 r11, #48)            
001816         2 5f 6f b7 7f 9d 98 f8 f7                            b421  (ST r13, [p3], #-4)           b384  (LT r14, r12, r15)            b3750 (MOV.s8 r12, #49)            
001824         2 5f 6f 36 3d fd 90 fa f7                            b422  (ST r13, [p3], #-8)           b438  (SUB r14, r15, r14)           b3850 (MOV.s8 r13, #33)            
001832         2 1f bc c0 40 fc 00 07 f7                            b388  (ITE_NEZ r12, r12, r11, r0)   b4300 (MOV.u20 r15, #0)            
001840         2 00 00 16 c4 e3 de de 04 0e c0 00 3f                b4250 (MOV.s9 r6, #39)              b399  (ITE_EQZ r15, r6, r15, r0)    b4100 (MOV.u20 r11, #0)            
001852         2 5e af a3 ef 6f 93 76 f7                            b418  (ST r10, [p2], #-4)           b395  (ITE_NEZ r7, r11, r7, r0)     b4225 (MOV.s8 r11, #38)            
001860         2 00 00 16 c0 4b d5 e4 7e da f2 0e 9f                b3625 (MOV.s9 r6, #2)               b419  (ST r10, [p2], #-8)           b398  (ITE_NEZ r11, r6, r11, r0)    b3825 (MOV.s8 r10, #32)            
001872         2 5d 6e 93 db 5b 89 74 f7                            b414  (ST r5, [p1], #-12)           b390  (ITE_EQZ r13, r10, r13, r0)   b4350 (MOV.s8 r10, #18)            
001880         2 00 00 0f 51 52 eb 7c b7                            b415  (ST r5, [p1], #-4)            b400  (ITE_EQZ r10, r2, r10, r0)   
001888         2 00 00 20 47 aa eb 78 b7                            b416  (ST r5, [p1], #-8)            b3950 (MOV.s12 r5, #35)            
001896         2 00 00 0f 2c 2a ff 76 37                            b432  (ST r15, [p4], #-12)          b392  (ITE_EQZ r5, r8, r5, r0)     
001904         2 af f7 e0 03                                        b433  (ST r15, [p4], #-4)          
001908         2 af f7 a0 03                                        b434  (ST r15, [p4], #-8)          
001912         2 ae f7 68 03                                        b426  (ST r7, [p5], #-12)          
001916         2 ae f7 e8 03                                        b427  (ST r7, [p5], #-4)           
001920         2 af 37 f8 03                                        b412  (ST r9, [p7], #-4)           
001924         2 80 00 00 fe ff 9c 47 f7                            b3397 (ST.SPIL r14, [sp, #-100])   
001932         2 80 00 00 e9 ff 94 47 f7                            b3349 (ST.SPIL p1, [sp, #-108])    
001940         2 80 00 00 ea ff 6c 47 f7                            b3301 (ST.SPIL p2, [sp, #-148])    
001948         2 80 00 00 eb ff 70 47 f7                            b3253 (ST.SPIL p3, [sp, #-144])    
001956         2 80 00 00 e8 ff 90 47 f7                            b3157 (ST.SPIL p0, [sp, #-112])    
001964         2 80 00 00 ec ff 68 47 f7                            b3111 (ST.SPIL p4, [sp, #-152])    
001972         2 80 00 00 f5 ff 80 47 f7                            b2817 (ST.SPIL r5, [sp, #-128])    
001980         2 80 00 00 fd ff 78 47 f7                            b2780 (ST.SPIL r13, [sp, #-136])   
001988         2 80 00 00 fc ff 74 47 f7                            b2745 (ST.SPIL r12, [sp, #-140])   
001996         2 ae f7 a8 03                                        b428  (ST r7, [p5], #-8)           
002000         2 af 37 b8 91 c0 52 07 f7                            b413  (ST r9, [p7], #-8)            b439  (BNEZ r14,#0)                
002008         2 00 00 19 c2 2b 6f be 7d 91 b1 0d 1f                b4150 (MOV.s9 r9, #17)              b386  (ITE_NEZ r6, r4, r6, r0)      b3205 (ST.SPIL p5, [sp, #-132])     b4125 (MOV.s8 r4, #16)             
002020         2 00 00 11 c4 ab b7 b2 7a 53 f2 4d df                b4050 (MOV.s9 r1, #37)              b396  (ITE_EQZ r15, r4, r9, r0)     b2712 (ST.SPIL r6, [sp, #-156])     b4025 (MOV.s8 r7, #36)             
002032         2 5f fe 23 ee 33 80 ee f7                            b394  (ITE_NEZ r9, r1, r7, r0)      b2897 (ST.SPIL r15, [sp, #-120])    b3472 (MOV.s8 r7, #1)              
002040         2 00 00 18 83 8a f3 f0 b7                            b382  (SUB r1, r7, r0)              b2856 (ST.SPIL r9, [sp, #-124])    
002048         2 5c 7f 73 4e 09 80 70 f7                            b383  (NEZ r4, r0)                  b2942 (ST.SPIL r1, [sp, #-36])      b3532 (MOV.s8 r8, #0)              
002056  m2776  1 80 00 00 a0 00 84 07 f7                            b381  (J #0)                       
002064         1 80 00 00 c7 bf f3 67 f7                            b4891 (LDA.SPIL p7, [sp, #-104])   
002072         1 80 00 00 c7 bb f6 67 f7                            b4900 (LDA.SPIL p6, [sp, #-80])    
002080         1 00 01                                              .swstall "delay_slot"
002082         1 00 01                                              .swstall "delay_slot"
002084         1 00 00 00 00 00 00 00 00 00 00 00 1f                .swstall "delay_slot"
002096  m10    1 00 00 00 00 10 00 00 0c 7b ff 36 80 00 00 00 00    b4991 (LDA.SPIL p7, [sp, #-104])   
002112  m2779  1 00 01                                              .swstall "chess_separator_scheduler"
002114         1 00 01                                              .swstall "chess_separator_scheduler"
002116         1 00 01                                              .swstall "chess_separator_scheduler"
002118         1 00 01                                              .swstall "chess_separator_scheduler"
002120         1 00 01                                              .swstall "chess_separator_scheduler"
002122         1 00 01                                              .swstall "chess_separator_scheduler"
002124         1 00 01                                              .swstall "chess_separator_scheduler"
002126         1 00 01                                              .swstall "chess_separator_scheduler"
002128  m188   1 04 00 20 03                                        b380  (EVENT #2)                   
002132  m2781  1 00 01                                              .swstall "chess_separator_scheduler"
002134         1 00 01                                              .swstall "chess_separator_scheduler"
002136         1 00 01                                              .swstall "chess_separator_scheduler"
002138         1 00 01                                              .swstall "chess_separator_scheduler"
002140         1 00 01                                              .swstall "chess_separator_scheduler"
002142  m1014  1 7e a3 c0 00 00 00 00 37                            b377  (LDA r14, [p7], #4)          
002150         1 00 01                                              NOP
002152         1 00 01                                              NOP
002154         1 00 01                                              NOP
002156         1 00 01                                              NOP
002158         1 00 01                                              NOP
002160         1 00 01                                              NOP
002162         1 00 01                                              NOP
002164         1 3a e8 e0 03                                        b378  (GE r14, r8, r14)            
002168         1 80 00 00 91 c0 48 07 f7                            b379  (BNEZ r14,#0)                
002176         1 00 01                                              .swstall "delay_slot"
002178         1 00 01                                              .swstall "delay_slot"
002180         1 00 01                                              .swstall "delay_slot"
002182         1 00 01                                              .swstall "delay_slot"
002184         1 00 01                                              .swstall "delay_slot"
002186  m192     7a fc b0 0c 0e c0 40 77                            b5070 (MOV.s12 m0, #-640)           b4992 (LDA.SPIL r10, [sp, #-56])    b5071 (MOV.s8 r0, #0)              
002194           80 00 00 c7 ef f8 e7 f7                            b4993 (LDA.SPIL r11, [sp, #-60])   
002202           80 00 00 c7 d3 fa e7 f7                            b4994 (LDA.SPIL r4, [sp, #-44])    
002210           80 00 00 c7 bb fa 67 f7                            b4995 (LDA.SPIL p6, [sp, #-48])    
002218           80 00 00 c7 bf f9 e7 f7                            b4996 (LDA.SPIL p7, [sp, #-52])    
002226           58 fd b8 03                                        b5019 (LDB lr, [sp, #-40])         
002230           08 90 00 00 00 00 00 37                            b375  (PADDA [sp], m0)             
002238           00 01                                              NOP
002240           00 01                                              NOP
002242           00 01                                              NOP
002244           00 01                                              NOP
002246           00 01                                              NOP
002248           00 01                                              NOP
002250           00 01                                              NOP
002252           01 01                                              b376  (RET lr)                     
002254           00 01                                              .swstall "delay_slot"
002256           00 01                                              .swstall "delay_slot"
002258           00 01                                              .swstall "delay_slot"
002260           00 01                                              .swstall "delay_slot"
002262           00 01                                              .swstall "delay_slot"
