
// File generated by darts version U-2022.12#3eec2545bc#230622, Tue Mar 10 19:15:27 2026
// Copyright 2014-2022 Synopsys, Inc. All rights reserved.
// darts -v -I/usr/xilinx/Vitis/2023.2/aietools/data/versal_prod/lib -d -h -I/usr/xilinx/Vitis/2023.2/aietools/include -I/media/4T/home/xianyijiang/my_sparta/aie/. -I/media/4T/home/xianyijiang/my_sparta/aie/./ProcessUnit -I/media/4T/home/xianyijiang/my_sparta/aie/. -I/media/4T/home/xianyijiang/my_sparta/aie/./aie -I/media/4T/home/xianyijiang/my_sparta/aie/media/4T/home/xianyijiang/my_sparta/aie/. -I/media/4T/home/xianyijiang/my_sparta/aie/media/4T/home/xianyijiang/my_sparta/aie/./aie -I/media/4T/home/xianyijiang/my_sparta/aie/usr/xilinx/Vitis/2023.2/aietools/include -I/usr/xilinx/Vitis/2023.2/aietools/include -I/usr/xilinx/Vitis/2023.2/aietools/data/versal_prod/lib/runtime_cxx/libcxx-lite/include -I/usr/xilinx/Vitis/2023.2/aietools/data/versal_prod/lib/runtime_cxx/libs/libcxx-9.0.0/include-lite -I/usr/xilinx/Vitis/2023.2/aietools/data/versal_prod/lib/runtime/include -D__AIENGINE__ -D__AIE_ARCH__=10 -DDEPLOYMENT_ELF=1 -D__LOCK_FENCE_MODE__=0 -DAIE_OPTION_SCALAR_FLOAT_ON_VECTOR -D__tct_tgt__=230622 -L +Ihex +nanno ../Release/7_2.o me

// Release: ipp U-2022.12-TGT-230622
.data_segment_name
.data local 4 _ZL11sync_buffer DMb
	0x0
	0x0
	0x0
	0x0
	0xff
	0xff
	0xff
	0xff
	0x0
	0x0
	0x0
	0x0
	0x0
	0x0
	0x0
	0x0
	0x0
	0x0
	0x0
	0x0
	0x0
	0x0
	0x0
	0x0
	0x0
	0x0
	0x0
	0x0
	0x0
	0x0
	0x0
	0x0

.undef local data _ZL11sync_buffer

.data_segment_name
.bss global 16 buf10 DMb 1024

.data_segment_name
.bss global 16 buf10d DMb 1024

.data_segment_name
.bss global 16 buf11 DMb 1024

.data_segment_name
.bss global 16 buf11d DMb 1024

.data_segment_name
.bss global 16 buf12 DMb 2048

.data_segment_name
.bss global 16 buf12d DMb 2048

.data_segment_name
.bss global 16 buf13 DMb 2048

.data_segment_name
.bss global 16 buf13d DMb 2048

.data_segment_name
.bss global 16 buf14 DMb 2048

.data_segment_name
.bss global 16 buf14d DMb 2048

.data_segment_name
.bss global 16 buf15 DMb 2048

.data_segment_name
.bss global 16 buf15d DMb 2048

.data_segment_name
.bss global 16 buf16 DMb 2048

.data_segment_name
.bss global 16 buf16d DMb 2048

.data_segment_name
.bss global 16 buf2 DMb 1024

.data_segment_name
.bss global 16 buf2d DMb 1024

.data_segment_name
.bss global 16 buf4 DMb 1024

.data_segment_name
.bss global 16 buf4d DMb 1024

.data_segment_name
.bss global 16 buf6 DMb 1024

.data_segment_name
.bss global 16 buf6d DMb 1024

.data_segment_name
.bss global 16 buf8 DMb 1024

.data_segment_name
.bss global 16 buf8d DMb 1024

.data_segment_name
.bss global 16 buf9 DMb 1024

.data_segment_name
.bss global 16 buf9d DMb 1024

.undef global data _ZN12me_primitive3ss0E


.undef global data _ZN12me_primitive3ms0E


.undef global data _ZN12me_primitive4sst0E


.undef global data _ZN12me_primitive4ssc0E


.undef global data _ZN12me_primitive5wsst0E


.undef global data _ZN12me_primitive4msc0E


.undef global data _ZN12me_primitive3ss1E


.undef global data _ZN12me_primitive3ms1E


.undef global data _ZN12me_primitive4sst1E


.undef global data _ZN12me_primitive4ssc1E


.undef global data _ZN12me_primitive5wsst1E


.undef global data _ZN12me_primitive4msc1E


.undef global data ZERO

.undef global data ONES

.text_segment_name
.text global 16 _main
.label _main___func_begin0
.function_start
	     0    0x30 0x04 0x52 0xc2 0x09 0xa0 0x42 0x04 0x02 0x80 0x00 0x3f                      MOV.s10 m0, #17;    MOV.s9 r2, #16;                                   MOV.s12 m1, #832;             MOV.u20 cl2, #buf2;           NOP
	    12    0x08 0x92 0x11 0xc7 0x08 0x00 0x78 0x04 0x0c 0x00 0x00 0x3f                      PADDA [sp], m1;     MOV.s9 r1, #56;                                   MOV.s12 r12, #0;              MOV.u20 r0, #buf2d;           NOP
	    24    0x32 0x04 0xd3 0xc0 0x48 0x1a 0x7e 0x04 0x0d 0x80 0x00 0x3f                      MOV.s10 m2, #19;    MOV.s9 r3, #2;                                    MOV.s12 r15, #52;             MOV.u20 r6, #buf11;           NOP
	    36    0x31 0x08 0x5d 0xc6 0xa8 0x09 0x70 0x0d 0xaf 0xf2 0x84 0x3f                      MOV.s10 m1, #33;    MOV.s9 r13, #53;                                  MOV.s12 r8, #18;              ST.SPIL cl2, [sp, #-216];     NOP
	    48    0x34 0x09 0xd5 0xc5 0x6f 0x1e 0x46 0x0d 0xaf 0xf1 0xc4 0x3f                      MOV.s10 m4, #39;    MOV.s9 r5, #43;                                   MOV.s12 m3, #-452;            ST.SPIL cl2, [sp, #-228];     NOP
	    60    0x00 0x00 0x17 0xc4 0x0e 0xb6 0x4a 0x0f 0x2f 0xf3 0x84 0x3f                      NOP;                MOV.s9 r7, #32;                                   MOV.s12 m5, #-660;            ST.SPIL r2, [sp, #-200];      NOP
	    72    0xaf 0x7f 0x90 0x40 0xec 0x00 0x07 0xf7                                                                                  ST r11, [sp, #-56];                                         MOV.u20 r11, #buf9;           NOP
	    80    0x74 0x12 0x60 0xe0 0xff 0x3c 0x47 0xf7                                                                                                                MOV.s12 m6, #-764;            ST.SPIL m0, [sp, #-196];      NOP
	    88    0x76 0x82 0x70 0xfb 0xfe 0x58 0x47 0xf7                                                                                                                MOV.s12 m7, #-608;            ST.SPIL r11, [sp, #-424];     NOP
	    96    0xad 0xdf 0xa8 0x40 0x00 0x00 0x07 0xf7                                                                                  ST p6, [sp, #-44];                                          MOV.u20 ch0, #buf8;           NOP
	   104    0x77 0x52 0x00 0xf0 0xff 0x2c 0x47 0xf7                                                                                                                MOV.s12 m0, #-556;            ST.SPIL r0, [sp, #-212];      NOP
	   112    0x80 0x00 0x00 0xfb 0xfe 0x4c 0x47 0xf7                                                                                  NOP;                                                        ST.SPIL r11, [sp, #-436];     NOP
	   120    0x80 0x00 0x00 0xf6 0xfd 0xf0 0x47 0xf7                                                                                  NOP;                                                        ST.SPIL r6, [sp, #-528];      NOP
	   128    0x40 0x2f 0x18 0x03                                                              NOP;                                                                                                MOV r14, sp
	   132    0x00 0x00 0x1a 0xc4 0xb5 0xeb 0xf3 0x04 0x0e 0x40 0x00 0x3f                      NOP;                MOV.s9 r10, #37;    ST r10, [sp, #-52];                                         MOV.u20 r9, #buf13;           NOP
	   144    0x80 0x00 0x00 0xd0 0xfe 0x8c 0x47 0xf7                                                                                  NOP;                                                        ST.SPIL ch0, [sp, #-372];     NOP
	   152    0x00 0x00 0x10 0xc0 0x30 0x00 0x00 0x0f 0x0f 0xf2 0x04 0x3f                      NOP;                MOV.s9 r0, #1;      NOP;                                                        ST.SPIL r0, [sp, #-224];      NOP
	   164    0x80 0x00 0x00 0xfc 0xfe 0x68 0x47 0xf7                                                                                  NOP;                                                        ST.SPIL r12, [sp, #-408];     NOP
	   172    0x80 0x00 0x00 0xf6 0xfd 0xe4 0x47 0xf7                                                                                  NOP;                                                        ST.SPIL r6, [sp, #-540];      NOP
	   180    0xad 0xff 0xa0 0x40 0x08 0x00 0x07 0xf7                                                                                  ST p7, [sp, #-48];                                          MOV.u20 ch2, #buf6;           NOP
	   188    0x52 0x3f 0x78 0x12 0x7c 0x3f 0x5a 0xf7                                                                                  ST lr, [sp, #-36];            MOV.s12 r14, #36;             MOV p5, r14
	   196    0x80 0x00 0x00 0xf9 0xfd 0x88 0x47 0xf7                                                                                  NOP;                                                        ST.SPIL r9, [sp, #-632];      NOP
	   204    0x80 0x00 0x00 0xd0 0xfe 0x80 0x47 0xf7                                                                                  NOP;                                                        ST.SPIL ch0, [sp, #-384];     NOP
	   212    0x80 0x00 0x00 0xf0 0xfe 0x6c 0x47 0xf7                                                                                  NOP;                                                        ST.SPIL r0, [sp, #-404];      NOP
	   220    0x00 0x00 0x14 0xc5 0x55 0xd3 0xf6 0x04 0x00 0x40 0x00 0x3f                      NOP;                MOV.s9 r4, #42;     ST r4, [sp, #-40];                                          MOV.u20 ch1, #buf12;          NOP
	   232    0xae 0xfe 0x80 0x40 0x0c 0x00 0x07 0xf7                                                                                  ST r7, [sp, #-192];                                         MOV.u20 ch3, #buf9d;          NOP
	   240    0x80 0x00 0x00 0xf1 0xfe 0x00 0x47 0xf7                                                                                  NOP;                                                        ST.SPIL r1, [sp, #-512];      NOP
	   248    0x80 0x00 0x00 0xd2 0xfe 0xc0 0x47 0xf7                                                                                  NOP;                                                        ST.SPIL ch2, [sp, #-320];     NOP
.noswbrkpt
	   256    0x08 0x8f 0x46 0xdb 0x15 0xe3 0xd3 0x77                                          PADDA [p5], m7;                         ST r8, [sp, #-180];                                         MOV p4, p5
.nohwbrkpt
.noswbrkpt
	   264    0x5f 0xfd 0x50 0x00 0x00 0x36 0xd0 0xf7                                                                                  ST r15, [sp, #-172];          NOP;                          MOV p0, p5
	   272    0x08 0x86 0x00 0x00 0x0f 0x38 0x46 0x0f 0x3f 0xe0 0x44 0x3f                      PADDA [p0], m3;     NOP;                                              MOV.s12 m3, #-400;            ST.SPIL r3, [sp, #-508];      NOP
.noswbrkpt
	   284    0x08 0x87 0x00 0x00 0x0f 0x52 0x46 0x0f 0x9f 0xd7 0xc4 0x3f                      PADDA [p4], m3;     NOP;                                              MOV.s12 m3, #-348;            ST.SPIL r9, [sp, #-644];      NOP
.nohwbrkpt
.noswbrkpt
	   296    0x5c 0x7d 0x80 0x00 0x00 0x36 0x54 0xf7                                                                                  ST r1, [sp, #-160];           NOP;                          MOV p2, p4
.noswbrkpt
	   304    0x08 0x86 0x80 0x00 0x0f 0x6c 0x46 0x0f 0xff 0xe9 0xc4 0x3f                      PADDA [p2], m3;     NOP;                                              MOV.s12 m3, #-296;            ST.SPIL r15, [sp, #-356];     NOP
.nohwbrkpt
.noswbrkpt
	   316    0x5f 0xbd 0xb0 0x00 0x00 0x35 0x5c 0xf7                                                                                  ST r14, [sp, #-148];          NOP;                          MOV p6, p2
.noswbrkpt
	   324    0x08 0x87 0x80 0x00 0x0e 0x9c 0x46 0x0d 0x1f 0xdb 0xc4 0x3f                      PADDA [p6], m3;     NOP;                                              MOV.s12 m3, #-712;            ST.SPIL ch1, [sp, #-580];     NOP
.nohwbrkpt
.noswbrkpt
	   336    0x5c 0xbd 0x10 0x00 0x00 0x37 0x5e 0xf7                                                                                  ST r2, [sp, #-188];           NOP;                          MOV p7, p6
.noswbrkpt
	   344    0x08 0x87 0xc0 0x00 0x0e 0x68 0x46 0x0d 0x3f 0xe5 0xc4 0x3f                      PADDA [p7], m3;     NOP;                                              MOV.s12 m3, #-816;            ST.SPIL ch3, [sp, #-420];     NOP
.nohwbrkpt
.noswbrkpt
	   356    0x5f 0x3d 0xc0 0x00 0x00 0x37 0xd6 0xf7                                                                                  ST r12, [sp, #-144];          NOP;                          MOV p3, p7
	   364    0xad 0x1f 0x68 0x40 0x20 0x00 0x07 0xf7                                                                                  ST p0, [sp, #-76];                                          MOV.u20 cl0, #buf16;          NOP
	   372    0x80 0x00 0x00 0xd2 0xfe 0xb4 0x47 0xf7                                                                                  NOP;                                                        ST.SPIL ch2, [sp, #-332];     NOP
.noswbrkpt
	   380    0x08 0x8a 0xc0 0x00 0x10 0x00 0x00 0x0d 0x3f 0xe5 0x04 0x3f                      PADDA [p3], m5;     NOP;                NOP;                                                        ST.SPIL ch3, [sp, #-432];     NOP
.nohwbrkpt
.noswbrkpt
	   392    0x5f 0x34 0x00 0x00 0x00 0x35 0xd0 0xf7                                                                                  ST r12, [p0];                 NOP;                          MOV p0, p3
.noswbrkpt
	   400    0x08 0x8c 0x1d 0xc4 0x50 0x00 0x00 0x0f 0xdf 0xea 0x04 0x3f                      PADDA [p0], m6;     MOV.s9 r13, #34;    NOP;                                                        ST.SPIL r13, [sp, #-352];     NOP
.nohwbrkpt
.noswbrkpt
	   412    0x5f 0x7d 0x90 0x00 0x00 0x34 0x52 0xf7                                                                                  ST r13, [sp, #-156];          NOP;                          MOV p1, p0
	   420    0x80 0x00 0x00 0xfe 0xfd 0x98 0x47 0xf7                                                                                  NOP;                                                        ST.SPIL r14, [sp, #-616];     NOP
	   428    0x80 0x00 0x00 0xd1 0xfd 0xb0 0x47 0xf7                                                                                  NOP;                                                        ST.SPIL ch1, [sp, #-592];     NOP
	   436    0x80 0x00 0x00 0xd8 0xfc 0xec 0x47 0xf7                                                                                  NOP;                                                        ST.SPIL cl0, [sp, #-788];     NOP
	   444    0xad 0xbf 0x50 0x40 0xcc 0x00 0x07 0xf7                                                                                  ST p5, [sp, #-88];                                          MOV.u20 r3, #buf15;           NOP
	   452    0x80 0x00 0x00 0xf8 0xfe 0xd0 0x47 0xf7                                                                                  NOP;                                                        ST.SPIL r8, [sp, #-304];      NOP
	   460    0x00 0x00 0x1a 0xc4 0x70 0x00 0x00 0x0f 0xaf 0xd9 0xc4 0x3f                      NOP;                MOV.s9 r10, #35;    NOP;                                                        ST.SPIL r10, [sp, #-612];     NOP
	   472    0x7c 0x32 0x20 0xe2 0xfe 0xd4 0x47 0xf7                                                                                                                MOV.s12 m2, #-244;            ST.SPIL m2, [sp, #-300];      NOP
	   480    0x80 0x00 0x00 0xfd 0xfd 0xcc 0x47 0xf7                                                                                  NOP;                                                        ST.SPIL r13, [sp, #-564];     NOP
	   488    0x80 0x00 0x00 0xd8 0xfc 0xe0 0x47 0xf7                                                                                  NOP;                                                        ST.SPIL cl0, [sp, #-800];     NOP
	   496    0x80 0x00 0x00 0xf3 0xfd 0x20 0x47 0xf7                                                                                  NOP;                                                        ST.SPIL r3, [sp, #-736];      NOP
	   504    0xad 0x1f 0x38 0x40 0x24 0x00 0x07 0xf7                                                                                  ST p0, [sp, #-100];                                         MOV.u20 cl1, #buf4;           NOP
	   512    0xad 0xdf 0x80 0x40 0x0c 0x00 0x07 0xf7                                                                                  ST p6, [sp, #-64];                                          MOV.u20 ch3, #buf6d;          NOP
	   520    0x00 0x00 0x1a 0xc5 0x10 0x00 0x00 0x0f 0xaf 0xdd 0x04 0x3f                      NOP;                MOV.s9 r10, #40;    NOP;                                                        ST.SPIL r10, [sp, #-560];     NOP
	   532    0x80 0x00 0x00 0xf4 0xfc 0xfc 0x47 0xf7                                                                                  NOP;                                                        ST.SPIL r4, [sp, #-772];      NOP
	   540    0xad 0x5f 0x78 0x40 0x10 0x00 0x07 0xf7                                                                                  ST p2, [sp, #-68];                                          MOV.u20 ch4, #buf13d;         NOP
	   548    0x80 0x00 0x00 0xf3 0xfd 0x14 0x47 0xf7                                                                                  NOP;                                                        ST.SPIL r3, [sp, #-748];      NOP
	   556    0x80 0x00 0x00 0xd9 0xfe 0xf4 0x47 0xf7                                                                                  NOP;                                                        ST.SPIL cl1, [sp, #-268];     NOP
	   564    0x80 0x00 0x00 0xd3 0xfe 0xc4 0x47 0xf7                                                                                  NOP;                                                        ST.SPIL ch3, [sp, #-316];     NOP
	   572    0x00 0x00 0x15 0xc5 0x30 0x00 0x00 0x0f 0x5f 0xd0 0x04 0x3f                      NOP;                MOV.s9 r5, #41;     NOP;                                                        ST.SPIL r5, [sp, #-768];      NOP
	   584    0x80 0x00 0x00 0xd3 0xfe 0xb8 0x47 0xf7                                                                                  NOP;                                                        ST.SPIL ch3, [sp, #-328];     NOP
	   592    0x80 0x00 0x00 0xd4 0xfd 0x8c 0x47 0xf7                                                                                  NOP;                                                        ST.SPIL ch4, [sp, #-628];     NOP
	   600    0x80 0x00 0x00 0xfa 0xfd 0x30 0x47 0xf7                                                                                  NOP;                                                        ST.SPIL r10, [sp, #-720];     NOP
	   608    0x80 0x00 0x00 0xd9 0xfe 0xe8 0x47 0xf7                                                                                  NOP;                                                        ST.SPIL cl1, [sp, #-280];     NOP
	   616    0x80 0x00 0x00 0xd4 0xfd 0x80 0x47 0xf7                                                                                  NOP;                                                        ST.SPIL ch4, [sp, #-640];     NOP
	   624    0x00 0x00 0x15 0xc4 0xd0 0x00 0x00 0x0f 0x5f 0xd3 0x44 0x3f                      NOP;                MOV.s9 r5, #38;     NOP;                                                        ST.SPIL r5, [sp, #-716];      NOP
	   636    0x80 0x00 0x00 0xf7 0xff 0x04 0x47 0xf7                                                                                  NOP;                                                        ST.SPIL r7, [sp, #-252];      NOP
	   644    0xaf 0x9a 0x18 0x40 0x0c 0x00 0x07 0xf7                                                                                  ST r12, [p3];                                               MOV.u20 ch3, #buf15d;         NOP
	   652    0x78 0x22 0x10 0xe1 0xff 0x08 0x47 0xf7                                                                                                                MOV.s12 m1, #-504;            ST.SPIL m1, [sp, #-248];      NOP
	   660    0xaf 0x9a 0x10 0x40 0x10 0x00 0x07 0xf7                                                                                  ST r12, [p2];                                               MOV.u20 ch4, #buf4d;          NOP
	   668    0x80 0x00 0x00 0xd3 0xfd 0x24 0x47 0xf7                                                                                  NOP;                                                        ST.SPIL ch3, [sp, #-732];     NOP
	   676    0x80 0x00 0x00 0xd3 0xfd 0x18 0x47 0xf7                                                                                  NOP;                                                        ST.SPIL ch3, [sp, #-744];     NOP
	   684    0x80 0x00 0x00 0xd4 0xfe 0xf8 0x47 0xf7                                                                                  NOP;                                                        ST.SPIL ch4, [sp, #-264];     NOP
	   692    0x80 0x00 0x00 0xd4 0xfe 0xec 0x47 0xf7                                                                                  NOP;                                                        ST.SPIL ch4, [sp, #-276];     NOP
	   700    0xaf 0x9a 0x00 0x40 0x10 0x80 0x07 0xf7                                                                                  ST r12, [p0];                                               MOV.u20 ch4, #2048;           NOP
	   708    0x80 0x00 0x00 0xf9 0xfd 0x84 0x47 0xf7                                                                                  NOP;                                                        ST.SPIL r9, [sp, #-636];      NOP
	   716    0x80 0x00 0x00 0xf9 0xfd 0x78 0x47 0xf7                                                                                  NOP;                                                        ST.SPIL r9, [sp, #-648];      NOP
	   724    0x80 0x00 0x00 0xf3 0xfd 0x1c 0x47 0xf7                                                                                  NOP;                                                        ST.SPIL r3, [sp, #-740];      NOP
	   732    0xaf 0x9a 0x30 0x40 0x14 0x00 0x07 0xf7                                                                                  ST r12, [p6];                                               MOV.u20 ch5, #buf12d;         NOP
	   740    0x80 0x00 0x00 0xd4 0xfd 0x90 0x47 0xf7                                                                                  NOP;                                                        ST.SPIL ch4, [sp, #-624];     NOP
	   748    0x80 0x00 0x00 0xf3 0xfd 0x10 0x47 0xf7                                                                                  NOP;                                                        ST.SPIL r3, [sp, #-752];      NOP
	   756    0xad 0xff 0x40 0x40 0x0c 0x00 0x07 0xf7                                                                                  ST p7, [sp, #-96];                                          MOV.u20 ch3, #buf10;          NOP
	   764    0xad 0x7f 0x48 0x40 0x2c 0x00 0x07 0xf7                                                                                  ST p3, [sp, #-92];                                          MOV.u20 cl3, #buf14;          NOP
	   772    0x80 0x00 0x00 0xd5 0xfd 0xc0 0x47 0xf7                                                                                  NOP;                                                        ST.SPIL ch5, [sp, #-576];     NOP
	   780    0x80 0x00 0x00 0xd4 0xfd 0x94 0x47 0xf7                                                                                  NOP;                                                        ST.SPIL ch4, [sp, #-620];     NOP
	   788    0x80 0x00 0x00 0xd4 0xfd 0x28 0x47 0xf7                                                                                  NOP;                                                        ST.SPIL ch4, [sp, #-728];     NOP
	   796    0x80 0x00 0x00 0xd3 0xfe 0x24 0x47 0xf7                                                                                  NOP;                                                        ST.SPIL ch3, [sp, #-476];     NOP
	   804    0xad 0x9f 0x70 0x40 0x34 0x00 0x07 0xf7                                                                                  ST p4, [sp, #-72];                                          MOV.u20 cl5, #buf8d;          NOP
	   812    0x80 0x00 0x00 0xdb 0xfd 0x54 0x47 0xf7                                                                                  NOP;                                                        ST.SPIL cl3, [sp, #-684];     NOP
	   820    0x80 0x00 0x00 0xd5 0xfd 0xb4 0x47 0xf7                                                                                  NOP;                                                        ST.SPIL ch5, [sp, #-588];     NOP
	   828    0x00 0x00 0x19 0xc6 0xd0 0x00 0x00 0x0f 0x9f 0xd7 0x44 0x3f                      NOP;                MOV.s9 r9, #54;     NOP;                                                        ST.SPIL r9, [sp, #-652];      NOP
	   840    0x80 0x00 0x00 0xd4 0xfd 0x2c 0x47 0xf7                                                                                  NOP;                                                        ST.SPIL ch4, [sp, #-724];     NOP
	   848    0x80 0x00 0x00 0xd3 0xfe 0x18 0x47 0xf7                                                                                  NOP;                                                        ST.SPIL ch3, [sp, #-488];     NOP
	   856    0x80 0x00 0x00 0xdd 0xfe 0x90 0x47 0xf7                                                                                  NOP;                                                        ST.SPIL cl5, [sp, #-368];     NOP
	   864    0x80 0x00 0x00 0xdb 0xfd 0x48 0x47 0xf7                                                                                  NOP;                                                        ST.SPIL cl3, [sp, #-696];     NOP
.noswbrkpt
	   872    0x08 0x80 0x46 0x9b 0x55 0xf3 0x45 0x77                                          PADDA [p1], m0;                         ST r12, [p5];                                               MOV p5, p1
.nohwbrkpt
.noswbrkpt
	   880    0x08 0x83 0x46 0x9a 0x15 0xe7 0xd7 0x77                                          PADDA [p5], m1;                         ST r9, [sp, #-164];                                         MOV p0, p1
.nohwbrkpt
.noswbrkpt
	   888    0x08 0x84 0x06 0xdb 0x95 0xd7 0xda 0x77                                          PADDA [p0], m2;                         ST r5, [sp, #-152];                                         MOV p6, p5
	   896    0x08 0x87 0x80 0x00 0x10 0x00 0x00 0x0d 0xdf 0xe8 0x44 0x3f                      PADDA [p6], m3;     NOP;                NOP;                                                        ST.SPIL cl5, [sp, #-380];     NOP
	   908    0x00 0x00 0x13 0xc6 0xf0 0x00 0x00 0x0f 0x3f 0xd0 0xc4 0x3f                      NOP;                MOV.s9 r3, #55;     NOP;                                                        ST.SPIL r3, [sp, #-756];      NOP
	   920    0x80 0x00 0x00 0xf9 0xfe 0x34 0x47 0xf7                                                                                  NOP;                                                        ST.SPIL r9, [sp, #-460];      NOP
	   928    0x80 0x00 0x00 0xf5 0xfd 0x64 0x47 0xf7                                                                                  NOP;                                                        ST.SPIL r5, [sp, #-668];      NOP
	   936    0x50 0x03 0x30 0xf3 0xfe 0x38 0x47 0xf7                                                                                                                MOV.s12 r3, #1024;            ST.SPIL r3, [sp, #-456];      NOP
	   944    0xaf 0x9a 0x00 0x40 0x38 0x00 0x07 0xf7                                                                                  ST r12, [p0];                                               MOV.u20 cl6, #buf11d;         NOP
	   952    0x80 0x00 0x00 0xe4 0xfd 0x68 0x47 0xf7                                                                                  NOP;                                                        ST.SPIL m4, [sp, #-664];      NOP
	   960    0xaf 0x9a 0x20 0x40 0x34 0x00 0x07 0xf7                                                                                  ST r12, [p4];                                               MOV.u20 cl5, #buf10d;         NOP
	   968    0xad 0xdf 0x30 0x40 0x30 0x00 0x07 0xf7                                                                                  ST p6, [sp, #-104];                                         MOV.u20 cl4, #buf14d;         NOP
	   976    0xad 0x3f 0x58 0x40 0x14 0x00 0x07 0xf7                                                                                  ST p1, [sp, #-84];                                          MOV.u20 ch5, #buf16d;         NOP
	   984    0x80 0x00 0x00 0xde 0xfd 0xf4 0x47 0xf7                                                                                  NOP;                                                        ST.SPIL cl6, [sp, #-524];     NOP
	   992    0x80 0x00 0x00 0xdd 0xfe 0x28 0x47 0xf7                                                                                  NOP;                                                        ST.SPIL cl5, [sp, #-472];     NOP
	  1000    0x80 0x00 0x00 0xdc 0xfd 0x58 0x47 0xf7                                                                                  NOP;                                                        ST.SPIL cl4, [sp, #-680];     NOP
	  1008    0x80 0x00 0x00 0xd5 0xfc 0xf0 0x47 0xf7                                                                                  NOP;                                                        ST.SPIL ch5, [sp, #-784];     NOP
	  1016    0x80 0x00 0x00 0xde 0xfd 0xe8 0x47 0xf7                                                                                  NOP;                                                        ST.SPIL cl6, [sp, #-536];     NOP
	  1024    0x80 0x00 0x00 0xdd 0xfe 0x1c 0x47 0xf7                                                                                  NOP;                                                        ST.SPIL cl5, [sp, #-484];     NOP
	  1032    0x80 0x00 0x00 0xdc 0xfd 0x4c 0x47 0xf7                                                                                  NOP;                                                        ST.SPIL cl4, [sp, #-692];     NOP
	  1040    0x80 0x00 0x00 0xd5 0xfc 0xe4 0x47 0xf7                                                                                  NOP;                                                        ST.SPIL ch5, [sp, #-796];     NOP
	  1048    0xaf 0x9a 0x08 0x40 0xa8 0x00 0x07 0xf7                                                                                  ST r12, [p1];                                               MOV.u20 p2, #_ZL11sync_buffer;NOP
	  1056    0x80 0x00 0x00 0xfb 0xfe 0x54 0x47 0xf7                                                                                  NOP;                                                        ST.SPIL r11, [sp, #-428];     NOP
	  1064    0xaf 0x9a 0x28 0x03                                                              NOP;                                    ST r12, [p5]
	  1068    0xaf 0x9a 0x38 0x03                                                              NOP;                                    ST r12, [p7]
	  1072    0xaf 0x9a 0x30 0x03                                                              NOP;                                    ST r12, [p6]
	  1076    0x80 0x00 0x00 0xda 0xff 0x24 0x47 0xf7                                                                                  NOP;                                                        ST.SPIL cl2, [sp, #-220];     NOP
	  1084    0x80 0x00 0x00 0xd9 0xfe 0xf0 0x47 0xf7                                                                                  NOP;                                                        ST.SPIL cl1, [sp, #-272];     NOP
	  1092    0x80 0x00 0x00 0xd2 0xfe 0xbc 0x47 0xf7                                                                                  NOP;                                                        ST.SPIL ch2, [sp, #-324];     NOP
	  1100    0x80 0x00 0x00 0xd0 0xfe 0x88 0x47 0xf7                                                                                  NOP;                                                        ST.SPIL ch0, [sp, #-376];     NOP
	  1108    0x80 0x00 0x00 0xfb 0xfe 0x48 0x47 0xf7                                                                                  NOP;                                                        ST.SPIL r11, [sp, #-440];     NOP
	  1116    0x80 0x00 0x00 0xf6 0xfd 0xec 0x47 0xf7                                                                                  NOP;                                                        ST.SPIL r6, [sp, #-532];      NOP
	  1124    0x80 0x00 0x00 0xda 0xff 0x18 0x47 0xf7                                                                                  NOP;                                                        ST.SPIL cl2, [sp, #-232];     NOP
	  1132    0x80 0x00 0x00 0xd9 0xfe 0xe4 0x47 0xf7                                                                                  NOP;                                                        ST.SPIL cl1, [sp, #-284];     NOP
	  1140    0x80 0x00 0x00 0xd2 0xfe 0xb0 0x47 0xf7                                                                                  NOP;                                                        ST.SPIL ch2, [sp, #-336];     NOP
	  1148    0x80 0x00 0x00 0xd0 0xfe 0x7c 0x47 0xf7                                                                                  NOP;                                                        ST.SPIL ch0, [sp, #-388];     NOP
	  1156    0x80 0x00 0x00 0xd3 0xfe 0x20 0x47 0xf7                                                                                  NOP;                                                        ST.SPIL ch3, [sp, #-480];     NOP
	  1164    0x80 0x00 0x00 0xd1 0xfd 0xb8 0x47 0xf7                                                                                  NOP;                                                        ST.SPIL ch1, [sp, #-584];     NOP
	  1172    0x80 0x00 0x00 0xdb 0xfd 0x50 0x47 0xf7                                                                                  NOP;                                                        ST.SPIL cl3, [sp, #-688];     NOP
	  1180    0x80 0x00 0x00 0xd8 0xfc 0xe8 0x47 0xf7                                                                                  NOP;                                                        ST.SPIL cl0, [sp, #-792];     NOP
	  1188    0x80 0x00 0x00 0xfb 0xfe 0x44 0x47 0xf7                                                                                  NOP;                                                        ST.SPIL r11, [sp, #-444];     NOP
	  1196    0x80 0x00 0x00 0xf6 0xfd 0xe0 0x47 0xf7                                                                                  NOP;                                                        ST.SPIL r6, [sp, #-544];      NOP
	  1204    0x80 0x00 0x00 0xda 0xff 0x14 0x47 0xf7                                                                                  NOP;                                                        ST.SPIL cl2, [sp, #-236];     NOP
	  1212    0x80 0x00 0x00 0xd9 0xfe 0xe0 0x47 0xf7                                                                                  NOP;                                                        ST.SPIL cl1, [sp, #-288];     NOP
	  1220    0x80 0x00 0x00 0xd2 0xfe 0xac 0x47 0xf7                                                                                  NOP;                                                        ST.SPIL ch2, [sp, #-340];     NOP
	  1228    0x80 0x00 0x00 0xd0 0xfe 0x78 0x47 0xf7                                                                                  NOP;                                                        ST.SPIL ch0, [sp, #-392];     NOP
	  1236    0x80 0x00 0x00 0xd3 0xfe 0x14 0x47 0xf7                                                                                  NOP;                                                        ST.SPIL ch3, [sp, #-492];     NOP
	  1244    0x80 0x00 0x00 0xd1 0xfd 0xac 0x47 0xf7                                                                                  NOP;                                                        ST.SPIL ch1, [sp, #-596];     NOP
	  1252    0x80 0x00 0x00 0xdb 0xfd 0x44 0x47 0xf7                                                                                  NOP;                                                        ST.SPIL cl3, [sp, #-700];     NOP
	  1260    0x80 0x00 0x00 0xd8 0xfc 0xdc 0x47 0xf7                                                                                  NOP;                                                        ST.SPIL cl0, [sp, #-804];     NOP
	  1268    0x80 0x00 0x00 0xf3 0xfe 0x60 0x47 0xf7                                                                                  NOP;                                                        ST.SPIL r3, [sp, #-416];      NOP
	  1276    0x80 0x00 0x00 0xf3 0xfd 0xf8 0x47 0xf7                                                                                  NOP;                                                        ST.SPIL r3, [sp, #-520];      NOP
	  1284    0x80 0x00 0x00 0xf3 0xff 0x30 0x47 0xf7                                                                                  NOP;                                                        ST.SPIL r3, [sp, #-208];      NOP
	  1292    0x80 0x00 0x00 0xf3 0xfe 0xfc 0x47 0xf7                                                                                  NOP;                                                        ST.SPIL r3, [sp, #-260];      NOP
	  1300    0x80 0x00 0x00 0xf3 0xfe 0xc8 0x47 0xf7                                                                                  NOP;                                                        ST.SPIL r3, [sp, #-312];      NOP
	  1308    0x80 0x00 0x00 0xf3 0xfe 0x94 0x47 0xf7                                                                                  NOP;                                                        ST.SPIL r3, [sp, #-364];      NOP
	  1316    0x80 0x00 0x00 0xf3 0xfe 0x2c 0x47 0xf7                                                                                  NOP;                                                        ST.SPIL r3, [sp, #-468];      NOP
	  1324    0x80 0x00 0x00 0xd4 0xfd 0xc4 0x47 0xf7                                                                                  NOP;                                                        ST.SPIL ch4, [sp, #-572];     NOP
	  1332    0x80 0x00 0x00 0xd4 0xfd 0x5c 0x47 0xf7                                                                                  NOP;                                                        ST.SPIL ch4, [sp, #-676];     NOP
	  1340    0x80 0x00 0x00 0xd4 0xfc 0xf4 0x47 0xf7                                                                                  NOP;                                                        ST.SPIL ch4, [sp, #-780];     NOP
	  1348    0x80 0x00 0x00 0xf3 0xfe 0x64 0x47 0xf7                                                                                  NOP;                                                        ST.SPIL r3, [sp, #-412];      NOP
	  1356    0x80 0x00 0x00 0xf3 0xfd 0xfc 0x47 0xf7                                                                                  NOP;                                                        ST.SPIL r3, [sp, #-516];      NOP
	  1364    0x80 0x00 0x00 0xf3 0xff 0x34 0x47 0xf7                                                                                  NOP;                                                        ST.SPIL r3, [sp, #-204];      NOP
	  1372    0x80 0x00 0x00 0xf3 0xff 0x00 0x47 0xf7                                                                                  NOP;                                                        ST.SPIL r3, [sp, #-256];      NOP
	  1380    0x80 0x00 0x00 0xf3 0xfe 0xcc 0x47 0xf7                                                                                  NOP;                                                        ST.SPIL r3, [sp, #-308];      NOP
	  1388    0x80 0x00 0x00 0xf3 0xfe 0x98 0x47 0xf7                                                                                  NOP;                                                        ST.SPIL r3, [sp, #-360];      NOP
	  1396    0x80 0x00 0x00 0xf3 0xfe 0x30 0x47 0xf7                                                                                  NOP;                                                        ST.SPIL r3, [sp, #-464];      NOP
	  1404    0x80 0x00 0x00 0xd4 0xfd 0xc8 0x47 0xf7                                                                                  NOP;                                                        ST.SPIL ch4, [sp, #-568];     NOP
	  1412    0x80 0x00 0x00 0xd4 0xfd 0x60 0x47 0xf7                                                                                  NOP;                                                        ST.SPIL ch4, [sp, #-672];     NOP
	  1420    0x80 0x00 0x00 0xd4 0xfc 0xf8 0x47 0xf7                                                                                  NOP;                                                        ST.SPIL ch4, [sp, #-776];     NOP
	  1428    0xaf 0x94 0x50 0x03                                                              NOP;                                    ST r12, [p2], #4
	  1432    0x00 0x00 0x1b 0xc0 0x30 0x00 0x00 0x0f 0xbf 0xe4 0x44 0x3f                      NOP;                MOV.s9 r11, #1;     NOP;                                                        ST.SPIL r11, [sp, #-444];     NOP
	  1444    0x3e 0x00 0x00 0x00 0x10 0x00 0x00 0x0f 0x6f 0xdd 0xc4 0x3f                      MOV.s10 r6, #0;     NOP;                NOP;                                                        ST.SPIL r6, [sp, #-548];      NOP
	  1456    0x80 0x00 0x00 0xda 0xff 0x14 0x47 0xf7                                                                                  NOP;                                                        ST.SPIL cl2, [sp, #-236];     NOP
	  1464    0x80 0x00 0x00 0xd9 0xfe 0xe0 0x47 0xf7                                                                                  NOP;                                                        ST.SPIL cl1, [sp, #-288];     NOP
	  1472    0x80 0x00 0x00 0xd2 0xfe 0xac 0x47 0xf7                                                                                  NOP;                                                        ST.SPIL ch2, [sp, #-340];     NOP
	  1480    0x80 0x00 0x00 0xd0 0xfe 0x78 0x47 0xf7                                                                                  NOP;                                                        ST.SPIL ch0, [sp, #-392];     NOP
	  1488    0x80 0x00 0x00 0xd3 0xfe 0x10 0x47 0xf7                                                                                  NOP;                                                        ST.SPIL ch3, [sp, #-496];     NOP
	  1496    0x80 0x00 0x00 0xd1 0xfd 0xa8 0x47 0xf7                                                                                  NOP;                                                        ST.SPIL ch1, [sp, #-600];     NOP
	  1504    0x80 0x00 0x00 0xdb 0xfd 0x40 0x47 0xf7                                                                                  NOP;                                                        ST.SPIL cl3, [sp, #-704];     NOP
	  1512    0x80 0x00 0x00 0xd8 0xfc 0xd8 0x47 0xf7                                                                                  NOP;                                                        ST.SPIL cl0, [sp, #-808];     NOP
	  1520    0x80 0x00 0x00 0xed 0xff 0xb0 0x47 0xf7                                                                                  NOP;                                                        ST.SPIL p5, [sp, #-80];       NOP
	  1528    0x80 0x00 0x00 0xe8 0xff 0xc4 0x47 0xf7                                                                                  NOP;                                                        ST.SPIL p0, [sp, #-60];       NOP
.label TGT_F_main_1536
.loop_nesting 1
	  1536    0x00 0x00 0x33 0xdf 0x50 0x00 0x00 0x0c 0x74 0x7f 0x36 0x3f                      NOP;                LDB r3, [p2], #-4;  NOP;                                                        LDA.SPIL ch1, [sp, #-104];    NOP
	  1548    0x80 0x00 0x00 0xc7 0xbf 0xf3 0xe7 0xf7                                                                                  NOP;                                                        LDA.SPIL p7, [sp, #-100];     NOP
	  1556    0x80 0x00 0x00 0xc7 0x63 0xf4 0x67 0xf7                                                                                  NOP;                                                        LDA.SPIL cl0, [sp, #-96];     NOP
	  1564    0x80 0x00 0x00 0xc7 0xbb 0xf4 0xe7 0xf7                                                                                  NOP;                                                        LDA.SPIL p6, [sp, #-92];      NOP
	  1572    0x58 0xfa 0xb8 0x03                                                              NOP;                LDB lr, [sp, #-88]
	  1576    0x00 0x01                                                                        NOP
	  1578    0x00 0x01                                                                        NOP
	  1580    0x00 0x00 0x00 0x03                                                              NOP;                                                                  NOP
	  1584    0x80 0x00 0x00 0x80 0x60 0xab 0x07 0xf7                                                                                  NOP;                                                        BEQZ r3,#TGT_F_main_2736;     NOP
.delay_slot
	  1592    0x80 0x00 0x00 0xc7 0xb3 0xf6 0xe7 0xf7                                                                                  NOP;                                                        LDA.SPIL p4, [sp, #-76];      NOP
.delay_slot
	  1600    0x80 0x00 0x00 0xc7 0xaf 0xf7 0x67 0xf7                                                                                  NOP;                                                        LDA.SPIL p3, [sp, #-72];      NOP
.delay_slot
	  1608    0x80 0x00 0x00 0xc7 0x43 0xf8 0x67 0xf7                                                                                  NOP;                                                        LDA.SPIL ch0, [sp, #-64];     NOP
.delay_slot
	  1616    0x80 0x00 0x00 0xea 0xff 0x90 0x47 0xf7                                                                                  NOP;                                                        ST.SPIL p2, [sp, #-112];      NOP
.delay_slot
	  1624    0x80 0x00 0x00 0xf3 0xff 0x94 0x47 0xf7                                                                                  NOP;                                                        ST.SPIL r3, [sp, #-108];      NOP
	  1632    0x80 0x00 0x00 0xc7 0xab 0xf7 0xe7 0xf7                                                                                  NOP;                                                        LDA.SPIL p2, [sp, #-68];      NOP
	  1640    0x80 0x00 0x00 0xe9 0xff 0x88 0x47 0xf7                                                                                  NOP;                                                        ST.SPIL p1, [sp, #-120];      NOP
	  1648    0x80 0x00 0x00 0xd1 0xff 0x74 0x47 0xf7                                                                                  NOP;                                                        ST.SPIL ch1, [sp, #-140];     NOP
	  1656    0x80 0x00 0x00 0xec 0xff 0x50 0x47 0xf7                                                                                  NOP;                                                        ST.SPIL p4, [sp, #-176];      NOP
	  1664    0x80 0x00 0x00 0xeb 0xff 0x48 0x47 0xf7                                                                                  NOP;                                                        ST.SPIL p3, [sp, #-184];      NOP
	  1672    0x80 0x00 0x00 0xd0 0xff 0x8c 0x47 0xf7                                                                                  NOP;                                                        ST.SPIL ch0, [sp, #-116];     NOP
	  1680    0x80 0x00 0x00 0xef 0xff 0x78 0x47 0xf7                                                                                  NOP;                                                        ST.SPIL p7, [sp, #-136];      NOP
	  1688    0x80 0x00 0x00 0xd8 0xff 0x7c 0x47 0xf7                                                                                  NOP;                                                        ST.SPIL cl0, [sp, #-132];     NOP
	  1696    0x80 0x00 0x00 0xea 0xff 0x58 0x47 0xf7                                                                                  NOP;                                                        ST.SPIL p2, [sp, #-168];      NOP
	  1704    0x80 0x00 0x00 0xee 0xff 0x80 0x47 0xf7                                                                                  NOP;                                                        ST.SPIL p6, [sp, #-128];      NOP
	  1712    0x00 0x00 0x00 0x00 0x10 0x00 0x00 0x0c 0x8f 0xf8 0x44 0x80 0x00 0x00 0x00 0x00  NOP;                NOP;                NOP;                          NOP;                          ST.SPIL lr, [sp, #-124];      NOP;                                    NOP
.label TGT_F_main_1728
.loop_nesting 2
	  1728    0x14 0x02 0x30 0x03                                                              NOP;                                                                  ACQ r2, #1, r0
	  1732    0x00 0x01                                                                        NOP
	  1734    0x00 0x01                                                                        NOP
	  1736    0x00 0x01                                                                        NOP
	  1738    0x14 0x07 0x30 0x03                                                              NOP;                                                                  ACQ r7, #1, r0
	  1742    0x00 0x01                                                                        NOP
	  1744    0x00 0x01                                                                        NOP
	  1746    0x00 0x01                                                                        NOP
	  1748    0x14 0x08 0x30 0x03                                                              NOP;                                                                  ACQ r8, #1, r0
	  1752    0x00 0x01                                                                        NOP
	  1754    0x00 0x01                                                                        NOP
	  1756    0x00 0x01                                                                        NOP
	  1758    0x14 0x0f 0x30 0x03                                                              NOP;                                                                  ACQ r15, #1, r0
	  1762    0x00 0x01                                                                        NOP
	  1764    0x00 0x01                                                                        NOP
	  1766    0x00 0x01                                                                        NOP
	  1768    0x14 0x06 0x30 0x03                                                              NOP;                                                                  ACQ r6, #1, r0
	  1772    0x00 0x01                                                                        NOP
	  1774    0x00 0x01                                                                        NOP
	  1776    0x00 0x01                                                                        NOP
	  1778    0x14 0x09 0x30 0x03                                                              NOP;                                                                  ACQ r9, #1, r0
	  1782    0x00 0x01                                                                        NOP
	  1784    0x00 0x01                                                                        NOP
	  1786    0x00 0x01                                                                        NOP
	  1788    0x14 0x01 0x30 0x03                                                              NOP;                                                                  ACQ r1, #1, r0
	  1792    0x00 0x01                                                                        NOP
	  1794    0x00 0x01                                                                        NOP
	  1796    0x00 0x01                                                                        NOP
	  1798    0x14 0xcd 0x30 0x03                                                              NOP;                                                                  ACQ r13, #1, r12
	  1802    0x00 0x01                                                                        NOP
	  1804    0x00 0x01                                                                        NOP
	  1806    0x00 0x01                                                                        NOP
	  1808    0x14 0xce 0x30 0x03                                                              NOP;                                                                  ACQ r14, #1, r12
	  1812    0x00 0x01                                                                        NOP
	  1814    0x00 0x01                                                                        NOP
	  1816    0x00 0x01                                                                        NOP
	  1818    0x14 0xc5 0x30 0x03                                                              NOP;                                                                  ACQ r5, #1, r12
	  1822    0x00 0x01                                                                        NOP
	  1824    0x00 0x01                                                                        NOP
	  1826    0x00 0x01                                                                        NOP
	  1828    0x14 0xca 0x30 0x03                                                              NOP;                                                                  ACQ r10, #1, r12
	  1832    0x00 0x01                                                                        NOP
	  1834    0x00 0x01                                                                        NOP
	  1836    0x00 0x01                                                                        NOP
	  1838    0x14 0xc4 0x30 0x03                                                              NOP;                                                                  ACQ r4, #1, r12
.swstall mem_acquire0
	  1842    0x00 0x01                                                                        NOP
.swstall mem_acquire0
	  1844    0x00 0x01                                                                        NOP
.swstall mem_acquire0
	  1846    0x00 0x01                                                                        NOP
	  1848    0x80 0x00 0x00 0xc8 0xff 0xf8 0x47 0xf7                                                                                  NOP;                                                        ST.SPIL lr, [sp, #-8];        NOP
	  1856    0x80 0x00 0x00 0xef 0xff 0xec 0x47 0xf7                                                                                  NOP;                                                        ST.SPIL p7, [sp, #-20];       NOP
	  1864    0xad 0xdf 0xe8 0xa0 0x20 0x00 0x07 0xf7                                                                                  ST p6, [sp, #-12];                                          JAL #hdiff_flux1;             NOP
.delay_slot
	  1872    0x5a 0x7f 0xf0 0x00 0x00 0x24 0x5e 0xf7                                                                                  ST p1, [sp, #-4];             NOP;                          MOV p7, cl0
.delay_slot
	  1880    0x0d 0xb7 0x18 0x03                                                              NOP;                                                                                                MOV p6, p5
.delay_slot
	  1884    0x5b 0xff 0xc0 0x00 0x00 0x20 0xde 0xf7                                                                                  ST p7, [sp, #-16];            NOP;                          MOV p7, ch1
.delay_slot
	  1892    0x5b 0xff 0xa0 0x00 0x00 0x20 0x52 0xf7                                                                                  ST p7, [sp, #-24];            NOP;                          MOV p1, ch0
.delay_slot
	  1900    0x0d 0x17 0x98 0x03                                                              NOP;                                                                                                MOV p7, p0
.return_address
	  1904    0x00 0x00 0x30 0x1f 0x48 0x00 0x78 0x77                                          NOP;                                                                  MOV.s12 r12, #0;              MOV.s8 r13, #1
	  1912    0x00 0x01                                                                        NOP
	  1914    0x00 0x01                                                                        NOP
	  1916    0x80 0x00 0x00 0xc7 0xe7 0xe8 0xe7 0xf7                                                                                  NOP;                                                        LDA.SPIL r9, [sp, #-188];     NOP
	  1924    0x80 0x00 0x00 0xc7 0xcb 0xe8 0x67 0xf7                                                                                  NOP;                                                        LDA.SPIL r2, [sp, #-192];     NOP
	  1932    0x80 0x00 0x00 0xc7 0xdf 0xe9 0xe7 0xf7                                                                                  NOP;                                                        LDA.SPIL r7, [sp, #-180];     NOP
	  1940    0x80 0x00 0x00 0xc7 0xd7 0xea 0xe7 0xf7                                                                                  NOP;                                                        LDA.SPIL r5, [sp, #-172];     NOP
	  1948    0x80 0x00 0x00 0xc7 0xff 0xee 0x67 0xf7                                                                                  NOP;                                                        LDA.SPIL r15, [sp, #-144];    NOP
	  1956    0x80 0x00 0x00 0xc7 0xfb 0xeb 0xe7 0xf7                                                                                  NOP;                                                        LDA.SPIL r14, [sp, #-164];    NOP
	  1964    0x80 0x00 0x00 0xc7 0xe3 0xec 0x67 0xf7                                                                                  NOP;                                                        LDA.SPIL r8, [sp, #-160];     NOP
	  1972    0x80 0x00 0x00 0xc7 0xdb 0xec 0xe7 0xf7                                                                                  NOP;                                                        LDA.SPIL r6, [sp, #-156];     NOP
	  1980    0x16 0xc9 0x30 0x03                                                              NOP;                                                                  REL r9, #1, r12
	  1984    0x80 0x00 0x00 0xc7 0xe7 0xed 0xe7 0xf7                                                                                  NOP;                                                        LDA.SPIL r9, [sp, #-148];     NOP
	  1992    0x80 0x00 0x00 0xc7 0xc7 0xed 0x67 0xf7                                                                                  NOP;                                                        LDA.SPIL r1, [sp, #-152];     NOP
	  2000    0x00 0x01                                                                        NOP
	  2002    0x16 0xc2 0x30 0x03                                                              NOP;                                                                  REL r2, #1, r12
	  2006    0x00 0x01                                                                        NOP
	  2008    0x00 0x01                                                                        NOP
	  2010    0x00 0x01                                                                        NOP
	  2012    0x16 0xc7 0x30 0x03                                                              NOP;                                                                  REL r7, #1, r12
	  2016    0x00 0x01                                                                        NOP
	  2018    0x00 0x01                                                                        NOP
	  2020    0x00 0x01                                                                        NOP
	  2022    0x16 0xc5 0x30 0x03                                                              NOP;                                                                  REL r5, #1, r12
	  2026    0x00 0x01                                                                        NOP
	  2028    0x00 0x01                                                                        NOP
	  2030    0x00 0x01                                                                        NOP
	  2032    0x16 0xcf 0x30 0x03                                                              NOP;                                                                  REL r15, #1, r12
	  2036    0x00 0x01                                                                        NOP
	  2038    0x00 0x01                                                                        NOP
	  2040    0x00 0x01                                                                        NOP
	  2042    0x16 0xce 0x30 0x03                                                              NOP;                                                                  REL r14, #1, r12
	  2046    0x00 0x01                                                                        NOP
	  2048    0x00 0x01                                                                        NOP
	  2050    0x00 0x01                                                                        NOP
	  2052    0x16 0xc8 0x30 0x03                                                              NOP;                                                                  REL r8, #1, r12
	  2056    0x00 0x01                                                                        NOP
	  2058    0x00 0x01                                                                        NOP
	  2060    0x00 0x01                                                                        NOP
	  2062    0x16 0xd6 0x30 0x03                                                              NOP;                                                                  REL r6, #1, r13
	  2066    0x00 0x01                                                                        NOP
	  2068    0x00 0x01                                                                        NOP
	  2070    0x00 0x01                                                                        NOP
	  2072    0x16 0xd9 0x30 0x03                                                              NOP;                                                                  REL r9, #1, r13
	  2076    0x00 0x01                                                                        NOP
	  2078    0x00 0x01                                                                        NOP
	  2080    0x00 0x01                                                                        NOP
	  2082    0x16 0xd1 0x30 0x03                                                              NOP;                                                                  REL r1, #1, r13
	  2086    0x00 0x01                                                                        NOP
	  2088    0x00 0x01                                                                        NOP
	  2090    0x00 0x01                                                                        NOP
	  2092    0x16 0xda 0x30 0x03                                                              NOP;                                                                  REL r10, #1, r13
	  2096    0xef 0x05                                                                        MOV r0, r11
	  2098    0x00 0x01                                                                        NOP
	  2100    0x00 0x01                                                                        NOP
	  2102    0x16 0xd4 0x30 0x03                                                              NOP;                                                                  REL r4, #1, r13
	  2106    0x69 0xf8 0xdd 0xc4 0xe8 0x05 0x6f 0x02 0x4f 0xf2 0x5f 0x9f                      LDA p1, [sp, #-116];MOV.s9 r13, #39;    PADDS [p7], #24;              MOV.s12 r15, #36;             MOV.s8 r14, #37
	  2118    0x6a 0xf5 0x9a 0xc5 0x68 0x05 0x6c 0x7f 0xfb 0xb2 0x6f 0xdf                      LDA p2, [sp, #-168];MOV.s9 r10, #43;    PADDS [p6], #24;              ITE_NEZ r14, r14, r15, r0;    MOV.s8 r15, #38
	  2130    0x6d 0xf7 0xdd 0xc5 0x43 0xff 0xaa 0x04 0x0f 0xc0 0x00 0x3f                      LDA p5, [sp, #-132];MOV.s9 r13, #42;                                  ITE_NEZ r5, r13, r15, r0;     MOV.u20 r15, #buf2d;          NOP
	  2142    0x6c 0xf5 0x11 0xc6 0xa3 0xfb 0x48 0x04 0x0f 0x40 0x00 0x3f                      LDA p4, [sp, #-176];MOV.s9 r1, #53;                                   ITE_NEZ r4, r10, r13, r0;     MOV.u20 r13, #buf2;           NOP
	  2154    0x6b 0xf4 0x97 0xc6 0x83 0xdf 0xba 0x04 0x0f 0xc0 0x00 0x3f                      LDA p3, [sp, #-184];MOV.s9 r7, #52;                                   ITE_EQZ r13, r13, r15, r0;    MOV.u20 r15, #buf4d;          NOP
.noswbrkpt
	  2166    0x6f 0xf7 0x40 0x00 0x10 0x00 0x00 0x04 0x0e 0x80 0x00 0x3f                      LDA p7, [sp, #-140];NOP;                NOP;                                                        MOV.u20 r10, #buf4;           NOP
.nohwbrkpt
.noswbrkpt
	  2178    0x5d 0x7d 0xa3 0xdf 0x54 0x37 0xd0 0xf7                                                                                  ST r5, [sp, #-152];           ITE_EQZ r10, r10, r15, r0;    MOV p0, p7
	  2186    0xaf 0xb7 0x40 0x40 0xfc 0x00 0x07 0xf7                                                                                  ST r13, [p0], #-12;                                         MOV.u20 r15, #buf6;           NOP
	  2194    0x08 0xac 0x40 0x00 0x15 0xf6 0xf8 0x04 0x0e 0x00 0x00 0x3f                      PADDA [p1], #24;    NOP;                ST r13, [p0], #-4;                                          MOV.u20 r8, #buf14;           NOP
	  2206    0x08 0xac 0x80 0x00 0x15 0xf6 0xf0 0x04 0x0f 0x40 0x00 0x3f                      PADDA [p2], #24;    NOP;                ST r13, [p0], #-8;                                          MOV.u20 r13, #buf6d;          NOP
	  2218    0x08 0xad 0x4f 0xfe 0xfa 0xf5 0x74 0xb7                                          PADDA [p5], #24;                        ST r10, [p1], #-12;           ITE_NEZ r15, r13, r15, r0
.noswbrkpt
	  2226    0x08 0xad 0x23 0xfc 0x55 0xea 0xf9 0x04 0x0f 0x40 0x00 0x3f                      PADDA [p4], #24;    LDB p1, [sp, #-120];ST r10, [p1], #-4;                                          MOV.u20 r13, #buf9d;          NOP
.nohwbrkpt
.noswbrkpt
	  2238    0x08 0xac 0xc0 0x00 0x15 0xea 0xf1 0x04 0x0e 0x80 0x00 0x3f                      PADDA [p3], #24;    NOP;                ST r10, [p1], #-8;                                          MOV.u20 r10, #buf14d;         NOP
.nohwbrkpt
.noswbrkpt
	  2250    0x08 0xad 0xcf 0x54 0x52 0xff 0x75 0x37                                          PADDA [p7], #24;                        ST r15, [p2], #-12;           ITE_EQZ r10, r8, r10, r0
.nohwbrkpt
.noswbrkpt
	  2258    0xad 0x3f 0x18 0x40 0xec 0x00 0x07 0xf7                                                                                  ST p1, [sp, #-116];                                         MOV.u20 r11, #buf9;           NOP
.nohwbrkpt
.noswbrkpt
	  2266    0x00 0x00 0x1b 0xc5 0x2b 0xfd 0xf4 0x7e 0xf7 0x46 0x90 0x1f                      NOP;                MOV.s9 r11, #41;    ST r15, [p2], #-4;            ITE_NEZ r13, r13, r11, r0;    MOV ch0, p1
	  2278    0xaf 0xf7 0x90 0x40 0xfc 0x00 0x07 0xf7                                                                                  ST r15, [p2], #-8;                                          MOV.u20 r15, #buf8d;          NOP
.noswbrkpt
	  2286    0x6e 0xf8 0x40 0x00 0x15 0xea 0xed 0x04 0x0e 0x00 0x00 0x3f                      LDA p6, [sp, #-124];NOP;                ST r10, [p5], #-12;                                         MOV.u20 r8, #buf8;            NOP
.nohwbrkpt
.noswbrkpt
	  2298    0x5e 0xaf 0xd3 0xdf 0x1f 0x94 0x70 0xf7                                                                                  ST r10, [p5], #-4;            ITE_EQZ r15, r8, r15, r0;     MOV.s8 r8, #40
.nohwbrkpt
.noswbrkpt
	  2306    0x08 0xac 0x4f 0x5c 0x52 0xf5 0x7a 0xb7                                          PADDA [p1], #24;                        ST r10, [p5], #-8;            ITE_EQZ r10, r8, r11, r0
.nohwbrkpt
.noswbrkpt
	  2314    0xaf 0xb7 0x60 0x40 0xec 0x00 0x07 0xf7                                                                                  ST r13, [p4], #-12;                                         MOV.u20 r11, #buf15d;         NOP
.nohwbrkpt
.noswbrkpt
	  2322    0x5f 0x6f 0xc0 0x00 0x00 0x36 0x90 0xf7                                                                                  ST r13, [p4], #-4;            NOP;                          MOV cl0, p5
.nohwbrkpt
.noswbrkpt
	  2330    0xad 0xbe 0xf8 0x40 0xe0 0x00 0x07 0xf7                                                                                  ST p5, [sp, #-132];                                         MOV.u20 r8, #buf15;           NOP
.nohwbrkpt
.noswbrkpt
	  2338    0x5f 0xee 0xb3 0xd7 0x16 0x37 0x5a 0xf7                                                                                  ST r15, [p3], #-12;           ITE_EQZ r11, r8, r11, r0;     MOV p5, p6
	  2346    0xaf 0xb7 0xa0 0x40 0xf4 0x00 0x07 0xf7                                                                                  ST r13, [p4], #-8;                                          MOV.u20 r13, #buf11d;         NOP
	  2354    0x08 0xad 0x80 0x00 0x15 0xfe 0xfb 0x04 0x0e 0x00 0x00 0x3f                      PADDA [p6], #24;    NOP;                ST r15, [p3], #-4;                                          MOV.u20 r8, #buf11;           NOP
	  2366    0x00 0x00 0x0f 0x6c 0x7a 0xff 0x79 0xb7                                          NOP;                                    ST r15, [p3], #-8;            ITE_EQZ r15, r8, r13, r0
	  2374    0xaf 0xf7 0x48 0x40 0xf4 0x00 0x07 0xf7                                                                                  ST r15, [p1], #-12;                                         MOV.u20 r13, #buf10d;         NOP
.noswbrkpt
	  2382    0x00 0x00 0x38 0xfc 0xb5 0xfe 0xf9 0x04 0x0e 0x00 0x00 0x3f                      NOP;                LDB r8, [sp, #-108];ST r15, [p1], #-4;                                          MOV.u20 r8, #buf10;           NOP
.nohwbrkpt
.noswbrkpt
	  2394    0x1e 0xd8 0xd0 0x40 0xe0 0x00 0x07 0xf7                                                                                                                ITE_EQZ r13, r8, r13, r0;     MOV.u20 r8, #buf16d;          NOP
.nohwbrkpt
.noswbrkpt
	  2402    0x6f 0xf7 0x80 0x00 0x15 0xf6 0xed 0x04 0x0e 0x40 0x00 0x3f                      LDA p7, [sp, #-136];NOP;                ST r13, [p5], #-12;                                         MOV.u20 r9, #buf16;           NOP
.nohwbrkpt
.noswbrkpt
	  2414    0xaf 0xb7 0xe8 0x40 0xd8 0x00 0x07 0xf7                                                                                  ST r13, [p5], #-4;                                          MOV.u20 r6, #buf13;           NOP
.nohwbrkpt
.noswbrkpt
	  2422    0x00 0x00 0x0f 0xcc 0x6a 0xfb 0x7a 0xb7                                          NOP;                                    ST r13, [p5], #-8;            ITE_NEZ r13, r8, r9, r0
.nohwbrkpt
.noswbrkpt
	  2430    0x6e 0xf8 0x00 0x00 0x15 0xf6 0xef 0x04 0x0e 0x00 0x00 0x3f                      LDA p6, [sp, #-128];NOP;                ST r13, [p7], #-12;                                         MOV.u20 r8, #buf12d;          NOP
.nohwbrkpt
.noswbrkpt
	  2442    0xaf 0xb7 0xf8 0x40 0xe4 0x00 0x07 0xf7                                                                                  ST r13, [p7], #-4;                                          MOV.u20 r9, #buf12;           NOP
.nohwbrkpt
.noswbrkpt
	  2450    0x00 0x00 0x0f 0xcc 0x6a 0xfb 0x7b 0xb7                                          NOP;                                    ST r13, [p7], #-8;            ITE_NEZ r13, r8, r9, r0
.nohwbrkpt
.noswbrkpt
	  2458    0xaf 0xb7 0x70 0x40 0xe4 0x00 0x07 0xf7                                                                                  ST r13, [p6], #-12;                                         MOV.u20 r9, #buf13d;          NOP
.nohwbrkpt
.noswbrkpt
	  2466    0x5f 0x6f 0xe3 0xd2 0xcc 0x37 0x82 0xf7                                                                                  ST r13, [p6], #-4;            ITE_EQZ r6, r6, r9, r0;       MOV ch1, p7
.nohwbrkpt
.noswbrkpt
	  2474    0x08 0xad 0xc0 0x00 0x0b 0xed 0xec 0xee 0x32 0x72 0x2f 0x5f                      PADDA [p7], #24;    NOP;                ST r13, [p6], #-8;            LT r9, r12, r8;               MOV.s8 r13, #34
.nohwbrkpt
.noswbrkpt
	  2486    0x00 0x00 0x19 0xc6 0xeb 0xfd 0xe2 0xc6 0x60 0xf2 0x3e 0x1f                      NOP;                MOV.s9 r9, #55;     ST r15, [p1], #-8;            SUB r3, r8, r9;               MOV.s8 r8, #35
.nohwbrkpt
.noswbrkpt
	  2498    0x5b 0xbe 0x13 0xfb 0x1b 0x9b 0x70 0xf7                                                                                  ST p6, [sp, #-124];           ITE_NEZ r13, r8, r13, r0;     MOV.s8 r8, #54
	  2506    0x08 0xad 0xac 0x7c 0x2b 0xdd 0xde 0x7d 0xc7 0xf1 0x2c 0x5f                      PADDA [p6], #24;    LDB lr, [sp, #-124];ST r11, [p7], #-12;           ITE_NEZ r15, r1, r7, r0;      MOV.s8 r1, #18
	  2518    0x5e 0xef 0xf3 0xd3 0x13 0x89 0xf0 0xf7                                                                                  ST r11, [p7], #-4;            ITE_EQZ r9, r8, r9, r0;       MOV.s8 r8, #19
	  2526    0xae 0xd7 0x70 0x03                                                              NOP;                                    ST r6, [p6], #-12
	  2530    0xae 0xd7 0xf0 0x03                                                              NOP;                                    ST r6, [p6], #-4
	  2534    0x00 0x00 0x0d 0x38 0x32 0xed 0x7b 0x37                                          NOP;                                    ST r6, [p6], #-8;             NEZ r6, r0
	  2542    0xaf 0x77 0xb8 0x03                                                              NOP;                                    ST r11, [p7], #-8
	  2546    0x80 0x00 0x00 0xd1 0xff 0x74 0x47 0xf7                                                                                  NOP;                                                        ST.SPIL ch1, [sp, #-140];     NOP
	  2554    0x80 0x00 0x00 0xf3 0xff 0x94 0x47 0xf7                                                                                  NOP;                                                        ST.SPIL r3, [sp, #-108];      NOP
	  2562    0x80 0x00 0x00 0xea 0xff 0x58 0x47 0xf7                                                                                  NOP;                                                        ST.SPIL p2, [sp, #-168];      NOP
	  2570    0x80 0x00 0x00 0xeb 0xff 0x48 0x47 0xf7                                                                                  NOP;                                                        ST.SPIL p3, [sp, #-184];      NOP
	  2578    0x80 0x00 0x00 0xec 0xff 0x50 0x47 0xf7                                                                                  NOP;                                                        ST.SPIL p4, [sp, #-176];      NOP
	  2586    0x80 0x00 0x00 0xe9 0xff 0x88 0x47 0xf7                                                                                  NOP;                                                        ST.SPIL p1, [sp, #-120];      NOP
	  2594    0x80 0x00 0x00 0xee 0xff 0x80 0x47 0xf7                                                                                  NOP;                                                        ST.SPIL p6, [sp, #-128];      NOP
	  2602    0x80 0x00 0x00 0xef 0xff 0x78 0x47 0xf7                                                                                  NOP;                                                        ST.SPIL p7, [sp, #-136];      NOP
	  2610    0x80 0x00 0x00 0xfe 0xff 0x6c 0x47 0xf7                                                                                  NOP;                                                        ST.SPIL r14, [sp, #-148];     NOP
	  2618    0x80 0x00 0x00 0xfd 0xff 0x64 0x47 0xf7                                                                                  NOP;                                                        ST.SPIL r13, [sp, #-156];     NOP
	  2626    0x80 0x00 0x00 0xf6 0xff 0x70 0x47 0xf7                                                                                  NOP;                                                        ST.SPIL r6, [sp, #-144];      NOP
	  2634    0xaf 0xfe 0xa8 0x90 0x60 0x6c 0x07 0xf7                                                                                  ST r15, [sp, #-172];                                        BNEZ r3,#TGT_F_main_1728;     NOP
.delay_slot
	  2642    0x00 0x00 0x12 0xc0 0x4b 0xcf 0xae 0x7c 0x62 0x33 0x8c 0x5f                      NOP;                MOV.s9 r2, #2;      ST r9, [sp, #-164];           ITE_NEZ r8, r8, r1, r0;       MOV.s8 r1, #56
.delay_slot
	  2654    0x00 0x00 0x17 0xc2 0x2b 0xc7 0xa6 0x7c 0x48 0x71 0x0e 0xdf                      NOP;                MOV.s9 r7, #17;     ST r8, [sp, #-180];           ITE_NEZ r1, r2, r1, r0;       MOV.s8 r11, #16
.delay_slot
	  2666    0x00 0x00 0x17 0xc4 0x0b 0x8f 0xb0 0x79 0xec 0xb2 0x1e 0xdf                      NOP;                MOV.s9 r7, #32;     ST r1, [sp, #-160];           ITE_EQZ r2, r11, r7, r0;      MOV.s8 r11, #33
.delay_slot
	  2678    0x5c 0xbd 0x13 0xef 0x6f 0x80 0xf6 0xf7                                                                                  ST r2, [sp, #-188];           ITE_NEZ r7, r11, r7, r0;      MOV.s8 r11, #1
.delay_slot
	  2686    0x5d 0xfd 0x06 0x21 0x77 0x80 0xe0 0xf7                                                                                  ST r7, [sp, #-192];           SUB r11, r11, r0;             MOV.s8 r0, #1
.loop_nesting 1
	  2694    0x80 0x00 0x00 0xa0 0x00 0xac 0x07 0xf7                                                                                  NOP;                                                        J #TGT_F_main_2752;           NOP
.delay_slot
	  2702    0x80 0x00 0x00 0xc7 0xab 0xf2 0x67 0xf7                                                                                  NOP;                                                        LDA.SPIL p2, [sp, #-112];     NOP
.delay_slot
	  2710    0x80 0x00 0x00 0xc7 0xa7 0xf5 0xe7 0xf7                                                                                  NOP;                                                        LDA.SPIL p1, [sp, #-84];      NOP
.delay_slot
	  2718    0x80 0x00 0x00 0xc7 0xb7 0xf6 0x67 0xf7                                                                                  NOP;                                                        LDA.SPIL p5, [sp, #-80];      NOP
.delay_slot
	  2726    0x80 0x00 0x00 0xc7 0xa3 0xf8 0xe7 0xf7                                                                                  NOP;                                                        LDA.SPIL p0, [sp, #-60];      NOP
.delay_slot
.swstall delay_slot
	  2734    0x00 0x01                                                                        NOP
.label TGT_F_main_2736
	  2736    0x00 0x00 0x00 0x00 0x10 0x00 0x00 0x0c 0x7a 0xbf 0x26 0x80 0x00 0x00 0x00 0x00  NOP;                NOP;                NOP;                          NOP;                          LDA.SPIL p2, [sp, #-112];     NOP;                                    NOP
.label TGT_F_main_2752
.swstall chess_separator_scheduler
	  2752    0x00 0x01                                                                        NOP
.swstall chess_separator_scheduler
	  2754    0x00 0x01                                                                        NOP
.swstall chess_separator_scheduler
	  2756    0x00 0x01                                                                        NOP
.swstall chess_separator_scheduler
	  2758    0x00 0x01                                                                        NOP
.swstall chess_separator_scheduler
	  2760    0x00 0x01                                                                        NOP
.swstall chess_separator_scheduler
	  2762    0x00 0x01                                                                        NOP
.swstall chess_separator_scheduler
	  2764    0x00 0x01                                                                        NOP
.swstall chess_separator_scheduler
	  2766    0x00 0x01                                                                        NOP
	  2768    0x04 0x00 0x20 0x03                                                              NOP;                                                                  EVENT #2
.swstall chess_separator_scheduler
	  2772    0x00 0x01                                                                        NOP
.swstall chess_separator_scheduler
	  2774    0x00 0x01                                                                        NOP
.swstall chess_separator_scheduler
	  2776    0x00 0x01                                                                        NOP
.swstall chess_separator_scheduler
	  2778    0x00 0x01                                                                        NOP
.swstall chess_separator_scheduler
	  2780    0x00 0x01                                                                        NOP
	  2782    0x73 0xa2 0x80 0x00 0x00 0x00 0x00 0x37                                          LDA r3, [p2], #4;                       NOP;                          NOP
	  2790    0x00 0x01                                                                        NOP
	  2792    0x00 0x01                                                                        NOP
	  2794    0x00 0x01                                                                        NOP
	  2796    0x00 0x01                                                                        NOP
	  2798    0x00 0x01                                                                        NOP
	  2800    0x00 0x01                                                                        NOP
	  2802    0x00 0x01                                                                        NOP
	  2804    0x3a 0x3c 0x30 0x03                                                              NOP;                                                                  GE r3, r12, r3
	  2808    0x80 0x00 0x00 0x90 0x60 0x60 0x07 0xf7                                                                                  NOP;                                                        BNEZ r3,#TGT_F_main_1536;     NOP
.delay_slot
.swstall delay_slot
	  2816    0x00 0x01                                                                        NOP
.delay_slot
.swstall delay_slot
	  2818    0x00 0x01                                                                        NOP
.delay_slot
.swstall delay_slot
	  2820    0x00 0x01                                                                        NOP
.delay_slot
.swstall delay_slot
	  2822    0x00 0x01                                                                        NOP
.delay_slot
.swstall delay_slot
	  2824    0x00 0x01                                                                        NOP
.loop_nesting 0
	  2826    0x7a 0xfc 0xf0 0x0c 0x0e 0x60 0x40 0x77                                          LDA r10, [sp, #-52];                                                  MOV.s12 m0, #-832;            MOV.s8 r0, #0
	  2834    0x80 0x00 0x00 0xc7 0xef 0xf9 0x67 0xf7                                                                                  NOP;                                                        LDA.SPIL r11, [sp, #-56];     NOP
	  2842    0x80 0x00 0x00 0xc7 0xd3 0xfb 0x67 0xf7                                                                                  NOP;                                                        LDA.SPIL r4, [sp, #-40];      NOP
	  2850    0x80 0x00 0x00 0xc7 0xbb 0xfa 0xe7 0xf7                                                                                  NOP;                                                        LDA.SPIL p6, [sp, #-44];      NOP
	  2858    0x80 0x00 0x00 0xc7 0xbf 0xfa 0x67 0xf7                                                                                  NOP;                                                        LDA.SPIL p7, [sp, #-48];      NOP
	  2866    0x58 0xfd 0xf8 0x03                                                              NOP;                LDB lr, [sp, #-36]
	  2870    0x08 0x90 0x00 0x00 0x00 0x00 0x00 0x37                                          PADDA [sp], m0;                         NOP;                          NOP
	  2878    0x00 0x01                                                                        NOP
	  2880    0x00 0x01                                                                        NOP
	  2882    0x00 0x01                                                                        NOP
	  2884    0x00 0x01                                                                        NOP
	  2886    0x00 0x01                                                                        NOP
	  2888    0x00 0x01                                                                        NOP
	  2890    0x00 0x01                                                                        NOP
.end_of_main
	  2892    0x01 0x01                                                                        RET lr
.delay_slot
.swstall delay_slot
	  2894    0x00 0x01                                                                        NOP
.delay_slot
.swstall delay_slot
	  2896    0x00 0x01                                                                        NOP
.delay_slot
.swstall delay_slot
	  2898    0x00 0x01                                                                        NOP
.delay_slot
.swstall delay_slot
	  2900    0x00 0x01                                                                        NOP
.label _main__end last
.label _main___func_end0 last
.delay_slot
.swstall delay_slot
	  2902    0x00 0x01                                                                        NOP

.undef global data main

.undef global data buf2

.undef global data buf2d

.undef global data buf4

.undef global data buf4d

.undef global data buf6

.undef global data buf6d

.undef global data buf8

.undef global data buf8d

.undef global data buf9

.undef global data buf9d

.undef global data buf10

.undef global data buf10d

.undef global data buf11

.undef global data buf11d

.undef global data buf12

.undef global data buf12d

.undef global data buf13

.undef global data buf13d

.undef global data buf14

.undef global data buf14d

.undef global data buf15

.undef global data buf15d

.undef global data buf16

.undef global data buf16d

.undef global text hdiff_flux1

